#
# A fatal error has been detected by the Java Runtime Environment:
#
#  SIGSEGV (0xb) at pc=0x00007fff2040e4af, pid=3811, tid=0x0000000000000e03
#
# JRE version: OpenJDK Runtime Environment (8.0_242-b08) (build 1.8.0_242-b08)
# Java VM: OpenJDK 64-Bit Server VM (25.242-b08 mixed mode bsd-amd64 compressed oops)
# Problematic frame:
# C  [libobjc.A.dylib+0x84af]  objc_release+0x1f
#
# Failed to write core dump. Core dumps have been disabled. To enable core dumping, try "ulimit -c unlimited" before starting Java again
#
# If you would like to submit a bug report, please visit:
#   http://bugreport.java.com/bugreport/crash.jsp
# The crash happened outside the Java Virtual Machine in native code.
# See problematic frame for where to report the bug.
#

---------------  T H R E A D  ---------------

Current thread (0x00007fbffa010000):  JavaThread "Client thread" [_thread_in_native, id=3587, stack(0x0000700003283000,0x0000700003383000)]

siginfo: si_signo: 11 (SIGSEGV), si_code: 1 (SEGV_MAPERR), si_addr: 0x0000000000000020

Registers:
RAX=0x3000000000000000, RBX=0x0000000000000001, RCX=0x0000000000000000, RDX=0x0000000000000006
RSP=0x0000700003381868, RBP=0x00007000033818a0, RSI=0x00007fc001897b50, RDI=0x00007fc000fc6500
R8 =0x00007fc005769a60, R9 =0x000000000000001f, R10=0x000000013bbbec68, R11=0x00007fff22e3310a
R12=0x00007fc000fc6500, R13=0xa3a3a3a3a3a3a3a3, R14=0x00007fbff985d080, R15=0x00007fbff985d000
RIP=0x00007fff2040e4af, EFLAGS=0x0000000000010246, ERR=0x0000000000000004
  TRAPNO=0x000000000000000e

Top of Stack: (sp=0x0000700003381868)
0x0000700003381868:   00007fff2042c20f db3a7d2a9f750000
0x0000700003381878:   00007fbff985d000 0000000000000000
0x0000700003381888:   000000013c5c1898 00007fff7bb5c857
0x0000700003381898:   00007fbffa010000 00007000033818c0
0x00007000033818a8:   00007fff2040ee30 db3a7d2a9f750014
0x00007000033818b8:   00007fbff985d080 00007000033818e0
0x00007000033818c8:   00007fff20628a86 db3a7d2a9f750014
0x00007000033818d8:   00007fbff97c7020 0000700003381920
0x00007000033818e8:   00007fff213b2333 0000700003381920
0x00007000033818f8:   000000013bb96e0f 000000013c5c18a0
0x0000700003381908:   db3a7d2a9f750014 000000013c5c18a0
0x0000700003381918:   00007000033819a8 0000700003381980
0x0000700003381928:   000000011316c407 00000006fc38c3a0
0x0000700003381938:   000000011316c122 0000700003381940
0x0000700003381948:   000000013c5c1898 00007000033819a8
0x0000700003381958:   000000013c5c1e00 0000000000000000
0x0000700003381968:   000000013c5c18a0 0000000000000000
0x0000700003381978:   00007000033819a0 00007000033819f0
0x0000700003381988:   000000011315bffd 00000006fc470c80
0x0000700003381998:   0000000113165a58 00000006fc485320
0x00007000033819a8:   00000006fc38c3a0 00007000033819b0
0x00007000033819b8:   000000013c5c179f 0000700003381a20
0x00007000033819c8:   000000013c5c1e00 0000000000000000
0x00007000033819d8:   000000013c5c1810 00007000033819a0
0x00007000033819e8:   0000700003381a10 0000700003381a78
0x00007000033819f8:   000000011315c042 0000000000000000
0x0000700003381a08:   00000006fc38c3a0 00000006fc485320
0x0000700003381a18:   00000006fc38c2e8 00000006fc470d10
0x0000700003381a28:   00000001131679e7 00000006fc470d20
0x0000700003381a38:   0000700003381a28 000000013c5bf18e
0x0000700003381a48:   0000700003381a88 000000013c5c0028
0x0000700003381a58:   0000000000000000 000000013c5bf1c0 

Instructions: (pc=0x00007fff2040e4af)
0x00007fff2040e48f:   90 48 85 ff 74 76 89 f8 83 e0 01 48 85 c0 75 6c
0x00007fff2040e49f:   48 8b 07 48 b9 f8 ff ff ff ff 7f 00 00 48 21 c1
0x00007fff2040e4af:   48 8b 51 20 f6 c2 04 74 54 a8 01 74 6f 48 b9 00
0x00007fff2040e4bf:   00 00 00 00 00 80 00 48 ba 00 00 00 00 00 00 00 

Register to memory mapping:

RAX=0x3000000000000000 is an unknown value
RBX=0x0000000000000001 is an unknown value
RCX=0x0000000000000000 is an unknown value
RDX=0x0000000000000006 is an unknown value
RSP=0x0000700003381868 is pointing into the stack for thread: 0x00007fbffa010000
RBP=0x00007000033818a0 is pointing into the stack for thread: 0x00007fbffa010000
RSI=0x00007fc001897b50 is an unknown value
RDI=0x00007fc000fc6500 is an unknown value
R8 =0x00007fc005769a60 is an unknown value
R9 =0x000000000000001f is an unknown value
R10=0x000000013bbbec68: OBJC_CLASS_$_MacOSXOpenGLView+0 in /Users/tristanpoland/Library/Application Support/gdlauncher_next/instances/Cosmos modpack/natives/liblwjgl.dylib at 0x000000013bb81000
R11=0x00007fff22e3310a: -[NSResponder release]+0 in /System/Library/Frameworks/AppKit.framework/Versions/C/AppKit at 0x00007fff22e28000
R12=0x00007fc000fc6500 is an unknown value
R13=0xa3a3a3a3a3a3a3a3 is an unknown value
R14=0x00007fbff985d080 is an unknown value
R15=0x00007fbff985d000 is an unknown value


Stack: [0x0000700003283000,0x0000700003383000],  sp=0x0000700003381868,  free space=1018k
Native frames: (J=compiled Java code, j=interpreted, Vv=VM code, C=native code)
C  [libobjc.A.dylib+0x84af]  objc_release+0x1f
C  [libobjc.A.dylib+0x8e30]  objc_autoreleasePoolPop+0xa1
C  [CoreFoundation+0x42a86]  _CFAutoreleasePoolPop+0x16
C  [Foundation+0x1f333]  -[NSAutoreleasePool release]+0x83
j  org.lwjgl.opengl.MacOSXContextImplementation.setView(Ljava/nio/ByteBuffer;Ljava/nio/ByteBuffer;)V+0
j  org.lwjgl.opengl.MacOSXContextImplementation.makeCurrent(Lorg/lwjgl/opengl/PeerInfo;Ljava/nio/ByteBuffer;)V+7
j  org.lwjgl.opengl.ContextGL.makeCurrent()V+46
j  org.lwjgl.opengl.DrawableGL.makeCurrent()V+14
j  org.lwjgl.opengl.Display.makeCurrent()V+3
j  org.lwjgl.opengl.Display.makeCurrentAndSetSwapInterval()V+0
j  org.lwjgl.opengl.Display.create(Lorg/lwjgl/opengl/PixelFormat;Lorg/lwjgl/opengl/Drawable;Lorg/lwjgl/opengl/ContextAttribs;)V+108
j  org.lwjgl.opengl.Display.create(Lorg/lwjgl/opengl/PixelFormat;)V+12
j  net.minecraft.client.Minecraft.func_175609_am()V+22
j  net.minecraft.client.Minecraft.func_71384_a()V+119
j  net.minecraft.client.Minecraft.func_99999_d()V+6
j  net.minecraft.client.main.Main.main([Ljava/lang/String;)V+1094
v  ~StubRoutines::call_stub
V  [libjvm.dylib+0x2e3fa7]  JavaCalls::call_helper(JavaValue*, methodHandle*, JavaCallArguments*, Thread*)+0x6a7
V  [libjvm.dylib+0x4ac608]  Reflection::invoke(instanceKlassHandle, methodHandle, Handle, bool, objArrayHandle, BasicType, objArrayHandle, bool, Thread*)+0xe12
V  [libjvm.dylib+0x4acb3c]  Reflection::invoke_method(oopDesc*, Handle, objArrayHandle, Thread*)+0x16c
V  [libjvm.dylib+0x3204b6]  JVM_InvokeMethod+0x1a0
j  sun.reflect.NativeMethodAccessorImpl.invoke0(Ljava/lang/reflect/Method;Ljava/lang/Object;[Ljava/lang/Object;)Ljava/lang/Object;+0
j  sun.reflect.NativeMethodAccessorImpl.invoke(Ljava/lang/Object;[Ljava/lang/Object;)Ljava/lang/Object;+100
j  sun.reflect.DelegatingMethodAccessorImpl.invoke(Ljava/lang/Object;[Ljava/lang/Object;)Ljava/lang/Object;+6
J 1943 C1 java.lang.reflect.Method.invoke(Ljava/lang/Object;[Ljava/lang/Object;)Ljava/lang/Object; (62 bytes) @ 0x00000001137bf91c [0x00000001137bf520+0x3fc]
j  net.minecraft.launchwrapper.Launch.launch([Ljava/lang/String;)V+661
j  net.minecraft.launchwrapper.Launch.main([Ljava/lang/String;)V+8
v  ~StubRoutines::call_stub
V  [libjvm.dylib+0x2e3fa7]  JavaCalls::call_helper(JavaValue*, methodHandle*, JavaCallArguments*, Thread*)+0x6a7
V  [libjvm.dylib+0x2fed90]  jni_invoke_static(JNIEnv_*, JavaValue*, _jobject*, JNICallType, _jmethodID*, JNI_ArgumentPusher*, Thread*)+0x1bf
V  [libjvm.dylib+0x2f776b]  jni_CallStaticVoidMethod+0x15d
C  [java+0x38c6]  JavaMain+0x9c4
C  [libsystem_pthread.dylib+0x68fc]  _pthread_start+0xe0
C  [libsystem_pthread.dylib+0x2443]  thread_start+0xf
C  0x0000000000000000

Java frames: (J=compiled Java code, j=interpreted, Vv=VM code)
j  org.lwjgl.opengl.MacOSXContextImplementation.setView(Ljava/nio/ByteBuffer;Ljava/nio/ByteBuffer;)V+0
j  org.lwjgl.opengl.MacOSXContextImplementation.makeCurrent(Lorg/lwjgl/opengl/PeerInfo;Ljava/nio/ByteBuffer;)V+7
j  org.lwjgl.opengl.ContextGL.makeCurrent()V+46
j  org.lwjgl.opengl.DrawableGL.makeCurrent()V+14
j  org.lwjgl.opengl.Display.makeCurrent()V+3
j  org.lwjgl.opengl.Display.makeCurrentAndSetSwapInterval()V+0
j  org.lwjgl.opengl.Display.create(Lorg/lwjgl/opengl/PixelFormat;Lorg/lwjgl/opengl/Drawable;Lorg/lwjgl/opengl/ContextAttribs;)V+108
j  org.lwjgl.opengl.Display.create(Lorg/lwjgl/opengl/PixelFormat;)V+12
j  net.minecraft.client.Minecraft.func_175609_am()V+22
j  net.minecraft.client.Minecraft.func_71384_a()V+119
j  net.minecraft.client.Minecraft.func_99999_d()V+6
j  net.minecraft.client.main.Main.main([Ljava/lang/String;)V+1094
v  ~StubRoutines::call_stub
j  sun.reflect.NativeMethodAccessorImpl.invoke0(Ljava/lang/reflect/Method;Ljava/lang/Object;[Ljava/lang/Object;)Ljava/lang/Object;+0
j  sun.reflect.NativeMethodAccessorImpl.invoke(Ljava/lang/Object;[Ljava/lang/Object;)Ljava/lang/Object;+100
j  sun.reflect.DelegatingMethodAccessorImpl.invoke(Ljava/lang/Object;[Ljava/lang/Object;)Ljava/lang/Object;+6
J 1943 C1 java.lang.reflect.Method.invoke(Ljava/lang/Object;[Ljava/lang/Object;)Ljava/lang/Object; (62 bytes) @ 0x00000001137bf91c [0x00000001137bf520+0x3fc]
j  net.minecraft.launchwrapper.Launch.launch([Ljava/lang/String;)V+661
j  net.minecraft.launchwrapper.Launch.main([Ljava/lang/String;)V+8
v  ~StubRoutines::call_stub

---------------  P R O C E S S  ---------------

Java Threads: ( => current thread )
  0x00007fbffd55b000 JavaThread "AWT-Shutdown" [_thread_blocked, id=26915, stack(0x00007000046c2000,0x00007000047c2000)]
  0x00007fc007654800 JavaThread "Timer hack thread" daemon [_thread_blocked, id=51727, stack(0x0000700004bda000,0x0000700004cda000)]
  0x00007fc003aaa000 JavaThread "Snooper Timer" daemon [_thread_blocked, id=48139, stack(0x0000700004ad7000,0x0000700004bd7000)]
  0x00007fbffab78000 JavaThread "AppKit Thread" daemon [_thread_in_native, id=259, stack(0x00007ffee7b4e000,0x00007ffee834e000)]
  0x00007fbff98ab000 JavaThread "Service Thread" daemon [_thread_blocked, id=18179, stack(0x00007000044bc000,0x00007000045bc000)]
  0x00007fbffe808800 JavaThread "C1 CompilerThread3" daemon [_thread_blocked, id=17155, stack(0x00007000043b9000,0x00007000044b9000)]
  0x00007fbff9890800 JavaThread "C2 CompilerThread2" daemon [_thread_blocked, id=16643, stack(0x00007000042b6000,0x00007000043b6000)]
  0x00007fbff988f800 JavaThread "C2 CompilerThread1" daemon [_thread_blocked, id=18947, stack(0x00007000041b3000,0x00007000042b3000)]
  0x00007fbffd010000 JavaThread "C2 CompilerThread0" daemon [_thread_blocked, id=16131, stack(0x00007000040b0000,0x00007000041b0000)]
  0x00007fbffd00f000 JavaThread "Signal Dispatcher" daemon [_thread_blocked, id=19203, stack(0x0000700003fad000,0x00007000040ad000)]
  0x00007fbff9854800 JavaThread "Finalizer" daemon [_thread_blocked, id=13315, stack(0x0000700003da4000,0x0000700003ea4000)]
  0x00007fbff9851800 JavaThread "Reference Handler" daemon [_thread_blocked, id=20739, stack(0x0000700003ca1000,0x0000700003da1000)]
=>0x00007fbffa010000 JavaThread "Client thread" [_thread_in_native, id=3587, stack(0x0000700003283000,0x0000700003383000)]

Other Threads:
  0x00007fbff984b000 VMThread [stack: 0x0000700003b9e000,0x0000700003c9e000] [id=12803]
  0x00007fbff985c800 WatcherThread [stack: 0x00007000045bf000,0x00007000046bf000] [id=17411]

VM state:not at safepoint (normal execution)

VM Mutex/Monitor currently owned by a thread: None

heap address: 0x0000000540000000, size: 10240 MB, Compressed Oops mode: Zero based, Oop shift amount: 3
Narrow klass base: 0x0000000000000000, Narrow klass shift: 3
Compressed class space size: 1073741824 Address: 0x00000007c0000000

Heap:
 PSYoungGen      total 806400K, used 304680K [0x00000006eab00000, 0x000000071f980000, 0x00000007c0000000)
  eden space 763392K, 39% used [0x00000006eab00000,0x00000006fd48a280,0x0000000719480000)
  from space 43008K, 0% used [0x000000071bf80000,0x000000071bf80000,0x000000071e980000)
  to   space 44032K, 0% used [0x0000000719480000,0x0000000719480000,0x000000071bf80000)
 ParOldGen       total 275456K, used 117173K [0x0000000540000000, 0x0000000550d00000, 0x00000006eab00000)
  object space 275456K, 42% used [0x0000000540000000,0x000000054726d6b8,0x0000000550d00000)
 Metaspace       used 38152K, capacity 38574K, committed 38912K, reserved 1083392K
  class space    used 5130K, capacity 5286K, committed 5376K, reserved 1048576K

Card table byte_map: [0x000000010cb0e000,0x000000010df0f000] byte_map_base: 0x000000010a10e000

Marking Bits: (ParMarkBitMap*) 0x000000010c89f5b0
 Begin Bits: [0x0000000122154000, 0x000000012c154000)
 End Bits:   [0x000000012c154000, 0x0000000136154000)

Polling page: 0x0000000107925000

CodeCache: size=245760Kb used=16878Kb max_used=16878Kb free=228881Kb
 bounds [0x0000000113154000, 0x00000001141e4000, 0x0000000122154000]
 total_blobs=4970 nmethods=4418 adapters=466
 compilation: enabled

Compilation events (10 events):
Event: 16.559 Thread 0x00007fbffe808800 5305       3       sun.reflect.UnsafeStaticFieldAccessorImpl::<init> (17 bytes)
Event: 16.559 Thread 0x00007fbffe808800 nmethod 5305 0x00000001141a4c10 code [0x00000001141a4d80, 0x00000001141a4ff8]
Event: 16.559 Thread 0x00007fbffe808800 5308       3       sun.reflect.UnsafeQualifiedStaticFieldAccessorImpl::<init> (11 bytes)
Event: 16.559 Thread 0x00007fbffe808800 nmethod 5308 0x00000001141a4350 code [0x00000001141a44e0, 0x00000001141a47d8]
Event: 16.559 Thread 0x00007fbffe808800 5310       3       sun.reflect.UnsafeQualifiedStaticIntegerFieldAccessorImpl::<init> (7 bytes)
Event: 16.559 Thread 0x00007fbffe808800 nmethod 5310 0x00000001141a7e50 code [0x00000001141a7fe0, 0x00000001141a8338]
Event: 16.559 Thread 0x00007fbffe808800 5311       3       java.lang.reflect.Field::acquireFieldAccessor (59 bytes)
Event: 16.560 Thread 0x00007fbffe808800 nmethod 5311 0x00000001141a71d0 code [0x00000001141a73c0, 0x00000001141a7b28]
Event: 16.560 Thread 0x00007fbffe808800 5312       3       sun.reflect.UnsafeFieldAccessorFactory::newFieldAccessor (676 bytes)
Event: 16.562 Thread 0x00007fbffe808800 nmethod 5312 0x00000001141c6210 code [0x00000001141c6840, 0x00000001141c98c8]

GC Heap History (10 events):
Event: 9.438 GC heap before
{Heap before GC invocations=10 (full 1):
 PSYoungGen      total 445952K, used 445771K [0x00000006eab00000, 0x000000070e400000, 0x00000007c0000000)
  eden space 425984K, 100% used [0x00000006eab00000,0x0000000704b00000,0x0000000704b00000)
  from space 19968K, 99% used [0x000000070d080000,0x000000070e3d2ef0,0x000000070e400000)
  to   space 45056K, 0% used [0x0000000708c00000,0x0000000708c00000,0x000000070b800000)
 ParOldGen       total 175104K, used 57271K [0x0000000540000000, 0x000000054ab00000, 0x00000006eab00000)
  object space 175104K, 32% used [0x0000000540000000,0x00000005437eddf0,0x000000054ab00000)
 Metaspace       used 24152K, capacity 24428K, committed 24576K, reserved 1071104K
  class space    used 2944K, capacity 3067K, committed 3072K, reserved 1048576K
Event: 9.455 GC heap after
Heap after GC invocations=10 (full 1):
 PSYoungGen      total 537600K, used 20232K [0x00000006eab00000, 0x0000000713780000, 0x00000007c0000000)
  eden space 492544K, 0% used [0x00000006eab00000,0x00000006eab00000,0x0000000708c00000)
  from space 45056K, 44% used [0x0000000708c00000,0x0000000709fc2110,0x000000070b800000)
  to   space 44032K, 0% used [0x0000000710c80000,0x0000000710c80000,0x0000000713780000)
 ParOldGen       total 175104K, used 57279K [0x0000000540000000, 0x000000054ab00000, 0x00000006eab00000)
  object space 175104K, 32% used [0x0000000540000000,0x00000005437efdf0,0x000000054ab00000)
 Metaspace       used 24152K, capacity 24428K, committed 24576K, reserved 1071104K
  class space    used 2944K, capacity 3067K, committed 3072K, reserved 1048576K
}
Event: 11.902 GC heap before
{Heap before GC invocations=11 (full 1):
 PSYoungGen      total 537600K, used 512776K [0x00000006eab00000, 0x0000000713780000, 0x00000007c0000000)
  eden space 492544K, 100% used [0x00000006eab00000,0x0000000708c00000,0x0000000708c00000)
  from space 45056K, 44% used [0x0000000708c00000,0x0000000709fc2110,0x000000070b800000)
  to   space 44032K, 0% used [0x0000000710c80000,0x0000000710c80000,0x0000000713780000)
 ParOldGen       total 175104K, used 57279K [0x0000000540000000, 0x000000054ab00000, 0x00000006eab00000)
  object space 175104K, 32% used [0x0000000540000000,0x00000005437efdf0,0x000000054ab00000)
 Metaspace       used 27748K, capacity 28066K, committed 28416K, reserved 1075200K
  class space    used 3360K, capacity 3490K, committed 3584K, reserved 1048576K
Event: 11.924 GC heap after
Heap after GC invocations=11 (full 1):
 PSYoungGen      total 624128K, used 30432K [0x00000006eab00000, 0x0000000718280000, 0x00000007c0000000)
  eden space 580096K, 0% used [0x00000006eab00000,0x00000006eab00000,0x000000070e180000)
  from space 44032K, 69% used [0x0000000710c80000,0x0000000712a383e0,0x0000000713780000)
  to   space 44032K, 0% used [0x000000070e180000,0x000000070e180000,0x0000000710c80000)
 ParOldGen       total 175104K, used 69257K [0x0000000540000000, 0x000000054ab00000, 0x00000006eab00000)
  object space 175104K, 39% used [0x0000000540000000,0x00000005443a2598,0x000000054ab00000)
 Metaspace       used 27748K, capacity 28066K, committed 28416K, reserved 1075200K
  class space    used 3360K, capacity 3490K, committed 3584K, reserved 1048576K
}
Event: 13.975 GC heap before
{Heap before GC invocations=12 (full 1):
 PSYoungGen      total 624128K, used 610528K [0x00000006eab00000, 0x0000000718280000, 0x00000007c0000000)
  eden space 580096K, 100% used [0x00000006eab00000,0x000000070e180000,0x000000070e180000)
  from space 44032K, 69% used [0x0000000710c80000,0x0000000712a383e0,0x0000000713780000)
  to   space 44032K, 0% used [0x000000070e180000,0x000000070e180000,0x0000000710c80000)
 ParOldGen       total 175104K, used 69257K [0x0000000540000000, 0x000000054ab00000, 0x00000006eab00000)
  object space 175104K, 39% used [0x0000000540000000,0x00000005443a2598,0x000000054ab00000)
 Metaspace       used 31736K, capacity 32044K, committed 32384K, reserved 1077248K
  class space    used 4082K, capacity 4197K, committed 4224K, reserved 1048576K
Event: 14.006 GC heap after
Heap after GC invocations=12 (full 1):
 PSYoungGen      total 624128K, used 20573K [0x00000006eab00000, 0x000000071e980000, 0x00000007c0000000)
  eden space 580096K, 0% used [0x00000006eab00000,0x00000006eab00000,0x000000070e180000)
  from space 44032K, 46% used [0x000000070e180000,0x000000070f597778,0x0000000710c80000)
  to   space 43008K, 0% used [0x000000071bf80000,0x000000071bf80000,0x000000071e980000)
 ParOldGen       total 175104K, used 94934K [0x0000000540000000, 0x000000054ab00000, 0x00000006eab00000)
  object space 175104K, 54% used [0x0000000540000000,0x0000000545cb5a10,0x000000054ab00000)
 Metaspace       used 31736K, capacity 32044K, committed 32384K, reserved 1077248K
  class space    used 4082K, capacity 4197K, committed 4224K, reserved 1048576K
}
Event: 14.625 GC heap before
{Heap before GC invocations=13 (full 1):
 PSYoungGen      total 624128K, used 377914K [0x00000006eab00000, 0x000000071e980000, 0x00000007c0000000)
  eden space 580096K, 61% used [0x00000006eab00000,0x00000007007f73b0,0x000000070e180000)
  from space 44032K, 46% used [0x000000070e180000,0x000000070f597778,0x0000000710c80000)
  to   space 43008K, 0% used [0x000000071bf80000,0x000000071bf80000,0x000000071e980000)
 ParOldGen       total 175104K, used 94934K [0x0000000540000000, 0x000000054ab00000, 0x00000006eab00000)
  object space 175104K, 54% used [0x0000000540000000,0x0000000545cb5a10,0x000000054ab00000)
 Metaspace       used 34782K, capacity 35180K, committed 35496K, reserved 1079296K
  class space    used 4719K, capacity 4837K, committed 4864K, reserved 1048576K
Event: 14.649 GC heap after
Heap after GC invocations=13 (full 1):
 PSYoungGen      total 806400K, used 7705K [0x00000006eab00000, 0x000000071f980000, 0x00000007c0000000)
  eden space 763392K, 0% used [0x00000006eab00000,0x00000006eab00000,0x0000000719480000)
  from space 43008K, 17% used [0x000000071bf80000,0x000000071c7067c8,0x000000071e980000)
  to   space 44032K, 0% used [0x0000000719480000,0x0000000719480000,0x000000071bf80000)
 ParOldGen       total 175104K, used 113436K [0x0000000540000000, 0x000000054ab00000, 0x00000006eab00000)
  object space 175104K, 64% used [0x0000000540000000,0x0000000546ec7398,0x000000054ab00000)
 Metaspace       used 34782K, capacity 35180K, committed 35496K, reserved 1079296K
  class space    used 4719K, capacity 4837K, committed 4864K, reserved 1048576K
}
Event: 14.649 GC heap before
{Heap before GC invocations=14 (full 2):
 PSYoungGen      total 806400K, used 7705K [0x00000006eab00000, 0x000000071f980000, 0x00000007c0000000)
  eden space 763392K, 0% used [0x00000006eab00000,0x00000006eab00000,0x0000000719480000)
  from space 43008K, 17% used [0x000000071bf80000,0x000000071c7067c8,0x000000071e980000)
  to   space 44032K, 0% used [0x0000000719480000,0x0000000719480000,0x000000071bf80000)
 ParOldGen       total 175104K, used 113436K [0x0000000540000000, 0x000000054ab00000, 0x00000006eab00000)
  object space 175104K, 64% used [0x0000000540000000,0x0000000546ec7398,0x000000054ab00000)
 Metaspace       used 34782K, capacity 35180K, committed 35496K, reserved 1079296K
  class space    used 4719K, capacity 4837K, committed 4864K, reserved 1048576K
Event: 14.835 GC heap after
Heap after GC invocations=14 (full 2):
 PSYoungGen      total 806400K, used 0K [0x00000006eab00000, 0x000000071f980000, 0x00000007c0000000)
  eden space 763392K, 0% used [0x00000006eab00000,0x00000006eab00000,0x0000000719480000)
  from space 43008K, 0% used [0x000000071bf80000,0x000000071bf80000,0x000000071e980000)
  to   space 44032K, 0% used [0x0000000719480000,0x0000000719480000,0x000000071bf80000)
 ParOldGen       total 275456K, used 117173K [0x0000000540000000, 0x0000000550d00000, 0x00000006eab00000)
  object space 275456K, 42% used [0x0000000540000000,0x000000054726d6b8,0x0000000550d00000)
 Metaspace       used 34782K, capacity 35180K, committed 35496K, reserved 1079296K
  class space    used 4719K, capacity 4837K, committed 4864K, reserved 1048576K
}

Deoptimization events (10 events):
Event: 15.302 Thread 0x00007fbffa010000 Uncommon trap: reason=bimorphic action=maybe_recompile pc=0x00000001138f7cb4 method=java.util.AbstractCollection.toArray()[Ljava/lang/Object; @ 1
Event: 15.302 Thread 0x00007fbffa010000 Uncommon trap: reason=bimorphic action=maybe_recompile pc=0x00000001138f7cb4 method=java.util.AbstractCollection.toArray()[Ljava/lang/Object; @ 1
Event: 15.302 Thread 0x00007fbffa010000 Uncommon trap: reason=bimorphic action=maybe_recompile pc=0x00000001138f7cb4 method=java.util.AbstractCollection.toArray()[Ljava/lang/Object; @ 1
Event: 15.451 Thread 0x00007fbffd55b000 Uncommon trap: reason=bimorphic action=maybe_recompile pc=0x0000000114156c4c method=java.io.FilterInputStream.read([B)I @ 5
Event: 15.452 Thread 0x00007fbffd55b000 Uncommon trap: reason=bimorphic action=maybe_recompile pc=0x0000000114156c4c method=java.io.FilterInputStream.read([B)I @ 5
Event: 15.452 Thread 0x00007fbffd55b000 Uncommon trap: reason=bimorphic action=maybe_recompile pc=0x0000000114156c4c method=java.io.FilterInputStream.read([B)I @ 5
Event: 15.452 Thread 0x00007fbffd55b000 Uncommon trap: reason=unstable_if action=reinterpret pc=0x000000011404f350 method=java.util.regex.Pattern.atom()Ljava/util/regex/Pattern$Node; @ 239
Event: 15.468 Thread 0x00007fbffa010000 Uncommon trap: reason=unstable_if action=reinterpret pc=0x0000000113b65a3c method=org.objectweb.asm.Frame.merge(Lorg/objectweb/asm/ClassWriter;I[II)Z @ 52
Event: 15.511 Thread 0x00007fbffa010000 Uncommon trap: reason=unstable_if action=reinterpret pc=0x000000011326229c method=com.google.common.base.AbstractIterator.next()Ljava/lang/Object; @ 4
Event: 15.563 Thread 0x00007fbffd55b000 Uncommon trap: reason=unstable_if action=reinterpret pc=0x0000000113a247dc method=sun.net.www.MessageHeader.grow()V @ 4

Classes redefined (0 events):
No events

Internal exceptions (10 events):
Event: 8.568 Thread 0x00007fbffa010000 NullPointerException at vtable entry 0x00000001135bc3b0
Event: 8.568 Thread 0x00007fbffa010000 Exception <a 'java/lang/NullPointerException'> (0x00000006f67efdf0) thrown at [/Users/jenkins/workspace/build-scripts/jobs/jdk8u/jdk8u-mac-x64-hotspot/workspace/build/src/hotspot/src/share/vm/runtime/sharedRuntime.cpp, line 605]
Event: 8.570 Thread 0x00007fbffa010000 NullPointerException at vtable entry 0x00000001135bc3b0
Event: 8.570 Thread 0x00007fbffa010000 Exception <a 'java/lang/NullPointerException'> (0x00000006f6837fd0) thrown at [/Users/jenkins/workspace/build-scripts/jobs/jdk8u/jdk8u-mac-x64-hotspot/workspace/build/src/hotspot/src/share/vm/runtime/sharedRuntime.cpp, line 605]
Event: 10.681 Thread 0x00007fbffa010000 Exception <a 'java/io/FileNotFoundException'> (0x00000006f7f1fe20) thrown at [/Users/jenkins/workspace/build-scripts/jobs/jdk8u/jdk8u-mac-x64-hotspot/workspace/build/src/hotspot/src/share/vm/prims/jni.cpp, line 710]
Event: 10.681 Thread 0x00007fbffa010000 Exception <a 'java/io/FileNotFoundException'> (0x00000006f7f21130) thrown at [/Users/jenkins/workspace/build-scripts/jobs/jdk8u/jdk8u-mac-x64-hotspot/workspace/build/src/hotspot/src/share/vm/prims/jni.cpp, line 710]
Event: 10.713 Thread 0x00007fbffa010000 Exception <a 'java/lang/UnsatisfiedLinkError'> (0x00000006f7f39448) thrown at [/Users/jenkins/workspace/build-scripts/jobs/jdk8u/jdk8u-mac-x64-hotspot/workspace/build/src/hotspot/src/share/vm/prims/jvm.cpp, line 1506]
Event: 12.047 Thread 0x00007fbffa010000 Implicit null exception at 0x00000001135b5cf5 to 0x00000001135b5f11
Event: 12.047 Thread 0x00007fbffa010000 Implicit null exception at 0x00000001133b752f to 0x00000001133b7599
Event: 15.616 Thread 0x00007fbffd55b000 Exception <a 'java/security/PrivilegedActionException'> (0x00000006fa4b2cf8) thrown at [/Users/jenkins/workspace/build-scripts/jobs/jdk8u/jdk8u-mac-x64-hotspot/workspace/build/src/hotspot/src/share/vm/prims/jvm.cpp, line 1502]

Events (10 events):
Event: 16.562 loading class org/lwjgl/opengl/ContextGL
Event: 16.562 loading class org/lwjgl/opengl/ContextGL done
Event: 16.562 loading class org/lwjgl/opengl/ContextImplementation
Event: 16.562 loading class org/lwjgl/opengl/ContextImplementation done
Event: 16.562 loading class org/lwjgl/opengl/MacOSXContextImplementation
Event: 16.562 loading class org/lwjgl/opengl/MacOSXContextImplementation done
Event: 16.563 loading class org/lwjgl/opengl/GLContext
Event: 16.563 loading class org/lwjgl/opengl/GLContext done
Event: 16.564 loading class org/lwjgl/opengl/GLContext$CapabilitiesCacheEntry
Event: 16.564 loading class org/lwjgl/opengl/GLContext$CapabilitiesCacheEntry done


Dynamic libraries:
0x00007fff35085000 	/System/Library/Frameworks/Cocoa.framework/Versions/A/Cocoa
0x00007fff223fa000 	/System/Library/Frameworks/Security.framework/Versions/A/Security
0x00007fff33292000 	/System/Library/Frameworks/ApplicationServices.framework/Versions/A/ApplicationServices
0x00007fff2a677000 	/usr/lib/libz.1.dylib
0x00007fff2a73f000 	/usr/lib/libSystem.B.dylib
0x00007fff20406000 	/usr/lib/libobjc.A.dylib
0x00007fff21393000 	/System/Library/Frameworks/Foundation.framework/Versions/C/Foundation
0x00007fff205e6000 	/System/Library/Frameworks/CoreFoundation.framework/Versions/A/CoreFoundation
0x00007fff22e28000 	/System/Library/Frameworks/AppKit.framework/Versions/C/AppKit
0x00007fff25ce7000 	/System/Library/Frameworks/CoreData.framework/Versions/A/CoreData
0x00007fff23b71000 	/System/Library/PrivateFrameworks/UIFoundation.framework/Versions/A/UIFoundation
0x00007fff2fd68000 	/System/Library/PrivateFrameworks/RemoteViewServices.framework/Versions/A/RemoteViewServices
0x00007fff28b83000 	/System/Library/PrivateFrameworks/XCTTargetBootstrap.framework/Versions/A/XCTTargetBootstrap
0x00007fff2b868000 	/usr/lib/libspindump.dylib
0x00007fff23dc0000 	/System/Library/Frameworks/UniformTypeIdentifiers.framework/Versions/A/UniformTypeIdentifiers
0x00007fff27383000 	/usr/lib/libapp_launch_measurement.dylib
0x00007fff27386000 	/System/Library/PrivateFrameworks/CoreAutoLayout.framework/Versions/A/CoreAutoLayout
0x00007fff284e6000 	/System/Library/Frameworks/Metal.framework/Versions/A/Metal
0x00007fff291e0000 	/usr/lib/liblangid.dylib
0x00007fff28b87000 	/System/Library/PrivateFrameworks/CoreSVG.framework/Versions/A/CoreSVG
0x00007fff24dff000 	/System/Library/PrivateFrameworks/SkyLight.framework/Versions/A/SkyLight
0x00007fff25164000 	/System/Library/Frameworks/CoreGraphics.framework/Versions/A/CoreGraphics
0x00007fff3028f000 	/System/Library/Frameworks/Accelerate.framework/Versions/A/Accelerate
0x00007fff2b2a6000 	/System/Library/PrivateFrameworks/IconServices.framework/Versions/A/IconServices
0x00007fff284ca000 	/System/Library/Frameworks/IOSurface.framework/Versions/A/IOSurface
0x00007fff2666f000 	/usr/lib/libDiagnosticMessagesClient.dylib
0x00007fff28b6f000 	/System/Library/PrivateFrameworks/DFRFoundation.framework/Versions/A/DFRFoundation
0x00007fff2274f000 	/usr/lib/libicucore.A.dylib
0x00007fff2cdaf000 	/System/Library/Frameworks/AudioToolbox.framework/Versions/A/AudioToolbox
0x00007fff2c039000 	/System/Library/PrivateFrameworks/DataDetectorsCore.framework/Versions/A/DataDetectorsCore
0x00007fff24d73000 	/usr/lib/libMobileGestalt.dylib
0x00007fff28873000 	/System/Library/Frameworks/Carbon.framework/Versions/A/Frameworks/HIToolbox.framework/Versions/A/HIToolbox
0x00007fff26dc9000 	/System/Library/Frameworks/QuartzCore.framework/Versions/A/QuartzCore
0x00007fff2fda0000 	/System/Library/Frameworks/Carbon.framework/Versions/A/Frameworks/SpeechRecognition.framework/Versions/A/SpeechRecognition
0x00007fff270e8000 	/System/Library/PrivateFrameworks/CoreUI.framework/Versions/A/CoreUI
0x00007fff21d69000 	/System/Library/Frameworks/CoreAudio.framework/Versions/A/CoreAudio
0x00007fff2675a000 	/System/Library/Frameworks/DiskArbitration.framework/Versions/A/DiskArbitration
0x00007fff2bc36000 	/System/Library/PrivateFrameworks/MultitouchSupport.framework/Versions/A/MultitouchSupport
0x00007fff2c030000 	/System/Library/PrivateFrameworks/InternationalSupport.framework/Versions/A/InternationalSupport
0x00007fff24d72000 	/usr/lib/libenergytrace.dylib
0x00007fff22d1f000 	/System/Library/Frameworks/IOKit.framework/Versions/A/IOKit
0x00007fff300d3000 	/System/Library/Frameworks/CoreServices.framework/Versions/A/CoreServices
0x00007fff27315000 	/System/Library/PrivateFrameworks/PerformanceAnalysis.framework/Versions/A/PerformanceAnalysis
0x00007fff6bb87000 	/System/Library/Frameworks/OpenGL.framework/Versions/A/OpenGL
0x00007fff2c0b4000 	/System/Library/PrivateFrameworks/UserActivity.framework/Versions/A/UserActivity
0x00007fff257ee000 	/System/Library/Frameworks/ColorSync.framework/Versions/A/ColorSync
0x00007fff28dee000 	/System/Library/Frameworks/CoreImage.framework/Versions/A/CoreImage
0x00007fff21b83000 	/System/Library/Frameworks/CoreText.framework/Versions/A/CoreText
0x00007fff28bb1000 	/System/Library/Frameworks/ImageIO.framework/Versions/A/ImageIO
0x00007fff2a745000 	/System/Library/PrivateFrameworks/SoftLinking.framework/Versions/A/SoftLinking
0x00007fff273ce000 	/usr/lib/libxml2.2.dylib
0x00007fff204cc000 	/usr/lib/libc++.1.dylib
0x00007fff2a9b6000 	/usr/lib/libcompression.dylib
0x00007fff2bf62000 	/System/Library/PrivateFrameworks/TextureIO.framework/Versions/A/TextureIO
0x00007fff2afe5000 	/usr/lib/libate.dylib
0x00007fff2a739000 	/usr/lib/system/libcache.dylib
0x00007fff2a6f5000 	/usr/lib/system/libcommonCrypto.dylib
0x00007fff2a71f000 	/usr/lib/system/libcompiler_rt.dylib
0x00007fff2a714000 	/usr/lib/system/libcopyfile.dylib
0x00007fff202f6000 	/usr/lib/system/libcorecrypto.dylib
0x00007fff203c1000 	/usr/lib/system/libdispatch.dylib
0x00007fff20574000 	/usr/lib/system/libdyld.dylib
0x00007fff2a730000 	/usr/lib/system/libkeymgr.dylib
0x00007fff2db46000 	/usr/lib/system/liblaunch.dylib
0x00007fff2a6d3000 	/usr/lib/system/libmacho.dylib
0x00007fff29ecb000 	/usr/lib/system/libquarantine.dylib
0x00007fff2a72d000 	/usr/lib/system/libremovefile.dylib
0x00007fff24dd0000 	/usr/lib/system/libsystem_asl.dylib
0x00007fff202a6000 	/usr/lib/system/libsystem_blocks.dylib
0x00007fff20443000 	/usr/lib/system/libsystem_c.dylib
0x00007fff2a727000 	/usr/lib/system/libsystem_collections.dylib
0x00007fff291d1000 	/usr/lib/system/libsystem_configuration.dylib
0x00007fff284b9000 	/usr/lib/system/libsystem_containermanager.dylib
0x00007fff2a476000 	/usr/lib/system/libsystem_coreservices.dylib
0x00007fff229af000 	/usr/lib/system/libsystem_darwin.dylib
0x00007fff2a731000 	/usr/lib/system/libsystem_dnssd.dylib
0x00007fff20440000 	/usr/lib/system/libsystem_featureflags.dylib
0x00007fff205ba000 	/usr/lib/system/libsystem_info.dylib
0x00007fff2a68a000 	/usr/lib/system/libsystem_m.dylib
0x00007fff20394000 	/usr/lib/system/libsystem_malloc.dylib
0x00007fff24d63000 	/usr/lib/system/libsystem_networkextension.dylib
0x00007fff22dce000 	/usr/lib/system/libsystem_notify.dylib
0x00007fff2ffd5000 	/usr/lib/system/libsystem_product_info_filter.dylib
0x00007fff291d5000 	/usr/lib/system/libsystem_sandbox.dylib
0x00007fff2a72a000 	/usr/lib/system/libsystem_secinit.dylib
0x00007fff20538000 	/usr/lib/system/libsystem_kernel.dylib
0x00007fff205b0000 	/usr/lib/system/libsystem_platform.dylib
0x00007fff20568000 	/usr/lib/system/libsystem_pthread.dylib
0x00007fff264ab000 	/usr/lib/system/libsystem_symptoms.dylib
0x00007fff202de000 	/usr/lib/system/libsystem_trace.dylib
0x00007fff2a701000 	/usr/lib/system/libunwind.dylib
0x00007fff202a8000 	/usr/lib/system/libxpc.dylib
0x00007fff20522000 	/usr/lib/libc++abi.dylib
0x00007fff2a70c000 	/usr/lib/liboah.dylib
0x00007fff2adca000 	/usr/lib/liblzma.5.dylib
0x00007fff210a7000 	/System/Library/Frameworks/SystemConfiguration.framework/Versions/A/SystemConfiguration
0x00007fff2a741000 	/usr/lib/libfakelink.dylib
0x00007fff248c4000 	/System/Library/Frameworks/CFNetwork.framework/Versions/A/CFNetwork
0x00007fff2a881000 	/usr/lib/libarchive.2.dylib
0x00007fff21125000 	/usr/lib/libCRFSuite.dylib
0x00007fff29ef2000 	/usr/lib/libbsm.0.dylib
0x00007fff2423d000 	/usr/lib/libnetwork.dylib
0x00007fff2a746000 	/usr/lib/libpcap.A.dylib
0x00007fff264a4000 	/usr/lib/libdns_services.dylib
0x00007fff2ade3000 	/usr/lib/libcoretls_cfhelpers.dylib
0x00007fff2a980000 	/usr/lib/libapple_nghttp2.dylib
0x00007fff2a6d9000 	/usr/lib/system/libkxld.dylib
0x00007fff2611d000 	/usr/lib/libsqlite3.dylib
0x00007fff2a459000 	/System/Library/PrivateFrameworks/AppleFSCompression.framework/Versions/A/AppleFSCompression
0x00007fff29eda000 	/usr/lib/libcoretls.dylib
0x00007fff2a9b1000 	/usr/lib/libpam.2.dylib
0x00007fff2aee1000 	/usr/lib/libxar.1.dylib
0x00007fff291dc000 	/System/Library/PrivateFrameworks/AppleSystemInfo.framework/Versions/A/AppleSystemInfo
0x00007fff29b1c000 	/System/Library/PrivateFrameworks/IOMobileFramebuffer.framework/Versions/A/IOMobileFramebuffer
0x00007fff2a469000 	/usr/lib/libbz2.1.0.dylib
0x00007fff2a77e000 	/usr/lib/libiconv.2.dylib
0x00007fff2a6d2000 	/usr/lib/libcharset.1.dylib
0x00007fff27351000 	/System/Library/Frameworks/CoreServices.framework/Versions/A/Frameworks/FSEvents.framework/Versions/A/FSEvents
0x00007fff229b9000 	/System/Library/Frameworks/CoreServices.framework/Versions/A/Frameworks/CarbonCore.framework/Versions/A/CarbonCore
0x00007fff266bf000 	/System/Library/Frameworks/CoreServices.framework/Versions/A/Frameworks/Metadata.framework/Versions/A/Metadata
0x00007fff2a47b000 	/System/Library/Frameworks/CoreServices.framework/Versions/A/Frameworks/OSServices.framework/Versions/A/OSServices
0x00007fff2a8f3000 	/System/Library/Frameworks/CoreServices.framework/Versions/A/Frameworks/SearchKit.framework/Versions/A/SearchKit
0x00007fff2642f000 	/System/Library/Frameworks/CoreServices.framework/Versions/A/Frameworks/AE.framework/Versions/A/AE
0x00007fff20a84000 	/System/Library/Frameworks/CoreServices.framework/Versions/A/Frameworks/LaunchServices.framework/Versions/A/LaunchServices
0x00007fff2ad7a000 	/System/Library/Frameworks/CoreServices.framework/Versions/A/Frameworks/DictionaryServices.framework/Versions/A/DictionaryServices
0x00007fff2735e000 	/System/Library/Frameworks/CoreServices.framework/Versions/A/Frameworks/SharedFileList.framework/Versions/A/SharedFileList
0x00007fff29ece000 	/usr/lib/libCheckFix.dylib
0x00007fff24de7000 	/System/Library/PrivateFrameworks/TCC.framework/Versions/A/TCC
0x00007fff291e2000 	/System/Library/PrivateFrameworks/CoreNLP.framework/Versions/A/CoreNLP
0x00007fff26672000 	/System/Library/PrivateFrameworks/MetadataUtilities.framework/Versions/A/MetadataUtilities
0x00007fff2115a000 	/usr/lib/libmecabra.dylib
0x00007fff2a1d8000 	/System/Library/Frameworks/MLCompute.framework/Versions/A/MLCompute
0x00007fff29f03000 	/usr/lib/libmecab.dylib
0x00007fff29f4d000 	/usr/lib/libgermantok.dylib
0x00007fff2a95b000 	/usr/lib/libThaiTokenizer.dylib
0x00007fff2af1c000 	/usr/lib/libChineseTokenizer.dylib
0x00007fff2a9af000 	/System/Library/Frameworks/MetalPerformanceShaders.framework/Versions/A/MetalPerformanceShaders
0x00007fff26761000 	/System/Library/Frameworks/Accelerate.framework/Versions/A/Frameworks/vImage.framework/Versions/A/vImage
0x00007fff300ad000 	/System/Library/Frameworks/Accelerate.framework/Versions/A/Frameworks/vecLib.framework/Versions/A/vecLib
0x00007fff2af27000 	/System/Library/Frameworks/Accelerate.framework/Versions/A/Frameworks/vecLib.framework/Versions/A/libvMisc.dylib
0x00007fff29937000 	/System/Library/Frameworks/Accelerate.framework/Versions/A/Frameworks/vecLib.framework/Versions/A/libvDSP.dylib
0x00007fff20d8d000 	/System/Library/Frameworks/Accelerate.framework/Versions/A/Frameworks/vecLib.framework/Versions/A/libBLAS.dylib
0x00007fff2a9dc000 	/System/Library/Frameworks/Accelerate.framework/Versions/A/Frameworks/vecLib.framework/Versions/A/libLAPACK.dylib
0x00007fff29f53000 	/System/Library/Frameworks/Accelerate.framework/Versions/A/Frameworks/vecLib.framework/Versions/A/libLinearAlgebra.dylib
0x00007fff2a998000 	/System/Library/Frameworks/Accelerate.framework/Versions/A/Frameworks/vecLib.framework/Versions/A/libSparseBLAS.dylib
0x00007fff2a9d6000 	/System/Library/Frameworks/Accelerate.framework/Versions/A/Frameworks/vecLib.framework/Versions/A/libQuadrature.dylib
0x00007fff2928e000 	/System/Library/Frameworks/Accelerate.framework/Versions/A/Frameworks/vecLib.framework/Versions/A/libBNNS.dylib
0x00007fff21038000 	/System/Library/Frameworks/Accelerate.framework/Versions/A/Frameworks/vecLib.framework/Versions/A/libSparse.dylib
0x00007fff2916a000 	/System/Library/Frameworks/MetalPerformanceShaders.framework/Versions/A/Frameworks/MPSCore.framework/Versions/A/MPSCore
0x00007fff2a3c8000 	/System/Library/Frameworks/MetalPerformanceShaders.framework/Versions/A/Frameworks/MPSImage.framework/Versions/A/MPSImage
0x00007fff29f69000 	/System/Library/Frameworks/MetalPerformanceShaders.framework/Versions/A/Frameworks/MPSNeuralNetwork.framework/Versions/A/MPSNeuralNetwork
0x00007fff2a33a000 	/System/Library/Frameworks/MetalPerformanceShaders.framework/Versions/A/Frameworks/MPSMatrix.framework/Versions/A/MPSMatrix
0x00007fff2a188000 	/System/Library/Frameworks/MetalPerformanceShaders.framework/Versions/A/Frameworks/MPSRayIntersector.framework/Versions/A/MPSRayIntersector
0x00007fff2a371000 	/System/Library/Frameworks/MetalPerformanceShaders.framework/Versions/A/Frameworks/MPSNDArray.framework/Versions/A/MPSNDArray
0x00007fff20cb9000 	/System/Library/PrivateFrameworks/MetalTools.framework/Versions/A/MetalTools
0x00007fff291da000 	/System/Library/PrivateFrameworks/AggregateDictionary.framework/Versions/A/AggregateDictionary
0x00007fff2663f000 	/System/Library/PrivateFrameworks/CoreAnalytics.framework/Versions/A/CoreAnalytics
0x00007fff2a95d000 	/System/Library/PrivateFrameworks/AppleSauce.framework/Versions/A/AppleSauce
0x00007fff284dc000 	/System/Library/PrivateFrameworks/IOAccelerator.framework/Versions/A/IOAccelerator
0x00007fff6bb7b000 	/System/Library/Frameworks/OpenGL.framework/Versions/A/Libraries/libCoreFSCache.dylib
0x00007fff216f2000 	/System/Library/PrivateFrameworks/LanguageModeling.framework/Versions/A/LanguageModeling
0x00007fff29b0a000 	/System/Library/PrivateFrameworks/CoreEmoji.framework/Versions/A/CoreEmoji
0x00007fff29287000 	/System/Library/PrivateFrameworks/LinguisticData.framework/Versions/A/LinguisticData
0x00007fff20fea000 	/System/Library/PrivateFrameworks/Lexicon.framework/Versions/A/Lexicon
0x00007fff2a86f000 	/usr/lib/libcmph.dylib
0x00007fff27331000 	/System/Library/Frameworks/OpenDirectory.framework/Versions/A/Frameworks/CFOpenDirectory.framework/Versions/A/CFOpenDirectory
0x00007fff27321000 	/System/Library/Frameworks/OpenDirectory.framework/Versions/A/OpenDirectory
0x00007fff2ade5000 	/System/Library/PrivateFrameworks/APFS.framework/Versions/A/APFS
0x00007fff29e30000 	/System/Library/Frameworks/SecurityFoundation.framework/Versions/A/SecurityFoundation
0x00007fff2aeef000 	/usr/lib/libutil.dylib
0x00007fff22ce4000 	/System/Library/PrivateFrameworks/CoreServicesStore.framework/Versions/A/CoreServicesStore
0x00007fff29ec6000 	/System/Library/Frameworks/ServiceManagement.framework/Versions/A/ServiceManagement
0x00007fff2aef3000 	/usr/lib/libxslt.1.dylib
0x00007fff29ebc000 	/System/Library/PrivateFrameworks/BackgroundTaskManagement.framework/Versions/A/BackgroundTaskManagement
0x00007fff2beac000 	/System/Library/Frameworks/ImageIO.framework/Versions/A/Resources/libRadiance.dylib
0x00007fff2beb6000 	/System/Library/Frameworks/ImageIO.framework/Versions/A/Resources/libJPEG.dylib
0x00007fff2be00000 	/System/Library/Frameworks/ImageIO.framework/Versions/A/Resources/libPng.dylib
0x00007fff2be27000 	/System/Library/Frameworks/ImageIO.framework/Versions/A/Resources/libTIFF.dylib
0x00007fff2bf0b000 	/System/Library/Frameworks/ImageIO.framework/Versions/A/Resources/libGIF.dylib
0x00007fff2bb52000 	/System/Library/Frameworks/ImageIO.framework/Versions/A/Resources/libJP2.dylib
0x00007fff2b26e000 	/usr/lib/libexpat.1.dylib
0x00007fff2bb08000 	/System/Library/PrivateFrameworks/AppleJPEG.framework/Versions/A/AppleJPEG
0x00007fff28712000 	/System/Library/PrivateFrameworks/FontServices.framework/libFontParser.dylib
0x00007fff263e6000 	/System/Library/PrivateFrameworks/RunningBoardServices.framework/Versions/A/RunningBoardServices
0x00007fff2bc32000 	/System/Library/PrivateFrameworks/WatchdogClient.framework/Versions/A/WatchdogClient
0x00007fff217db000 	/System/Library/Frameworks/CoreDisplay.framework/Versions/A/CoreDisplay
0x00007fff28627000 	/System/Library/Frameworks/CoreMedia.framework/Versions/A/CoreMedia
0x00007fff274b1000 	/System/Library/Frameworks/CoreVideo.framework/Versions/A/CoreVideo
0x00007fff2bc6d000 	/System/Library/Frameworks/VideoToolbox.framework/Versions/A/VideoToolbox
0x00007fff26366000 	/System/Library/PrivateFrameworks/BaseBoard.framework/Versions/A/BaseBoard
0x00007fff2b3b2000 	/System/Library/PrivateFrameworks/PersistentConnection.framework/Versions/A/PersistentConnection
0x00007fff26107000 	/System/Library/PrivateFrameworks/ProtocolBuffer.framework/Versions/A/ProtocolBuffer
0x00007fff2634e000 	/System/Library/PrivateFrameworks/CommonUtilities.framework/Versions/A/CommonUtilities
0x00007fff2bacb000 	/System/Library/PrivateFrameworks/Bom.framework/Versions/A/Bom
0x00007fff2bea4000 	/System/Library/PrivateFrameworks/GPUWrangler.framework/Versions/A/GPUWrangler
0x00007fff2be87000 	/System/Library/PrivateFrameworks/IOPresentment.framework/Versions/A/IOPresentment
0x00007fff2beb0000 	/System/Library/PrivateFrameworks/DSExternalDisplay.framework/Versions/A/DSExternalDisplay
0x00007fff2bf10000 	/System/Library/PrivateFrameworks/CMCaptureCore.framework/Versions/A/CMCaptureCore
0x00007fff2b84e000 	/System/Library/PrivateFrameworks/AppServerSupport.framework/Versions/A/AppServerSupport
0x00007fff2d8e9000 	/System/Library/PrivateFrameworks/perfdata.framework/Versions/A/perfdata
0x00007fff29e1f000 	/System/Library/PrivateFrameworks/AssertionServices.framework/Versions/A/AssertionServices
0x00007fff21912000 	/System/Library/PrivateFrameworks/AudioToolboxCore.framework/Versions/A/AudioToolboxCore
0x00007fff2860a000 	/System/Library/PrivateFrameworks/caulk.framework/Versions/A/caulk
0x00007fff3cd21000 	/System/Library/PrivateFrameworks/SystemPolicy.framework/Versions/A/SystemPolicy
0x00007fff2b07d000 	/usr/lib/libIOReport.dylib
0x00007fff2d125000 	/usr/lib/libSMC.dylib
0x00007fff2bdcc000 	/usr/lib/libAudioToolboxUtility.dylib
0x00007fff3d67b000 	/usr/lib/libmis.dylib
0x00007fff6bbd7000 	/System/Library/Frameworks/OpenGL.framework/Versions/A/Libraries/libGLU.dylib
0x00007fff6bb9a000 	/System/Library/Frameworks/OpenGL.framework/Versions/A/Libraries/libGFXShared.dylib
0x00007fff6bda8000 	/System/Library/Frameworks/OpenGL.framework/Versions/A/Libraries/libGL.dylib
0x00007fff6bba3000 	/System/Library/Frameworks/OpenGL.framework/Versions/A/Libraries/libGLImage.dylib
0x00007fff6bb97000 	/System/Library/Frameworks/OpenGL.framework/Versions/A/Libraries/libCVMSPluginSupport.dylib
0x00007fff6bb82000 	/System/Library/Frameworks/OpenGL.framework/Versions/A/Libraries/libCoreVMClient.dylib
0x00007fff6d1f2000 	/System/Library/Frameworks/OpenCL.framework/Versions/A/OpenCL
0x00007fff2b3db000 	/System/Library/PrivateFrameworks/GraphVisualizer.framework/Versions/A/GraphVisualizer
0x00007fff2b3ea000 	/System/Library/PrivateFrameworks/FaceCore.framework/Versions/A/FaceCore
0x00007fff2b806000 	/System/Library/PrivateFrameworks/OTSVG.framework/Versions/A/OTSVG
0x00007fff270a6000 	/System/Library/Frameworks/ApplicationServices.framework/Versions/A/Frameworks/ATS.framework/Versions/A/Resources/libFontRegistry.dylib
0x00007fff2b855000 	/System/Library/PrivateFrameworks/FontServices.framework/libhvf.dylib
0x00007fff2b21a000 	/System/Library/PrivateFrameworks/AppleVA.framework/Versions/A/AppleVA
0x00007fff2cf6d000 	/System/Library/Frameworks/ApplicationServices.framework/Versions/A/Frameworks/ATS.framework/Versions/A/ATS
0x00007fff2d280000 	/System/Library/Frameworks/ApplicationServices.framework/Versions/A/Frameworks/ColorSyncLegacy.framework/Versions/A/ColorSyncLegacy
0x00007fff258e5000 	/System/Library/Frameworks/ApplicationServices.framework/Versions/A/Frameworks/HIServices.framework/Versions/A/HIServices
0x00007fff2d265000 	/System/Library/Frameworks/ApplicationServices.framework/Versions/A/Frameworks/LangAnalysis.framework/Versions/A/LangAnalysis
0x00007fff2bf1a000 	/System/Library/Frameworks/ApplicationServices.framework/Versions/A/Frameworks/PrintCore.framework/Versions/A/PrintCore
0x00007fff2d288000 	/System/Library/Frameworks/ApplicationServices.framework/Versions/A/Frameworks/QD.framework/Versions/A/QD
0x00007fff2cf5d000 	/System/Library/Frameworks/ApplicationServices.framework/Versions/A/Frameworks/SpeechSynthesis.framework/Versions/A/SpeechSynthesis
0x00007fff2bedb000 	/System/Library/Frameworks/ApplicationServices.framework/Versions/A/Frameworks/ATSUI.framework/Versions/A/ATSUI
0x00007fff2d205000 	/usr/lib/libcups.2.dylib
0x00007fff2d275000 	/System/Library/PrivateFrameworks/NetAuth.framework/Versions/A/NetAuth
0x00007fff2d904000 	/System/Library/Frameworks/Kerberos.framework/Versions/A/Kerberos
0x00007fff2d914000 	/System/Library/Frameworks/GSS.framework/Versions/A/GSS
0x00007fff2cfda000 	/usr/lib/libresolv.9.dylib
0x00007fff2b86b000 	/System/Library/PrivateFrameworks/Heimdal.framework/Versions/A/Heimdal
0x00007fff335a7000 	/System/Library/Frameworks/Kerberos.framework/Versions/A/Libraries/libHeimdalProxy.dylib
0x00007fff264b3000 	/System/Library/Frameworks/Network.framework/Versions/A/Network
0x00007fff2b287000 	/usr/lib/libheimdal-asn1.dylib
0x00007fff2d965000 	/System/Library/PrivateFrameworks/CommonAuth.framework/Versions/A/CommonAuth
0x00007fff274ff000 	/System/Library/PrivateFrameworks/login.framework/Versions/A/Frameworks/loginsupport.framework/Versions/A/loginsupport
0x00007fff2cee4000 	/System/Library/PrivateFrameworks/AudioSession.framework/Versions/A/AudioSession
0x00007fff2cf4a000 	/usr/lib/libAudioStatistics.dylib
0x00007fff2b313000 	/System/Library/PrivateFrameworks/MediaExperience.framework/Versions/A/MediaExperience
0x00007fff2cd7d000 	/System/Library/PrivateFrameworks/AudioSession.framework/libSessionUtility.dylib
0x00007fff2d8f5000 	/usr/lib/libperfcheck.dylib
0x00007fff2d294000 	/System/Library/PrivateFrameworks/AudioResourceArbitration.framework/Versions/A/AudioResourceArbitration
0x00007fff2b291000 	/System/Library/PrivateFrameworks/IconFoundation.framework/Versions/A/IconFoundation
0x00007fff2fd90000 	/System/Library/PrivateFrameworks/SpeechRecognitionCore.framework/Versions/A/SpeechRecognitionCore
0x000000010c000000 	/Users/tristanpoland/Library/Application Support/gdlauncher_next/java/8u242-b08/lib/server/libjvm.dylib
0x00007fff7810a000 	/usr/lib/libstdc++.6.dylib
0x00000001078e2000 	/Users/tristanpoland/Library/Application Support/gdlauncher_next/java/8u242-b08/lib/libverify.dylib
0x00000001078ef000 	/Users/tristanpoland/Library/Application Support/gdlauncher_next/java/8u242-b08/lib/libjava.dylib
0x000000010796f000 	/Users/tristanpoland/Library/Application Support/gdlauncher_next/java/8u242-b08/lib/libzip.dylib
0x00000001126de000 	/Users/tristanpoland/Library/Application Support/gdlauncher_next/java/8u242-b08/lib/libnio.dylib
0x00000001126ee000 	/Users/tristanpoland/Library/Application Support/gdlauncher_next/java/8u242-b08/lib/libnet.dylib
0x0000000112bee000 	/Users/tristanpoland/Library/Application Support/gdlauncher_next/java/8u242-b08/lib/libmanagement.dylib
0x00000001368f9000 	/Users/tristanpoland/Library/Application Support/gdlauncher_next/java/8u242-b08/lib/libunpack.dylib
0x0000000136f12000 	/Users/tristanpoland/Library/Application Support/gdlauncher_next/java/8u242-b08/lib/libawt.dylib
0x0000000136fbb000 	/Users/tristanpoland/Library/Application Support/gdlauncher_next/java/8u242-b08/lib/libmlib_image.dylib
0x00007fff6eb27000 	/System/Library/Frameworks/JavaNativeFoundation.framework/Versions/A/JavaNativeFoundation
0x00007fff6eb33000 	/System/Library/Frameworks/JavaRuntimeSupport.framework/Versions/A/JavaRuntimeSupport
0x00007fff3ca6b000 	/System/Library/Frameworks/Carbon.framework/Versions/A/Carbon
0x00007fff31c01000 	/System/Library/PrivateFrameworks/CoreSymbolication.framework/Versions/A/CoreSymbolication
0x00007fff36522000 	/System/Library/Frameworks/Carbon.framework/Versions/A/Frameworks/CommonPanels.framework/Versions/A/CommonPanels
0x00007fff3303c000 	/System/Library/Frameworks/Carbon.framework/Versions/A/Frameworks/Help.framework/Versions/A/Help
0x00007fff36526000 	/System/Library/Frameworks/Carbon.framework/Versions/A/Frameworks/ImageCapture.framework/Versions/A/ImageCapture
0x00007fff364f6000 	/System/Library/Frameworks/Carbon.framework/Versions/A/Frameworks/OpenScripting.framework/Versions/A/OpenScripting
0x00007fff3651e000 	/System/Library/Frameworks/Carbon.framework/Versions/A/Frameworks/Ink.framework/Versions/A/Ink
0x00007fff3ca67000 	/System/Library/Frameworks/Carbon.framework/Versions/A/Frameworks/Print.framework/Versions/A/Print
0x00007fff3651a000 	/System/Library/Frameworks/Carbon.framework/Versions/A/Frameworks/SecurityHI.framework/Versions/A/SecurityHI
0x00007fff31bc5000 	/System/Library/PrivateFrameworks/DebugSymbols.framework/Versions/A/DebugSymbols
0x0000000137087000 	/Users/tristanpoland/Library/Application Support/gdlauncher_next/java/8u242-b08/lib/libawt_lwawt.dylib
0x0000000137141000 	/Users/tristanpoland/Library/Application Support/gdlauncher_next/java/8u242-b08/lib/libosxapp.dylib
0x00007fff3c086000 	/System/Library/Frameworks/ExceptionHandling.framework/Versions/A/ExceptionHandling
0x00007fff22ca5000 	/System/Library/PrivateFrameworks/CoreServicesInternal.framework/Versions/A/CoreServicesInternal
0x00007fff31117000 	/System/Library/Frameworks/FileProvider.framework/Versions/A/FileProvider
0x00007fff262d1000 	/System/Library/Frameworks/Accounts.framework/Versions/A/Accounts
0x00007fff31267000 	/System/Library/PrivateFrameworks/GenerationalStorage.framework/Versions/A/GenerationalStorage
0x00007fff30b37000 	/System/Library/PrivateFrameworks/SymptomDiagnosticReporter.framework/Versions/A/SymptomDiagnosticReporter
0x00007fff23dd3000 	/System/Library/PrivateFrameworks/DesktopServicesPriv.framework/Versions/A/DesktopServicesPriv
0x00007fff22dda000 	/usr/lib/libsandbox.1.dylib
0x00007fff2752a000 	/System/Library/PrivateFrameworks/UserManagement.framework/Versions/A/UserManagement
0x00007fff29dfc000 	/System/Library/PrivateFrameworks/MobileKeyBag.framework/Versions/A/MobileKeyBag
0x00007fff34629000 	/System/Library/PrivateFrameworks/ChunkingLibrary.framework/Versions/A/ChunkingLibrary
0x00007fff2e328000 	/System/Library/PrivateFrameworks/Sharing.framework/Versions/A/Sharing
0x00007fff32ba9000 	/System/Library/PrivateFrameworks/Apple80211.framework/Versions/A/Apple80211
0x00007fff2a4a9000 	/System/Library/PrivateFrameworks/AuthKit.framework/Versions/A/AuthKit
0x00007fff29bfa000 	/System/Library/PrivateFrameworks/CoreUtils.framework/Versions/A/CoreUtils
0x00007fff29b27000 	/System/Library/Frameworks/CoreWLAN.framework/Versions/A/CoreWLAN
0x00007fff2e474000 	/System/Library/Frameworks/IOBluetooth.framework/Versions/A/IOBluetooth
0x00007fff32c0d000 	/System/Library/PrivateFrameworks/CoreWiFi.framework/Versions/A/CoreWiFi
0x00007fff2d9eb000 	/System/Library/PrivateFrameworks/CorePhoneNumbers.framework/Versions/A/CorePhoneNumbers
0x00007fff30c3e000 	/System/Library/PrivateFrameworks/DiskManagement.framework/Versions/A/DiskManagement
0x00007fff30b54000 	/System/Library/PrivateFrameworks/AppleIDAuthSupport.framework/Versions/A/AppleIDAuthSupport
0x00007fff2d9cb000 	/System/Library/PrivateFrameworks/KeychainCircle.framework/Versions/A/KeychainCircle
0x00007fff30c0a000 	/System/Library/PrivateFrameworks/MediaKit.framework/Versions/A/MediaKit
0x00007fff30b61000 	/System/Library/Frameworks/DiscRecording.framework/Versions/A/DiscRecording
0x00007fff2b18e000 	/usr/lib/libCoreStorage.dylib
0x00007fff33048000 	/usr/lib/libcsfde.dylib
0x00007fff2e5af000 	/System/Library/PrivateFrameworks/ProtectedCloudStorage.framework/Versions/A/ProtectedCloudStorage
0x00007fff33040000 	/System/Library/PrivateFrameworks/EFILogin.framework/Versions/A/EFILogin
0x00007fff3365a000 	/System/Library/Frameworks/AudioUnit.framework/Versions/A/AudioUnit
0x00007fff30ad1000 	/System/Library/Frameworks/CoreBluetooth.framework/Versions/A/CoreBluetooth
0x00007fff2b186000 	/usr/lib/libMatch.1.dylib
0x00007fff438e6000 	/System/Library/CoreServices/RawCamera.bundle/Contents/MacOS/RawCamera
0x00007fff2d976000 	/System/Library/PrivateFrameworks/MobileAsset.framework/Versions/A/MobileAsset
0x00007fff3367e000 	/System/Library/PrivateFrameworks/StreamingZip.framework/Versions/A/StreamingZip
0x00007fff2c112000 	/System/Library/Frameworks/MediaToolbox.framework/Versions/A/MediaToolbox
0x00007fff310e9000 	/System/Library/PrivateFrameworks/CoreAVCHD.framework/Versions/A/CoreAVCHD
0x00007fff302d0000 	/System/Library/Frameworks/MediaAccessibility.framework/Versions/A/MediaAccessibility
0x00007fff310e5000 	/System/Library/PrivateFrameworks/Mangrove.framework/Versions/A/Mangrove
0x00007fff302dc000 	/System/Library/PrivateFrameworks/AlgosScoreFramework.framework/Versions/A/AlgosScoreFramework
0x00007fff31ad3000 	/System/Library/PrivateFrameworks/AppleVPA.framework/Versions/A/AppleVPA
0x00007fff30d2a000 	/System/Library/PrivateFrameworks/CoreAUC.framework/Versions/A/CoreAUC
0x00007fff4133d000 	/System/Library/Frameworks/Accelerate.framework/Versions/A/Frameworks/vImage.framework/Versions/A/Libraries/libCGInterfaces.dylib
0x0000000139364000 	/usr/lib/libobjc-trampolines.dylib
0x00007fff354c3000 	/System/Library/PrivateFrameworks/FamilyControls.framework/Versions/A/FamilyControls
0x00007fff354e7000 	/System/Library/PrivateFrameworks/CommerceKit.framework/Versions/A/Frameworks/CommerceCore.framework/Versions/A/CommerceCore
0x00007fff3030d000 	/System/Library/PrivateFrameworks/SystemAdministration.framework/Versions/A/SystemAdministration
0x00007fff2e596000 	/System/Library/PrivateFrameworks/AppContainer.framework/Versions/A/AppContainer
0x00007fff2e5ab000 	/System/Library/PrivateFrameworks/SecCodeWrapper.framework/Versions/A/SecCodeWrapper
0x00007fff2b085000 	/System/Library/PrivateFrameworks/CrashReporterSupport.framework/Versions/A/CrashReporterSupport
0x00007fff47a60000 	/System/Library/PrivateFrameworks/OSAnalytics.framework/Versions/A/OSAnalytics
0x00007fff779f0000 	/usr/lib/libRosetta.dylib
0x00007fff32fcf000 	/System/Library/PrivateFrameworks/RemoteServiceDiscovery.framework/Versions/A/RemoteServiceDiscovery
0x00007fff51700000 	/System/Library/PrivateFrameworks/Symbolication.framework/Versions/A/Symbolication
0x00007fff3d65b000 	/System/Library/PrivateFrameworks/MallocStackLogging.framework/Versions/A/MallocStackLogging
0x00007fff2b92c000 	/System/Library/PrivateFrameworks/login.framework/Versions/A/login
0x00007fff2fd5c000 	/System/Library/Frameworks/DirectoryService.framework/Versions/A/DirectoryService
0x00007fff32ee8000 	/System/Library/PrivateFrameworks/DiskImages.framework/Versions/A/DiskImages
0x00007fff330bb000 	/System/Library/PrivateFrameworks/LoginUIKit.framework/Versions/A/Frameworks/LoginUICore.framework/Versions/A/LoginUICore
0x00007fff2bac7000 	/usr/lib/libodfde.dylib
0x00007fff33054000 	/usr/lib/libcurl.4.dylib
0x00007fff32db4000 	/usr/lib/libcrypto.44.dylib
0x00007fff32eba000 	/usr/lib/libssl.46.dylib
0x00007fff32d7a000 	/System/Library/Frameworks/LDAP.framework/Versions/A/LDAP
0x00007fff32db2000 	/System/Library/PrivateFrameworks/TrustEvaluationAgent.framework/Versions/A/TrustEvaluationAgent
0x00007fff2cff3000 	/usr/lib/libsasl2.2.dylib
0x00007fff30301000 	/System/Library/PrivateFrameworks/CoreDaemon.framework/Versions/B/CoreDaemon
0x00007fff302fc000 	/System/Library/PrivateFrameworks/AppleSRP.framework/Versions/A/AppleSRP
0x00007fff27229000 	/System/Library/PrivateFrameworks/ViewBridge.framework/Versions/A/ViewBridge
0x000000013ba45000 	/Users/tristanpoland/Library/Application Support/gdlauncher_next/java/8u242-b08/lib/libfontmanager.dylib
0x000000013baaf000 	/Users/tristanpoland/Library/Application Support/gdlauncher_next/java/8u242-b08/lib/libfreetype.6.dylib
0x000000013bb81000 	/Users/tristanpoland/Library/Application Support/gdlauncher_next/instances/Cosmos modpack/natives/liblwjgl.dylib
0x000000013bbf3000 	/Users/tristanpoland/Library/Application Support/gdlauncher_next/java/8u242-b08/lib/libjawt.dylib
0x00007fff6bdb3000 	/System/Library/Frameworks/OpenGL.framework/Versions/A/Resources/GLEngine.bundle/GLEngine
0x00007fff6bc14000 	/System/Library/Frameworks/OpenGL.framework/Versions/A/Libraries/libGLProgrammability.dylib
0x00007fff65cec000 	/System/Library/Extensions/AppleIntelHD5000GraphicsGLDriver.bundle/Contents/MacOS/AppleIntelHD5000GraphicsGLDriver
0x00007fff4642a000 	/System/Library/PrivateFrameworks/GPUSupport.framework/Versions/A/Libraries/libGPUSupportMercury.dylib
0x00007fff613d2000 	/System/Library/Extensions/GeForceGLDriver.bundle/Contents/MacOS/GeForceGLDriver
0x00007fff60d0a000 	/System/Library/Extensions/GeForceGLDriver.bundle/Contents/MacOS/libclh.dylib
0x00007fff6bf31000 	/System/Library/Frameworks/OpenGL.framework/Versions/A/Resources/GLRendererFloat.bundle/GLRendererFloat

VM Arguments:
jvm_args: -Xmx10240m -Xms10240m -Dfml.ignorePatchDiscrepancies=true -Dfml.ignoreInvalidMinecraftCertificates=true -Xms256m -Djava.library.path=/Users/tristanpoland/Library/Application Support/gdlauncher_next/instances/Cosmos modpack/natives -Dminecraft.applet.TargetDirectory=/Users/tristanpoland/Library/Application Support/gdlauncher_next/instances/Cosmos modpack 
java_command: net.minecraft.launchwrapper.Launch --username TristanPoland --version 1.12.2 --gameDir /Users/tristanpoland/Library/Application Support/gdlauncher_next/instances/Cosmos modpack --assetsDir /Users/tristanpoland/Library/Application Support/gdlauncher_next/datastore/assets --assetIndex 1.12 --uuid a4686b5b2f264015887dc42382f3f73d --accessToken eyJhbGciOiJIUzI1NiJ9.eyJzdWIiOiIxNGI4MjE4YWMyNzE0YjJmYjE0ZTljY2E3NTA0YmE2YiIsInlnZ3QiOiI1Yzk0MWY5MTQyYmU0ZjA4YjUyOGRhM2NmNDVjYzBmNyIsInNwciI6ImE0Njg2YjViMmYyNjQwMTU4ODdkYzQyMzgyZjNmNzNkIiwiaXNzIjoiWWdnZHJhc2lsLUF1dGgiLCJleHAiOjE2MzMzNDQzOTcsImlhdCI6MTYzMzE3MTU5N30.bTykNKGLJGto6HCryjLrsb1GJUmxHgXQ5Bqt3FNNC9Q --userType mojang --tweakClass net.minecraftforge.fml.common.launcher.FMLTweaker --versionType Forge --width 854 --height 480
java_class_path (initial): /Users/tristanpoland/Library/Application Support/gdlauncher_next/datastore/libraries/net/minecraftforge/forge/1.12.2-14.23.5.2855/forge-1.12.2-14.23.5.2855.jar:/Users/tristanpoland/Library/Application Support/gdlauncher_next/datastore/libraries/org/ow2/asm/asm-debug-all/5.2/asm-debug-all-5.2.jar:/Users/tristanpoland/Library/Application Support/gdlauncher_next/datastore/libraries/net/minecraft/launchwrapper/1.12/launchwrapper-1.12.jar:/Users/tristanpoland/Library/Application Support/gdlauncher_next/datastore/libraries/org/jline/jline/3.5.1/jline-3.5.1.jar:/Users/tristanpoland/Library/Application Support/gdlauncher_next/datastore/libraries/com/typesafe/akka/akka-actor_2.11/2.3.3/akka-actor_2.11-2.3.3.jar:/Users/tristanpoland/Library/Application Support/gdlauncher_next/datastore/libraries/com/typesafe/config/1.2.1/config-1.2.1.jar:/Users/tristanpoland/Library/Application Support/gdlauncher_next/datastore/libraries/org/scala-lang/scala-actors-migration_2.11/1.1.0/scala-actors-migration_2.11-1.1.0.jar:/Users/tristanpoland/Library/Application Support/gdlauncher_next/datastore/libraries/org/scala-lang/scala-compiler/2.11.1/scala-compiler-2.11.1.jar:/Users/tristanpoland/Library/Application Support/gdlauncher_next/datastore/libraries/org/scala-lang/plugins/scala-continuations-library_2.11/1.0.2_mc/scala-continuations-library_2.11-1.0.2_mc.jar:/Users/tristanpoland/Library/Application Support/gdlauncher_next/datastore/libraries/org/scala-lang/plugins/scala-continuations-plugin_2.11.1/1.0.2_mc/scala-continuations-plugin_2.11.1-1.0.2_mc.jar:/Users/tristanpoland/Library/Application Support/gdlauncher_next/datastore/libraries/org/scala-lang/scala-library/2.11.1/scala-library-2.11.1.jar:/Users/tristanpoland/Library/Application Support/gdlauncher_next/datastore/libraries/org/scala-lang/scala-parser-combinators_2.11/1.0.1/scala-parser-combinators_2.11-1.0.1.jar:/Users/tristanpoland/Library/Application Support/gdlauncher_next/datastore/libraries/org/scala-
Launcher Type: SUN_STANDARD

Environment Variables:
PATH=/usr/bin:/bin:/usr/sbin:/sbin
SHELL=/bin/bash
DISPLAY=/private/tmp/com.apple.launchd.qKcaQg0EYu/org.macosforge.xquartz:0

Signal Handlers:
SIGSEGV: [libjvm.dylib+0x588183], sa_mask[0]=11111111011111110111111111111111, sa_flags=SA_ONSTACK|SA_RESTART|SA_SIGINFO
SIGBUS: [libjvm.dylib+0x588183], sa_mask[0]=11111111011111110111111111111111, sa_flags=SA_RESTART|SA_SIGINFO
SIGFPE: [libjvm.dylib+0x46288c], sa_mask[0]=11111111011111110111111111111111, sa_flags=SA_RESTART|SA_SIGINFO
SIGPIPE: [libjvm.dylib+0x46288c], sa_mask[0]=11111111011111110111111111111111, sa_flags=SA_RESTART|SA_SIGINFO
SIGXFSZ: [libjvm.dylib+0x46288c], sa_mask[0]=11111111011111110111111111111111, sa_flags=SA_RESTART|SA_SIGINFO
SIGILL: [libjvm.dylib+0x46288c], sa_mask[0]=11111111011111110111111111111111, sa_flags=SA_RESTART|SA_SIGINFO
SIGUSR1: SIG_DFL, sa_mask[0]=00000000000000000000000000000000, sa_flags=SA_RESTART
SIGUSR2: [libjvm.dylib+0x4623aa], sa_mask[0]=00000000000000000000000000000000, sa_flags=SA_RESTART|SA_SIGINFO
SIGHUP: [libjvm.dylib+0x460935], sa_mask[0]=11111111011111110111111111111111, sa_flags=SA_RESTART|SA_SIGINFO
SIGINT: [libjvm.dylib+0x460935], sa_mask[0]=11111111011111110111111111111111, sa_flags=SA_RESTART|SA_SIGINFO
SIGTERM: [libjvm.dylib+0x460935], sa_mask[0]=11111111011111110111111111111111, sa_flags=SA_RESTART|SA_SIGINFO
SIGQUIT: [libjvm.dylib+0x460935], sa_mask[0]=11111111011111110111111111111111, sa_flags=SA_RESTART|SA_SIGINFO


---------------  S Y S T E M  ---------------

OS:Bsduname:Darwin 20.5.0 Darwin Kernel Version 20.5.0: Sat May  8 05:10:33 PDT 2021; root:xnu-7195.121.3~9/RELEASE_X86_64 x86_64
rlimit: STACK 8192k, CORE 0k, NPROC 2784, NOFILE 10240, AS infinity
load average:4.62 3.86 3.81

CPU:total 8 (initial active 8) (4 cores per cpu, 2 threads per core) family 6 model 70 stepping 1, cmov, cx8, fxsr, mmx, sse, sse2, sse3, ssse3, sse4.1, sse4.2, popcnt, avx, avx2, aes, clmul, erms, lzcnt, ht, tsc, tscinvbit, bmi1, bmi2

Memory: 4k page, physical 16777216k(2598936k free)

/proc/meminfo:


vm_info: OpenJDK 64-Bit Server VM (25.242-b08) for bsd-amd64 JRE (1.8.0_242-b08), built on Jan 19 2020 06:43:11 by "jenkins" with gcc 4.2.1 (Based on Apple Inc. build 5658) (LLVM build 2336.11.00)

time: Sun Oct  3 10:52:21 2021
timezone: EDT
elapsed time: 16 seconds (0d 0h 0m 16s)

