#
# A fatal error has been detected by the Java Runtime Environment:
#
#  SIGSEGV (0xb) at pc=0x00007fff2030d4af, pid=41851, tid=0x0000000000000f03
#
# JRE version: OpenJDK Runtime Environment (8.0_242-b08) (build 1.8.0_242-b08)
# Java VM: OpenJDK 64-Bit Server VM (25.242-b08 mixed mode bsd-amd64 compressed oops)
# Problematic frame:
# C  [libobjc.A.dylib+0x84af]  objc_release+0x1f
#
# Failed to write core dump. Core dumps have been disabled. To enable core dumping, try "ulimit -c unlimited" before starting Java again
#
# If you would like to submit a bug report, please visit:
#   http://bugreport.java.com/bugreport/crash.jsp
# The crash happened outside the Java Virtual Machine in native code.
# See problematic frame for where to report the bug.
#

---------------  T H R E A D  ---------------

Current thread (0x00007fdeee009000):  JavaThread "Client thread" [_thread_in_native, id=3843, stack(0x0000700009b88000,0x0000700009c88000)]

siginfo: si_signo: 11 (SIGSEGV), si_code: 0 (unknown), si_addr: 0x0000000000000000

Registers:
RAX=0xffffffffffffffff, RBX=0x0000000000000001, RCX=0x00007ffffffffff8, RDX=0x0000000000000005
RSP=0x0000700009c868b8, RBP=0x0000700009c868f0, RSI=0x00007fdef3729be0, RDI=0x00007fdef372e840
R8 =0x00007fdef6371940, R9 =0x000000000000001f, R10=0x0000000137696c68, R11=0x00007fff22d3210a
R12=0x00007fdef372e840, R13=0xa3a3a3a3a3a3a3a3, R14=0x00007fdeed858080, R15=0x00007fdeed858000
RIP=0x00007fff2030d4af, EFLAGS=0x0000000000010202, ERR=0x0000000000000000
  TRAPNO=0x000000000000000d

Top of Stack: (sp=0x0000700009c868b8)
0x0000700009c868b8:   00007fff2032b20f 17daf20a3f300000
0x0000700009c868c8:   00007fdeed858000 0000000000000000
0x0000700009c868d8:   000000013988d898 00007fff7ba5b857
0x0000700009c868e8:   00007fdeee009000 0000700009c86910
0x0000700009c868f8:   00007fff2030de30 17daf20a3f3000bc
0x0000700009c86908:   00007fdeed858080 0000700009c86930
0x0000700009c86918:   00007fff20527a86 17daf20a3f3000bc
0x0000700009c86928:   00007fdef3e04cf0 0000700009c86970
0x0000700009c86938:   00007fff212b1333 0000700009c86970
0x0000700009c86948:   000000013766ee0f 000000013988d8a0
0x0000700009c86958:   17daf20a3f3000bc 000000013988d8a0
0x0000700009c86968:   0000700009c869f8 0000700009c869d0
0x0000700009c86978:   0000000110af2407 00000006fb5c5180
0x0000700009c86988:   0000000110af2122 0000700009c86990
0x0000700009c86998:   000000013988d898 0000700009c869f8
0x0000700009c869a8:   000000013988de00 0000000000000000
0x0000700009c869b8:   000000013988d8a0 0000000000000000
0x0000700009c869c8:   0000700009c869f0 0000700009c86a40
0x0000700009c869d8:   0000000110ae1ffd 00000006fb6b70e8
0x0000700009c869e8:   0000000110aeba58 00000006fb6cc968
0x0000700009c869f8:   00000006fb5c5180 0000700009c86a00
0x0000700009c86a08:   000000013988d79f 0000700009c86a70
0x0000700009c86a18:   000000013988de00 0000000000000000
0x0000700009c86a28:   000000013988d810 0000700009c869f0
0x0000700009c86a38:   0000700009c86a60 0000700009c86ac8
0x0000700009c86a48:   0000000110ae2042 0000000000000000
0x0000700009c86a58:   00000006fb5c5180 00000006fb6cc968
0x0000700009c86a68:   00000006fb5c50c8 00000006fb6b7178
0x0000700009c86a78:   0000000110aed9e7 00000006fb6b7188
0x0000700009c86a88:   0000700009c86a78 000000013988b116
0x0000700009c86a98:   0000700009c86ad8 000000013988c028
0x0000700009c86aa8:   0000000000000000 000000013988b148 

Instructions: (pc=0x00007fff2030d4af)
0x00007fff2030d48f:   90 48 85 ff 74 76 89 f8 83 e0 01 48 85 c0 75 6c
0x00007fff2030d49f:   48 8b 07 48 b9 f8 ff ff ff ff 7f 00 00 48 21 c1
0x00007fff2030d4af:   48 8b 51 20 f6 c2 04 74 54 a8 01 74 6f 48 b9 00
0x00007fff2030d4bf:   00 00 00 00 00 80 00 48 ba 00 00 00 00 00 00 00 

Register to memory mapping:

RAX=0xffffffffffffffff is an unknown value
RBX=0x0000000000000001 is an unknown value
RCX=0x00007ffffffffff8 is an unknown value
RDX=0x0000000000000005 is an unknown value
RSP=0x0000700009c868b8 is pointing into the stack for thread: 0x00007fdeee009000
RBP=0x0000700009c868f0 is pointing into the stack for thread: 0x00007fdeee009000
RSI=0x00007fdef3729be0 is an unknown value
RDI=0x00007fdef372e840 is an unknown value
R8 =0x00007fdef6371940 is an unknown value
R9 =0x000000000000001f is an unknown value
R10=0x0000000137696c68: OBJC_CLASS_$_MacOSXOpenGLView+0 in /Users/tristanpoland/Library/Application Support/gdlauncher_next/instances/Cosmos modpack/natives/liblwjgl.dylib at 0x0000000137659000
R11=0x00007fff22d3210a: -[NSResponder release]+0 in /System/Library/Frameworks/AppKit.framework/Versions/C/AppKit at 0x00007fff22d27000
R12=0x00007fdef372e840 is an unknown value
R13=0xa3a3a3a3a3a3a3a3 is an unknown value
R14=0x00007fdeed858080 is an unknown value
R15=0x00007fdeed858000 is an unknown value


Stack: [0x0000700009b88000,0x0000700009c88000],  sp=0x0000700009c868b8,  free space=1018k
Native frames: (J=compiled Java code, j=interpreted, Vv=VM code, C=native code)
C  [libobjc.A.dylib+0x84af]  objc_release+0x1f
C  [libobjc.A.dylib+0x8e30]  objc_autoreleasePoolPop+0xa1
C  [CoreFoundation+0x42a86]  _CFAutoreleasePoolPop+0x16
C  [Foundation+0x1f333]  -[NSAutoreleasePool release]+0x83
j  org.lwjgl.opengl.MacOSXContextImplementation.setView(Ljava/nio/ByteBuffer;Ljava/nio/ByteBuffer;)V+0
j  org.lwjgl.opengl.MacOSXContextImplementation.makeCurrent(Lorg/lwjgl/opengl/PeerInfo;Ljava/nio/ByteBuffer;)V+7
j  org.lwjgl.opengl.ContextGL.makeCurrent()V+46
j  org.lwjgl.opengl.DrawableGL.makeCurrent()V+14
j  org.lwjgl.opengl.Display.makeCurrent()V+3
j  org.lwjgl.opengl.Display.makeCurrentAndSetSwapInterval()V+0
j  org.lwjgl.opengl.Display.create(Lorg/lwjgl/opengl/PixelFormat;Lorg/lwjgl/opengl/Drawable;Lorg/lwjgl/opengl/ContextAttribs;)V+108
j  org.lwjgl.opengl.Display.create(Lorg/lwjgl/opengl/PixelFormat;)V+12
j  net.minecraft.client.Minecraft.func_175609_am()V+22
j  net.minecraft.client.Minecraft.func_71384_a()V+119
j  net.minecraft.client.Minecraft.func_99999_d()V+6
j  net.minecraft.client.main.Main.main([Ljava/lang/String;)V+1094
v  ~StubRoutines::call_stub
V  [libjvm.dylib+0x2e3fa7]  JavaCalls::call_helper(JavaValue*, methodHandle*, JavaCallArguments*, Thread*)+0x6a7
V  [libjvm.dylib+0x4ac608]  Reflection::invoke(instanceKlassHandle, methodHandle, Handle, bool, objArrayHandle, BasicType, objArrayHandle, bool, Thread*)+0xe12
V  [libjvm.dylib+0x4acb3c]  Reflection::invoke_method(oopDesc*, Handle, objArrayHandle, Thread*)+0x16c
V  [libjvm.dylib+0x3204b6]  JVM_InvokeMethod+0x1a0
j  sun.reflect.NativeMethodAccessorImpl.invoke0(Ljava/lang/reflect/Method;Ljava/lang/Object;[Ljava/lang/Object;)Ljava/lang/Object;+0
j  sun.reflect.NativeMethodAccessorImpl.invoke(Ljava/lang/Object;[Ljava/lang/Object;)Ljava/lang/Object;+100
j  sun.reflect.DelegatingMethodAccessorImpl.invoke(Ljava/lang/Object;[Ljava/lang/Object;)Ljava/lang/Object;+6
j  java.lang.reflect.Method.invoke(Ljava/lang/Object;[Ljava/lang/Object;)Ljava/lang/Object;+56
j  net.minecraft.launchwrapper.Launch.launch([Ljava/lang/String;)V+661
j  net.minecraft.launchwrapper.Launch.main([Ljava/lang/String;)V+8
v  ~StubRoutines::call_stub
V  [libjvm.dylib+0x2e3fa7]  JavaCalls::call_helper(JavaValue*, methodHandle*, JavaCallArguments*, Thread*)+0x6a7
V  [libjvm.dylib+0x2fed90]  jni_invoke_static(JNIEnv_*, JavaValue*, _jobject*, JNICallType, _jmethodID*, JNI_ArgumentPusher*, Thread*)+0x1bf
V  [libjvm.dylib+0x2f776b]  jni_CallStaticVoidMethod+0x15d
C  [java+0x38c6]  JavaMain+0x9c4
C  [libsystem_pthread.dylib+0x68fc]  _pthread_start+0xe0
C  [libsystem_pthread.dylib+0x2443]  thread_start+0xf
C  0x0000000000000000

Java frames: (J=compiled Java code, j=interpreted, Vv=VM code)
j  org.lwjgl.opengl.MacOSXContextImplementation.setView(Ljava/nio/ByteBuffer;Ljava/nio/ByteBuffer;)V+0
j  org.lwjgl.opengl.MacOSXContextImplementation.makeCurrent(Lorg/lwjgl/opengl/PeerInfo;Ljava/nio/ByteBuffer;)V+7
j  org.lwjgl.opengl.ContextGL.makeCurrent()V+46
j  org.lwjgl.opengl.DrawableGL.makeCurrent()V+14
j  org.lwjgl.opengl.Display.makeCurrent()V+3
j  org.lwjgl.opengl.Display.makeCurrentAndSetSwapInterval()V+0
j  org.lwjgl.opengl.Display.create(Lorg/lwjgl/opengl/PixelFormat;Lorg/lwjgl/opengl/Drawable;Lorg/lwjgl/opengl/ContextAttribs;)V+108
j  org.lwjgl.opengl.Display.create(Lorg/lwjgl/opengl/PixelFormat;)V+12
j  net.minecraft.client.Minecraft.func_175609_am()V+22
j  net.minecraft.client.Minecraft.func_71384_a()V+119
j  net.minecraft.client.Minecraft.func_99999_d()V+6
j  net.minecraft.client.main.Main.main([Ljava/lang/String;)V+1094
v  ~StubRoutines::call_stub
j  sun.reflect.NativeMethodAccessorImpl.invoke0(Ljava/lang/reflect/Method;Ljava/lang/Object;[Ljava/lang/Object;)Ljava/lang/Object;+0
j  sun.reflect.NativeMethodAccessorImpl.invoke(Ljava/lang/Object;[Ljava/lang/Object;)Ljava/lang/Object;+100
j  sun.reflect.DelegatingMethodAccessorImpl.invoke(Ljava/lang/Object;[Ljava/lang/Object;)Ljava/lang/Object;+6
j  java.lang.reflect.Method.invoke(Ljava/lang/Object;[Ljava/lang/Object;)Ljava/lang/Object;+56
j  net.minecraft.launchwrapper.Launch.launch([Ljava/lang/String;)V+661
j  net.minecraft.launchwrapper.Launch.main([Ljava/lang/String;)V+8
v  ~StubRoutines::call_stub

---------------  P R O C E S S  ---------------

Java Threads: ( => current thread )
  0x00007fdeed00e800 JavaThread "Timer hack thread" daemon [_thread_blocked, id=37663, stack(0x000070000b5e2000,0x000070000b6e2000)]
  0x00007fdeedc7a000 JavaThread "AWT-Shutdown" [_thread_blocked, id=40467, stack(0x000070000b04a000,0x000070000b14a000)]
  0x00007fdef4da5800 JavaThread "Snooper Timer" daemon [_thread_blocked, id=47627, stack(0x000070000b3dc000,0x000070000b4dc000)]
  0x00007fdeed1a9800 JavaThread "AppKit Thread" daemon [_thread_in_native, id=259, stack(0x00007ffeea9e7000,0x00007ffeeb1e7000)]
  0x00007fdeee009800 JavaThread "Service Thread" daemon [_thread_blocked, id=16131, stack(0x000070000adc1000,0x000070000aec1000)]
  0x00007fdeef80a800 JavaThread "C1 CompilerThread3" daemon [_thread_blocked, id=16643, stack(0x000070000acbe000,0x000070000adbe000)]
  0x00007fdef0031800 JavaThread "C2 CompilerThread2" daemon [_thread_blocked, id=14851, stack(0x000070000abbb000,0x000070000acbb000)]
  0x00007fdef0030800 JavaThread "C2 CompilerThread1" daemon [_thread_blocked, id=14339, stack(0x000070000aab8000,0x000070000abb8000)]
  0x00007fdef002f000 JavaThread "C2 CompilerThread0" daemon [_thread_blocked, id=14083, stack(0x000070000a9b5000,0x000070000aab5000)]
  0x00007fdef002e800 JavaThread "Signal Dispatcher" daemon [_thread_blocked, id=13571, stack(0x000070000a8b2000,0x000070000a9b2000)]
  0x00007fdef0015000 JavaThread "Finalizer" daemon [_thread_blocked, id=19459, stack(0x000070000a6a9000,0x000070000a7a9000)]
  0x00007fdef0012800 JavaThread "Reference Handler" daemon [_thread_blocked, id=11779, stack(0x000070000a5a6000,0x000070000a6a6000)]
=>0x00007fdeee009000 JavaThread "Client thread" [_thread_in_native, id=3843, stack(0x0000700009b88000,0x0000700009c88000)]

Other Threads:
  0x00007fdef000b800 VMThread [stack: 0x000070000a4a3000,0x000070000a5a3000] [id=19971]
  0x00007fdeee02b000 WatcherThread [stack: 0x000070000aec4000,0x000070000afc4000] [id=15619]

VM state:not at safepoint (normal execution)

VM Mutex/Monitor currently owned by a thread: None

heap address: 0x0000000540000000, size: 10240 MB, Compressed Oops mode: Zero based, Oop shift amount: 3
Narrow klass base: 0x0000000000000000, Narrow klass shift: 3
Compressed class space size: 1073741824 Address: 0x00000007c0000000

Heap:
 PSYoungGen      total 1125888K, used 298591K [0x00000006eab00000, 0x0000000738680000, 0x00000007c0000000)
  eden space 1055232K, 28% used [0x00000006eab00000,0x00000006fce97f78,0x000000072b180000)
  from space 70656K, 0% used [0x000000072f880000,0x000000072f880000,0x0000000733d80000)
  to   space 72704K, 0% used [0x000000072b180000,0x000000072b180000,0x000000072f880000)
 ParOldGen       total 287232K, used 119436K [0x0000000540000000, 0x0000000551880000, 0x00000006eab00000)
  object space 287232K, 41% used [0x0000000540000000,0x00000005474a3030,0x0000000551880000)
 Metaspace       used 38248K, capacity 38702K, committed 39088K, reserved 1083392K
  class space    used 5123K, capacity 5286K, committed 5296K, reserved 1048576K

Card table byte_map: [0x0000000109b0e000,0x000000010af0f000] byte_map_base: 0x000000010710e000

Marking Bits: (ParMarkBitMap*) 0x000000010989f5b0
 Begin Bits: [0x000000011fada000, 0x0000000129ada000)
 End Bits:   [0x0000000129ada000, 0x0000000133ada000)

Polling page: 0x0000000104a8c000

CodeCache: size=245760Kb used=16537Kb max_used=17141Kb free=229222Kb
 bounds [0x0000000110ada000, 0x0000000111baa000, 0x000000011fada000]
 total_blobs=4900 nmethods=4349 adapters=465
 compilation: enabled

Compilation events (10 events):
Event: 14.643 Thread 0x00007fdeef80a800 5188       3       java.lang.reflect.Field::acquireFieldAccessor (59 bytes)
Event: 14.644 Thread 0x00007fdeef80a800 nmethod 5188 0x0000000111696b90 code [0x0000000111696d80, 0x00000001116974e8]
Event: 14.644 Thread 0x00007fdeef80a800 5189       3       sun.reflect.UnsafeQualifiedStaticFieldAccessorImpl::<init> (11 bytes)
Event: 14.644 Thread 0x00007fdeef80a800 nmethod 5189 0x000000011166fb10 code [0x000000011166fca0, 0x000000011166ff98]
Event: 14.644 Thread 0x00007fdeef80a800 5190       3       sun.reflect.UnsafeQualifiedStaticIntegerFieldAccessorImpl::<init> (7 bytes)
Event: 14.645 Thread 0x00007fdeef80a800 nmethod 5190 0x000000011166f4d0 code [0x000000011166f660, 0x000000011166f9b8]
Event: 14.645 Thread 0x00007fdeef80a800 5191       3       sun.reflect.UnsafeFieldAccessorFactory::newFieldAccessor (676 bytes)
Event: 14.647 Thread 0x00007fdeef80a800 nmethod 5191 0x0000000110beef50 code [0x0000000110bef580, 0x0000000110bf2608]
Event: 14.647 Thread 0x00007fdeef80a800 5192       3       sun.reflect.FieldAccessorImpl::<init> (5 bytes)
Event: 14.648 Thread 0x00007fdeef80a800 nmethod 5192 0x000000011166ec50 code [0x000000011166edc0, 0x000000011166efd0]

GC Heap History (10 events):
Event: 7.135 GC heap before
{Heap before GC invocations=8 (full 1):
 PSYoungGen      total 586752K, used 524288K [0x00000006eab00000, 0x0000000712500000, 0x00000007c0000000)
  eden space 524288K, 100% used [0x00000006eab00000,0x000000070ab00000,0x000000070ab00000)
  from space 62464K, 0% used [0x000000070e800000,0x000000070e800000,0x0000000712500000)
  to   space 62464K, 0% used [0x000000070ab00000,0x000000070ab00000,0x000000070e800000)
 ParOldGen       total 202752K, used 59823K [0x0000000540000000, 0x000000054c600000, 0x00000006eab00000)
  object space 202752K, 29% used [0x0000000540000000,0x0000000543a6bf78,0x000000054c600000)
 Metaspace       used 23461K, capacity 23756K, committed 23984K, reserved 1071104K
  class space    used 2862K, capacity 2971K, committed 2992K, reserved 1048576K
Event: 7.157 GC heap after
Heap after GC invocations=8 (full 1):
 PSYoungGen      total 586752K, used 21417K [0x00000006eab00000, 0x0000000724500000, 0x00000007c0000000)
  eden space 524288K, 0% used [0x00000006eab00000,0x00000006eab00000,0x000000070ab00000)
  from space 62464K, 34% used [0x000000070ab00000,0x000000070bfea410,0x000000070e800000)
  to   space 59392K, 0% used [0x0000000720b00000,0x0000000720b00000,0x0000000724500000)
 ParOldGen       total 202752K, used 59831K [0x0000000540000000, 0x000000054c600000, 0x00000006eab00000)
  object space 202752K, 29% used [0x0000000540000000,0x0000000543a6df78,0x000000054c600000)
 Metaspace       used 23461K, capacity 23756K, committed 23984K, reserved 1071104K
  class space    used 2862K, capacity 2971K, committed 2992K, reserved 1048576K
}
Event: 9.364 GC heap before
{Heap before GC invocations=9 (full 1):
 PSYoungGen      total 586752K, used 545705K [0x00000006eab00000, 0x0000000724500000, 0x00000007c0000000)
  eden space 524288K, 100% used [0x00000006eab00000,0x000000070ab00000,0x000000070ab00000)
  from space 62464K, 34% used [0x000000070ab00000,0x000000070bfea410,0x000000070e800000)
  to   space 59392K, 0% used [0x0000000720b00000,0x0000000720b00000,0x0000000724500000)
 ParOldGen       total 202752K, used 59831K [0x0000000540000000, 0x000000054c600000, 0x00000006eab00000)
  object space 202752K, 29% used [0x0000000540000000,0x0000000543a6df78,0x000000054c600000)
 Metaspace       used 27639K, capacity 27958K, committed 28336K, reserved 1075200K
  class space    used 3345K, capacity 3454K, committed 3504K, reserved 1048576K
Event: 9.407 GC heap after
Heap after GC invocations=9 (full 1):
 PSYoungGen      total 858112K, used 42152K [0x00000006eab00000, 0x0000000723a80000, 0x00000007c0000000)
  eden space 809472K, 0% used [0x00000006eab00000,0x00000006eab00000,0x000000071c180000)
  from space 48640K, 86% used [0x0000000720b00000,0x000000072342a390,0x0000000723a80000)
  to   space 61952K, 0% used [0x000000071c180000,0x000000071c180000,0x000000071fe00000)
 ParOldGen       total 202752K, used 59839K [0x0000000540000000, 0x000000054c600000, 0x00000006eab00000)
  object space 202752K, 29% used [0x0000000540000000,0x0000000543a6ff78,0x000000054c600000)
 Metaspace       used 27639K, capacity 27958K, committed 28336K, reserved 1075200K
  class space    used 3345K, capacity 3454K, committed 3504K, reserved 1048576K
}
Event: 12.370 GC heap before
{Heap before GC invocations=10 (full 1):
 PSYoungGen      total 858112K, used 851624K [0x00000006eab00000, 0x0000000723a80000, 0x00000007c0000000)
  eden space 809472K, 100% used [0x00000006eab00000,0x000000071c180000,0x000000071c180000)
  from space 48640K, 86% used [0x0000000720b00000,0x000000072342a390,0x0000000723a80000)
  to   space 61952K, 0% used [0x000000071c180000,0x000000071c180000,0x000000071fe00000)
 ParOldGen       total 202752K, used 59839K [0x0000000540000000, 0x000000054c600000, 0x00000006eab00000)
  object space 202752K, 29% used [0x0000000540000000,0x0000000543a6ff78,0x000000054c600000)
 Metaspace       used 33025K, capacity 33324K, committed 33712K, reserved 1079296K
  class space    used 4319K, capacity 4453K, committed 4528K, reserved 1048576K
Event: 12.417 GC heap after
Heap after GC invocations=10 (full 1):
 PSYoungGen      total 871424K, used 60293K [0x00000006eab00000, 0x0000000733d80000, 0x00000007c0000000)
  eden space 809472K, 0% used [0x00000006eab00000,0x00000006eab00000,0x000000071c180000)
  from space 61952K, 97% used [0x000000071c180000,0x000000071fc615c8,0x000000071fe00000)
  to   space 70656K, 0% used [0x000000072f880000,0x000000072f880000,0x0000000733d80000)
 ParOldGen       total 202752K, used 59847K [0x0000000540000000, 0x000000054c600000, 0x00000006eab00000)
  object space 202752K, 29% used [0x0000000540000000,0x0000000543a71f78,0x000000054c600000)
 Metaspace       used 33025K, capacity 33324K, committed 33712K, reserved 1079296K
  class space    used 4319K, capacity 4453K, committed 4528K, reserved 1048576K
}
Event: 12.751 GC heap before
{Heap before GC invocations=11 (full 1):
 PSYoungGen      total 871424K, used 204582K [0x00000006eab00000, 0x0000000733d80000, 0x00000007c0000000)
  eden space 809472K, 17% used [0x00000006eab00000,0x00000006f37e8258,0x000000071c180000)
  from space 61952K, 97% used [0x000000071c180000,0x000000071fc615c8,0x000000071fe00000)
  to   space 70656K, 0% used [0x000000072f880000,0x000000072f880000,0x0000000733d80000)
 ParOldGen       total 202752K, used 59847K [0x0000000540000000, 0x000000054c600000, 0x00000006eab00000)
  object space 202752K, 29% used [0x0000000540000000,0x0000000543a71f78,0x000000054c600000)
 Metaspace       used 34846K, capacity 35148K, committed 35496K, reserved 1079296K
  class space    used 4709K, capacity 4805K, committed 4912K, reserved 1048576K
Event: 12.796 GC heap after
Heap after GC invocations=11 (full 1):
 PSYoungGen      total 1125888K, used 48777K [0x00000006eab00000, 0x0000000738680000, 0x00000007c0000000)
  eden space 1055232K, 0% used [0x00000006eab00000,0x00000006eab00000,0x000000072b180000)
  from space 70656K, 69% used [0x000000072f880000,0x0000000732822740,0x0000000733d80000)
  to   space 72704K, 0% used [0x000000072b180000,0x000000072b180000,0x000000072f880000)
 ParOldGen       total 202752K, used 72281K [0x0000000540000000, 0x000000054c600000, 0x00000006eab00000)
  object space 202752K, 35% used [0x0000000540000000,0x00000005446966e8,0x000000054c600000)
 Metaspace       used 34846K, capacity 35148K, committed 35496K, reserved 1079296K
  class space    used 4709K, capacity 4805K, committed 4912K, reserved 1048576K
}
Event: 12.796 GC heap before
{Heap before GC invocations=12 (full 2):
 PSYoungGen      total 1125888K, used 48777K [0x00000006eab00000, 0x0000000738680000, 0x00000007c0000000)
  eden space 1055232K, 0% used [0x00000006eab00000,0x00000006eab00000,0x000000072b180000)
  from space 70656K, 69% used [0x000000072f880000,0x0000000732822740,0x0000000733d80000)
  to   space 72704K, 0% used [0x000000072b180000,0x000000072b180000,0x000000072f880000)
 ParOldGen       total 202752K, used 72281K [0x0000000540000000, 0x000000054c600000, 0x00000006eab00000)
  object space 202752K, 35% used [0x0000000540000000,0x00000005446966e8,0x000000054c600000)
 Metaspace       used 34846K, capacity 35148K, committed 35496K, reserved 1079296K
  class space    used 4709K, capacity 4805K, committed 4912K, reserved 1048576K
Event: 13.005 GC heap after
Heap after GC invocations=12 (full 2):
 PSYoungGen      total 1125888K, used 0K [0x00000006eab00000, 0x0000000738680000, 0x00000007c0000000)
  eden space 1055232K, 0% used [0x00000006eab00000,0x00000006eab00000,0x000000072b180000)
  from space 70656K, 0% used [0x000000072f880000,0x000000072f880000,0x0000000733d80000)
  to   space 72704K, 0% used [0x000000072b180000,0x000000072b180000,0x000000072f880000)
 ParOldGen       total 287232K, used 119436K [0x0000000540000000, 0x0000000551880000, 0x00000006eab00000)
  object space 287232K, 41% used [0x0000000540000000,0x00000005474a3030,0x0000000551880000)
 Metaspace       used 34846K, capacity 35148K, committed 35496K, reserved 1079296K
  class space    used 4709K, capacity 4805K, committed 4912K, reserved 1048576K
}

Deoptimization events (10 events):
Event: 13.070 Thread 0x00007fdeee009000 Uncommon trap: reason=bimorphic action=maybe_recompile pc=0x0000000111a58abc method=java.util.HashMap.putVal(ILjava/lang/Object;Ljava/lang/Object;ZZ)Ljava/lang/Object; @ 203
Event: 13.070 Thread 0x00007fdeee009000 Uncommon trap: reason=bimorphic action=maybe_recompile pc=0x0000000111a58abc method=java.util.HashMap.putVal(ILjava/lang/Object;Ljava/lang/Object;ZZ)Ljava/lang/Object; @ 203
Event: 13.208 Thread 0x00007fdeee009000 Uncommon trap: reason=unstable_if action=reinterpret pc=0x000000011126482c method=java.util.Date.normalize()Lsun/util/calendar/BaseCalendar$Date; @ 45
Event: 13.308 Thread 0x00007fdeee009000 Uncommon trap: reason=unstable_if action=reinterpret pc=0x0000000111b72424 method=com.google.gson.stream.JsonReader.nextNonWhitespace(Z)I @ 100
Event: 13.322 Thread 0x00007fdeee009000 Uncommon trap: reason=class_check action=maybe_recompile pc=0x0000000111782808 method=java.util.regex.Pattern$CharProperty.study(Ljava/util/regex/Pattern$TreeInfo;)Z @ 25
Event: 13.357 Thread 0x00007fdeee009000 Uncommon trap: reason=unstable_if action=reinterpret pc=0x0000000111520370 method=com.google.common.base.Splitter$SplittingIterator.computeNext()Ljava/lang/String; @ 193
Event: 13.570 Thread 0x00007fdeeceee800 Uncommon trap: reason=null_check action=make_not_entrant pc=0x00000001113c73b4 method=sun.nio.fs.UnixPath.encode(Lsun/nio/fs/UnixFileSystem;Ljava/lang/String;)[B @ 6
Event: 13.571 Thread 0x00007fdeeceee800 Uncommon trap: reason=unstable_if action=reinterpret pc=0x0000000111aba428 method=java.util.regex.Pattern.atom()Ljava/util/regex/Pattern$Node; @ 239
Event: 13.587 Thread 0x00007fdeeceee800 Uncommon trap: reason=unstable_if action=reinterpret pc=0x00000001113a221c method=sun.net.www.MessageHeader.grow()V @ 4
Event: 13.611 Thread 0x00007fdeee009000 Uncommon trap: reason=unstable_if action=reinterpret pc=0x00000001115244dc method=com.google.common.base.AbstractIterator.next()Ljava/lang/Object; @ 4

Classes redefined (0 events):
No events

Internal exceptions (10 events):
Event: 13.024 Thread 0x00007fdeee009000 Exception <a 'java/lang/NullPointerException'> (0x00000006eb1b8e58) thrown at [/Users/jenkins/workspace/build-scripts/jobs/jdk8u/jdk8u-mac-x64-hotspot/workspace/build/src/hotspot/src/share/vm/runtime/sharedRuntime.cpp, line 605]
Event: 13.027 Thread 0x00007fdeee009000 Implicit null exception at 0x0000000111168ef4 to 0x000000011116a186
Event: 13.027 Thread 0x00007fdeee009000 Exception <a 'java/lang/NullPointerException'> (0x00000006eb32c650) thrown at [/Users/jenkins/workspace/build-scripts/jobs/jdk8u/jdk8u-mac-x64-hotspot/workspace/build/src/hotspot/src/share/vm/runtime/sharedRuntime.cpp, line 605]
Event: 13.035 Thread 0x00007fdeee009000 Implicit null exception at 0x0000000111168ef4 to 0x000000011116a186
Event: 13.035 Thread 0x00007fdeee009000 Exception <a 'java/lang/NullPointerException'> (0x00000006eb64a188) thrown at [/Users/jenkins/workspace/build-scripts/jobs/jdk8u/jdk8u-mac-x64-hotspot/workspace/build/src/hotspot/src/share/vm/runtime/sharedRuntime.cpp, line 605]
Event: 13.056 Thread 0x00007fdeee009000 Implicit null exception at 0x0000000111a9f0f8 to 0x0000000111a9f4f9
Event: 13.056 Thread 0x00007fdeee009000 Implicit null exception at 0x0000000111a9f0f8 to 0x0000000111a9f4f9
Event: 13.056 Thread 0x00007fdeee009000 Implicit null exception at 0x0000000111a9f0f8 to 0x0000000111a9f4f9
Event: 13.570 Thread 0x00007fdeeceee800 Implicit null exception at 0x00000001113c6547 to 0x00000001113c73a5
Event: 13.715 Thread 0x00007fdeeceee800 Exception <a 'java/security/PrivilegedActionException'> (0x00000006fa5b86c8) thrown at [/Users/jenkins/workspace/build-scripts/jobs/jdk8u/jdk8u-mac-x64-hotspot/workspace/build/src/hotspot/src/share/vm/prims/jvm.cpp, line 1502]

Events (10 events):
Event: 14.647 loading class org/lwjgl/opengl/ContextGL
Event: 14.647 loading class org/lwjgl/opengl/ContextGL done
Event: 14.648 loading class org/lwjgl/opengl/ContextImplementation
Event: 14.648 loading class org/lwjgl/opengl/ContextImplementation done
Event: 14.648 loading class org/lwjgl/opengl/MacOSXContextImplementation
Event: 14.648 loading class org/lwjgl/opengl/MacOSXContextImplementation done
Event: 14.649 loading class org/lwjgl/opengl/GLContext
Event: 14.649 loading class org/lwjgl/opengl/GLContext done
Event: 14.650 loading class org/lwjgl/opengl/GLContext$CapabilitiesCacheEntry
Event: 14.650 loading class org/lwjgl/opengl/GLContext$CapabilitiesCacheEntry done


Dynamic libraries:
0x00007fff34f84000 	/System/Library/Frameworks/Cocoa.framework/Versions/A/Cocoa
0x00007fff222f9000 	/System/Library/Frameworks/Security.framework/Versions/A/Security
0x00007fff33191000 	/System/Library/Frameworks/ApplicationServices.framework/Versions/A/ApplicationServices
0x00007fff2a576000 	/usr/lib/libz.1.dylib
0x00007fff2a63e000 	/usr/lib/libSystem.B.dylib
0x00007fff20305000 	/usr/lib/libobjc.A.dylib
0x00007fff21292000 	/System/Library/Frameworks/Foundation.framework/Versions/C/Foundation
0x00007fff204e5000 	/System/Library/Frameworks/CoreFoundation.framework/Versions/A/CoreFoundation
0x00007fff22d27000 	/System/Library/Frameworks/AppKit.framework/Versions/C/AppKit
0x00007fff25be6000 	/System/Library/Frameworks/CoreData.framework/Versions/A/CoreData
0x00007fff23a70000 	/System/Library/PrivateFrameworks/UIFoundation.framework/Versions/A/UIFoundation
0x00007fff2fc67000 	/System/Library/PrivateFrameworks/RemoteViewServices.framework/Versions/A/RemoteViewServices
0x00007fff28a82000 	/System/Library/PrivateFrameworks/XCTTargetBootstrap.framework/Versions/A/XCTTargetBootstrap
0x00007fff2b767000 	/usr/lib/libspindump.dylib
0x00007fff23cbf000 	/System/Library/Frameworks/UniformTypeIdentifiers.framework/Versions/A/UniformTypeIdentifiers
0x00007fff27282000 	/usr/lib/libapp_launch_measurement.dylib
0x00007fff27285000 	/System/Library/PrivateFrameworks/CoreAutoLayout.framework/Versions/A/CoreAutoLayout
0x00007fff283e5000 	/System/Library/Frameworks/Metal.framework/Versions/A/Metal
0x00007fff290df000 	/usr/lib/liblangid.dylib
0x00007fff28a86000 	/System/Library/PrivateFrameworks/CoreSVG.framework/Versions/A/CoreSVG
0x00007fff24cfe000 	/System/Library/PrivateFrameworks/SkyLight.framework/Versions/A/SkyLight
0x00007fff25063000 	/System/Library/Frameworks/CoreGraphics.framework/Versions/A/CoreGraphics
0x00007fff3018e000 	/System/Library/Frameworks/Accelerate.framework/Versions/A/Accelerate
0x00007fff2b1a5000 	/System/Library/PrivateFrameworks/IconServices.framework/Versions/A/IconServices
0x00007fff283c9000 	/System/Library/Frameworks/IOSurface.framework/Versions/A/IOSurface
0x00007fff2656e000 	/usr/lib/libDiagnosticMessagesClient.dylib
0x00007fff28a6e000 	/System/Library/PrivateFrameworks/DFRFoundation.framework/Versions/A/DFRFoundation
0x00007fff2264e000 	/usr/lib/libicucore.A.dylib
0x00007fff2ccae000 	/System/Library/Frameworks/AudioToolbox.framework/Versions/A/AudioToolbox
0x00007fff2bf38000 	/System/Library/PrivateFrameworks/DataDetectorsCore.framework/Versions/A/DataDetectorsCore
0x00007fff24c72000 	/usr/lib/libMobileGestalt.dylib
0x00007fff28772000 	/System/Library/Frameworks/Carbon.framework/Versions/A/Frameworks/HIToolbox.framework/Versions/A/HIToolbox
0x00007fff26cc8000 	/System/Library/Frameworks/QuartzCore.framework/Versions/A/QuartzCore
0x00007fff2fc9f000 	/System/Library/Frameworks/Carbon.framework/Versions/A/Frameworks/SpeechRecognition.framework/Versions/A/SpeechRecognition
0x00007fff26fe7000 	/System/Library/PrivateFrameworks/CoreUI.framework/Versions/A/CoreUI
0x00007fff21c68000 	/System/Library/Frameworks/CoreAudio.framework/Versions/A/CoreAudio
0x00007fff26659000 	/System/Library/Frameworks/DiskArbitration.framework/Versions/A/DiskArbitration
0x00007fff2bb35000 	/System/Library/PrivateFrameworks/MultitouchSupport.framework/Versions/A/MultitouchSupport
0x00007fff2bf2f000 	/System/Library/PrivateFrameworks/InternationalSupport.framework/Versions/A/InternationalSupport
0x00007fff24c71000 	/usr/lib/libenergytrace.dylib
0x00007fff22c1e000 	/System/Library/Frameworks/IOKit.framework/Versions/A/IOKit
0x00007fff2ffd2000 	/System/Library/Frameworks/CoreServices.framework/Versions/A/CoreServices
0x00007fff27214000 	/System/Library/PrivateFrameworks/PerformanceAnalysis.framework/Versions/A/PerformanceAnalysis
0x00007fff6ba86000 	/System/Library/Frameworks/OpenGL.framework/Versions/A/OpenGL
0x00007fff2bfb3000 	/System/Library/PrivateFrameworks/UserActivity.framework/Versions/A/UserActivity
0x00007fff256ed000 	/System/Library/Frameworks/ColorSync.framework/Versions/A/ColorSync
0x00007fff28ced000 	/System/Library/Frameworks/CoreImage.framework/Versions/A/CoreImage
0x00007fff21a82000 	/System/Library/Frameworks/CoreText.framework/Versions/A/CoreText
0x00007fff28ab0000 	/System/Library/Frameworks/ImageIO.framework/Versions/A/ImageIO
0x00007fff2a644000 	/System/Library/PrivateFrameworks/SoftLinking.framework/Versions/A/SoftLinking
0x00007fff272cd000 	/usr/lib/libxml2.2.dylib
0x00007fff203cb000 	/usr/lib/libc++.1.dylib
0x00007fff2a8b5000 	/usr/lib/libcompression.dylib
0x00007fff2be61000 	/System/Library/PrivateFrameworks/TextureIO.framework/Versions/A/TextureIO
0x00007fff2aee4000 	/usr/lib/libate.dylib
0x00007fff2a638000 	/usr/lib/system/libcache.dylib
0x00007fff2a5f4000 	/usr/lib/system/libcommonCrypto.dylib
0x00007fff2a61e000 	/usr/lib/system/libcompiler_rt.dylib
0x00007fff2a613000 	/usr/lib/system/libcopyfile.dylib
0x00007fff201f5000 	/usr/lib/system/libcorecrypto.dylib
0x00007fff202c0000 	/usr/lib/system/libdispatch.dylib
0x00007fff20473000 	/usr/lib/system/libdyld.dylib
0x00007fff2a62f000 	/usr/lib/system/libkeymgr.dylib
0x00007fff2da45000 	/usr/lib/system/liblaunch.dylib
0x00007fff2a5d2000 	/usr/lib/system/libmacho.dylib
0x00007fff29dca000 	/usr/lib/system/libquarantine.dylib
0x00007fff2a62c000 	/usr/lib/system/libremovefile.dylib
0x00007fff24ccf000 	/usr/lib/system/libsystem_asl.dylib
0x00007fff201a5000 	/usr/lib/system/libsystem_blocks.dylib
0x00007fff20342000 	/usr/lib/system/libsystem_c.dylib
0x00007fff2a626000 	/usr/lib/system/libsystem_collections.dylib
0x00007fff290d0000 	/usr/lib/system/libsystem_configuration.dylib
0x00007fff283b8000 	/usr/lib/system/libsystem_containermanager.dylib
0x00007fff2a375000 	/usr/lib/system/libsystem_coreservices.dylib
0x00007fff228ae000 	/usr/lib/system/libsystem_darwin.dylib
0x00007fff2a630000 	/usr/lib/system/libsystem_dnssd.dylib
0x00007fff2033f000 	/usr/lib/system/libsystem_featureflags.dylib
0x00007fff204b9000 	/usr/lib/system/libsystem_info.dylib
0x00007fff2a589000 	/usr/lib/system/libsystem_m.dylib
0x00007fff20293000 	/usr/lib/system/libsystem_malloc.dylib
0x00007fff24c62000 	/usr/lib/system/libsystem_networkextension.dylib
0x00007fff22ccd000 	/usr/lib/system/libsystem_notify.dylib
0x00007fff2fed4000 	/usr/lib/system/libsystem_product_info_filter.dylib
0x00007fff290d4000 	/usr/lib/system/libsystem_sandbox.dylib
0x00007fff2a629000 	/usr/lib/system/libsystem_secinit.dylib
0x00007fff20437000 	/usr/lib/system/libsystem_kernel.dylib
0x00007fff204af000 	/usr/lib/system/libsystem_platform.dylib
0x00007fff20467000 	/usr/lib/system/libsystem_pthread.dylib
0x00007fff263aa000 	/usr/lib/system/libsystem_symptoms.dylib
0x00007fff201dd000 	/usr/lib/system/libsystem_trace.dylib
0x00007fff2a600000 	/usr/lib/system/libunwind.dylib
0x00007fff201a7000 	/usr/lib/system/libxpc.dylib
0x00007fff20421000 	/usr/lib/libc++abi.dylib
0x00007fff2a60b000 	/usr/lib/liboah.dylib
0x00007fff2acc9000 	/usr/lib/liblzma.5.dylib
0x00007fff20fa6000 	/System/Library/Frameworks/SystemConfiguration.framework/Versions/A/SystemConfiguration
0x00007fff2a640000 	/usr/lib/libfakelink.dylib
0x00007fff247c3000 	/System/Library/Frameworks/CFNetwork.framework/Versions/A/CFNetwork
0x00007fff2a780000 	/usr/lib/libarchive.2.dylib
0x00007fff21024000 	/usr/lib/libCRFSuite.dylib
0x00007fff29df1000 	/usr/lib/libbsm.0.dylib
0x00007fff2413c000 	/usr/lib/libnetwork.dylib
0x00007fff2a645000 	/usr/lib/libpcap.A.dylib
0x00007fff263a3000 	/usr/lib/libdns_services.dylib
0x00007fff2ace2000 	/usr/lib/libcoretls_cfhelpers.dylib
0x00007fff2a87f000 	/usr/lib/libapple_nghttp2.dylib
0x00007fff2a5d8000 	/usr/lib/system/libkxld.dylib
0x00007fff2601c000 	/usr/lib/libsqlite3.dylib
0x00007fff2a358000 	/System/Library/PrivateFrameworks/AppleFSCompression.framework/Versions/A/AppleFSCompression
0x00007fff29dd9000 	/usr/lib/libcoretls.dylib
0x00007fff2a8b0000 	/usr/lib/libpam.2.dylib
0x00007fff2ade0000 	/usr/lib/libxar.1.dylib
0x00007fff290db000 	/System/Library/PrivateFrameworks/AppleSystemInfo.framework/Versions/A/AppleSystemInfo
0x00007fff29a1b000 	/System/Library/PrivateFrameworks/IOMobileFramebuffer.framework/Versions/A/IOMobileFramebuffer
0x00007fff2a368000 	/usr/lib/libbz2.1.0.dylib
0x00007fff2a67d000 	/usr/lib/libiconv.2.dylib
0x00007fff2a5d1000 	/usr/lib/libcharset.1.dylib
0x00007fff27250000 	/System/Library/Frameworks/CoreServices.framework/Versions/A/Frameworks/FSEvents.framework/Versions/A/FSEvents
0x00007fff228b8000 	/System/Library/Frameworks/CoreServices.framework/Versions/A/Frameworks/CarbonCore.framework/Versions/A/CarbonCore
0x00007fff265be000 	/System/Library/Frameworks/CoreServices.framework/Versions/A/Frameworks/Metadata.framework/Versions/A/Metadata
0x00007fff2a37a000 	/System/Library/Frameworks/CoreServices.framework/Versions/A/Frameworks/OSServices.framework/Versions/A/OSServices
0x00007fff2a7f2000 	/System/Library/Frameworks/CoreServices.framework/Versions/A/Frameworks/SearchKit.framework/Versions/A/SearchKit
0x00007fff2632e000 	/System/Library/Frameworks/CoreServices.framework/Versions/A/Frameworks/AE.framework/Versions/A/AE
0x00007fff20983000 	/System/Library/Frameworks/CoreServices.framework/Versions/A/Frameworks/LaunchServices.framework/Versions/A/LaunchServices
0x00007fff2ac79000 	/System/Library/Frameworks/CoreServices.framework/Versions/A/Frameworks/DictionaryServices.framework/Versions/A/DictionaryServices
0x00007fff2725d000 	/System/Library/Frameworks/CoreServices.framework/Versions/A/Frameworks/SharedFileList.framework/Versions/A/SharedFileList
0x00007fff29dcd000 	/usr/lib/libCheckFix.dylib
0x00007fff24ce6000 	/System/Library/PrivateFrameworks/TCC.framework/Versions/A/TCC
0x00007fff290e1000 	/System/Library/PrivateFrameworks/CoreNLP.framework/Versions/A/CoreNLP
0x00007fff26571000 	/System/Library/PrivateFrameworks/MetadataUtilities.framework/Versions/A/MetadataUtilities
0x00007fff21059000 	/usr/lib/libmecabra.dylib
0x00007fff2a0d7000 	/System/Library/Frameworks/MLCompute.framework/Versions/A/MLCompute
0x00007fff29e02000 	/usr/lib/libmecab.dylib
0x00007fff29e4c000 	/usr/lib/libgermantok.dylib
0x00007fff2a85a000 	/usr/lib/libThaiTokenizer.dylib
0x00007fff2ae1b000 	/usr/lib/libChineseTokenizer.dylib
0x00007fff2a8ae000 	/System/Library/Frameworks/MetalPerformanceShaders.framework/Versions/A/MetalPerformanceShaders
0x00007fff26660000 	/System/Library/Frameworks/Accelerate.framework/Versions/A/Frameworks/vImage.framework/Versions/A/vImage
0x00007fff2ffac000 	/System/Library/Frameworks/Accelerate.framework/Versions/A/Frameworks/vecLib.framework/Versions/A/vecLib
0x00007fff2ae26000 	/System/Library/Frameworks/Accelerate.framework/Versions/A/Frameworks/vecLib.framework/Versions/A/libvMisc.dylib
0x00007fff29836000 	/System/Library/Frameworks/Accelerate.framework/Versions/A/Frameworks/vecLib.framework/Versions/A/libvDSP.dylib
0x00007fff20c8c000 	/System/Library/Frameworks/Accelerate.framework/Versions/A/Frameworks/vecLib.framework/Versions/A/libBLAS.dylib
0x00007fff2a8db000 	/System/Library/Frameworks/Accelerate.framework/Versions/A/Frameworks/vecLib.framework/Versions/A/libLAPACK.dylib
0x00007fff29e52000 	/System/Library/Frameworks/Accelerate.framework/Versions/A/Frameworks/vecLib.framework/Versions/A/libLinearAlgebra.dylib
0x00007fff2a897000 	/System/Library/Frameworks/Accelerate.framework/Versions/A/Frameworks/vecLib.framework/Versions/A/libSparseBLAS.dylib
0x00007fff2a8d5000 	/System/Library/Frameworks/Accelerate.framework/Versions/A/Frameworks/vecLib.framework/Versions/A/libQuadrature.dylib
0x00007fff2918d000 	/System/Library/Frameworks/Accelerate.framework/Versions/A/Frameworks/vecLib.framework/Versions/A/libBNNS.dylib
0x00007fff20f37000 	/System/Library/Frameworks/Accelerate.framework/Versions/A/Frameworks/vecLib.framework/Versions/A/libSparse.dylib
0x00007fff29069000 	/System/Library/Frameworks/MetalPerformanceShaders.framework/Versions/A/Frameworks/MPSCore.framework/Versions/A/MPSCore
0x00007fff2a2c7000 	/System/Library/Frameworks/MetalPerformanceShaders.framework/Versions/A/Frameworks/MPSImage.framework/Versions/A/MPSImage
0x00007fff29e68000 	/System/Library/Frameworks/MetalPerformanceShaders.framework/Versions/A/Frameworks/MPSNeuralNetwork.framework/Versions/A/MPSNeuralNetwork
0x00007fff2a239000 	/System/Library/Frameworks/MetalPerformanceShaders.framework/Versions/A/Frameworks/MPSMatrix.framework/Versions/A/MPSMatrix
0x00007fff2a087000 	/System/Library/Frameworks/MetalPerformanceShaders.framework/Versions/A/Frameworks/MPSRayIntersector.framework/Versions/A/MPSRayIntersector
0x00007fff2a270000 	/System/Library/Frameworks/MetalPerformanceShaders.framework/Versions/A/Frameworks/MPSNDArray.framework/Versions/A/MPSNDArray
0x00007fff20bb8000 	/System/Library/PrivateFrameworks/MetalTools.framework/Versions/A/MetalTools
0x00007fff290d9000 	/System/Library/PrivateFrameworks/AggregateDictionary.framework/Versions/A/AggregateDictionary
0x00007fff2653e000 	/System/Library/PrivateFrameworks/CoreAnalytics.framework/Versions/A/CoreAnalytics
0x00007fff2a85c000 	/System/Library/PrivateFrameworks/AppleSauce.framework/Versions/A/AppleSauce
0x00007fff283db000 	/System/Library/PrivateFrameworks/IOAccelerator.framework/Versions/A/IOAccelerator
0x00007fff6ba7a000 	/System/Library/Frameworks/OpenGL.framework/Versions/A/Libraries/libCoreFSCache.dylib
0x00007fff215f1000 	/System/Library/PrivateFrameworks/LanguageModeling.framework/Versions/A/LanguageModeling
0x00007fff29a09000 	/System/Library/PrivateFrameworks/CoreEmoji.framework/Versions/A/CoreEmoji
0x00007fff29186000 	/System/Library/PrivateFrameworks/LinguisticData.framework/Versions/A/LinguisticData
0x00007fff20ee9000 	/System/Library/PrivateFrameworks/Lexicon.framework/Versions/A/Lexicon
0x00007fff2a76e000 	/usr/lib/libcmph.dylib
0x00007fff27230000 	/System/Library/Frameworks/OpenDirectory.framework/Versions/A/Frameworks/CFOpenDirectory.framework/Versions/A/CFOpenDirectory
0x00007fff27220000 	/System/Library/Frameworks/OpenDirectory.framework/Versions/A/OpenDirectory
0x00007fff2ace4000 	/System/Library/PrivateFrameworks/APFS.framework/Versions/A/APFS
0x00007fff29d2f000 	/System/Library/Frameworks/SecurityFoundation.framework/Versions/A/SecurityFoundation
0x00007fff2adee000 	/usr/lib/libutil.dylib
0x00007fff22be3000 	/System/Library/PrivateFrameworks/CoreServicesStore.framework/Versions/A/CoreServicesStore
0x00007fff29dc5000 	/System/Library/Frameworks/ServiceManagement.framework/Versions/A/ServiceManagement
0x00007fff2adf2000 	/usr/lib/libxslt.1.dylib
0x00007fff29dbb000 	/System/Library/PrivateFrameworks/BackgroundTaskManagement.framework/Versions/A/BackgroundTaskManagement
0x00007fff2bdab000 	/System/Library/Frameworks/ImageIO.framework/Versions/A/Resources/libRadiance.dylib
0x00007fff2bdb5000 	/System/Library/Frameworks/ImageIO.framework/Versions/A/Resources/libJPEG.dylib
0x00007fff2bcff000 	/System/Library/Frameworks/ImageIO.framework/Versions/A/Resources/libPng.dylib
0x00007fff2bd26000 	/System/Library/Frameworks/ImageIO.framework/Versions/A/Resources/libTIFF.dylib
0x00007fff2be0a000 	/System/Library/Frameworks/ImageIO.framework/Versions/A/Resources/libGIF.dylib
0x00007fff2ba51000 	/System/Library/Frameworks/ImageIO.framework/Versions/A/Resources/libJP2.dylib
0x00007fff2b16d000 	/usr/lib/libexpat.1.dylib
0x00007fff2ba07000 	/System/Library/PrivateFrameworks/AppleJPEG.framework/Versions/A/AppleJPEG
0x00007fff28611000 	/System/Library/PrivateFrameworks/FontServices.framework/libFontParser.dylib
0x00007fff262e5000 	/System/Library/PrivateFrameworks/RunningBoardServices.framework/Versions/A/RunningBoardServices
0x00007fff2bb31000 	/System/Library/PrivateFrameworks/WatchdogClient.framework/Versions/A/WatchdogClient
0x00007fff216da000 	/System/Library/Frameworks/CoreDisplay.framework/Versions/A/CoreDisplay
0x00007fff28526000 	/System/Library/Frameworks/CoreMedia.framework/Versions/A/CoreMedia
0x00007fff273b0000 	/System/Library/Frameworks/CoreVideo.framework/Versions/A/CoreVideo
0x00007fff2bb6c000 	/System/Library/Frameworks/VideoToolbox.framework/Versions/A/VideoToolbox
0x00007fff26265000 	/System/Library/PrivateFrameworks/BaseBoard.framework/Versions/A/BaseBoard
0x00007fff2b2b1000 	/System/Library/PrivateFrameworks/PersistentConnection.framework/Versions/A/PersistentConnection
0x00007fff26006000 	/System/Library/PrivateFrameworks/ProtocolBuffer.framework/Versions/A/ProtocolBuffer
0x00007fff2624d000 	/System/Library/PrivateFrameworks/CommonUtilities.framework/Versions/A/CommonUtilities
0x00007fff2b9ca000 	/System/Library/PrivateFrameworks/Bom.framework/Versions/A/Bom
0x00007fff2bda3000 	/System/Library/PrivateFrameworks/GPUWrangler.framework/Versions/A/GPUWrangler
0x00007fff2bd86000 	/System/Library/PrivateFrameworks/IOPresentment.framework/Versions/A/IOPresentment
0x00007fff2bdaf000 	/System/Library/PrivateFrameworks/DSExternalDisplay.framework/Versions/A/DSExternalDisplay
0x00007fff2be0f000 	/System/Library/PrivateFrameworks/CMCaptureCore.framework/Versions/A/CMCaptureCore
0x00007fff2b74d000 	/System/Library/PrivateFrameworks/AppServerSupport.framework/Versions/A/AppServerSupport
0x00007fff2d7e8000 	/System/Library/PrivateFrameworks/perfdata.framework/Versions/A/perfdata
0x00007fff29d1e000 	/System/Library/PrivateFrameworks/AssertionServices.framework/Versions/A/AssertionServices
0x00007fff21811000 	/System/Library/PrivateFrameworks/AudioToolboxCore.framework/Versions/A/AudioToolboxCore
0x00007fff28509000 	/System/Library/PrivateFrameworks/caulk.framework/Versions/A/caulk
0x00007fff3cc20000 	/System/Library/PrivateFrameworks/SystemPolicy.framework/Versions/A/SystemPolicy
0x00007fff2af7c000 	/usr/lib/libIOReport.dylib
0x00007fff2d024000 	/usr/lib/libSMC.dylib
0x00007fff2bccb000 	/usr/lib/libAudioToolboxUtility.dylib
0x00007fff3d57a000 	/usr/lib/libmis.dylib
0x00007fff6bad6000 	/System/Library/Frameworks/OpenGL.framework/Versions/A/Libraries/libGLU.dylib
0x00007fff6ba99000 	/System/Library/Frameworks/OpenGL.framework/Versions/A/Libraries/libGFXShared.dylib
0x00007fff6bca7000 	/System/Library/Frameworks/OpenGL.framework/Versions/A/Libraries/libGL.dylib
0x00007fff6baa2000 	/System/Library/Frameworks/OpenGL.framework/Versions/A/Libraries/libGLImage.dylib
0x00007fff6ba96000 	/System/Library/Frameworks/OpenGL.framework/Versions/A/Libraries/libCVMSPluginSupport.dylib
0x00007fff6ba81000 	/System/Library/Frameworks/OpenGL.framework/Versions/A/Libraries/libCoreVMClient.dylib
0x00007fff6d0f1000 	/System/Library/Frameworks/OpenCL.framework/Versions/A/OpenCL
0x00007fff2b2da000 	/System/Library/PrivateFrameworks/GraphVisualizer.framework/Versions/A/GraphVisualizer
0x00007fff2b2e9000 	/System/Library/PrivateFrameworks/FaceCore.framework/Versions/A/FaceCore
0x00007fff2b705000 	/System/Library/PrivateFrameworks/OTSVG.framework/Versions/A/OTSVG
0x00007fff26fa5000 	/System/Library/Frameworks/ApplicationServices.framework/Versions/A/Frameworks/ATS.framework/Versions/A/Resources/libFontRegistry.dylib
0x00007fff2b754000 	/System/Library/PrivateFrameworks/FontServices.framework/libhvf.dylib
0x00007fff2b119000 	/System/Library/PrivateFrameworks/AppleVA.framework/Versions/A/AppleVA
0x00007fff2ce6c000 	/System/Library/Frameworks/ApplicationServices.framework/Versions/A/Frameworks/ATS.framework/Versions/A/ATS
0x00007fff2d17f000 	/System/Library/Frameworks/ApplicationServices.framework/Versions/A/Frameworks/ColorSyncLegacy.framework/Versions/A/ColorSyncLegacy
0x00007fff257e4000 	/System/Library/Frameworks/ApplicationServices.framework/Versions/A/Frameworks/HIServices.framework/Versions/A/HIServices
0x00007fff2d164000 	/System/Library/Frameworks/ApplicationServices.framework/Versions/A/Frameworks/LangAnalysis.framework/Versions/A/LangAnalysis
0x00007fff2be19000 	/System/Library/Frameworks/ApplicationServices.framework/Versions/A/Frameworks/PrintCore.framework/Versions/A/PrintCore
0x00007fff2d187000 	/System/Library/Frameworks/ApplicationServices.framework/Versions/A/Frameworks/QD.framework/Versions/A/QD
0x00007fff2ce5c000 	/System/Library/Frameworks/ApplicationServices.framework/Versions/A/Frameworks/SpeechSynthesis.framework/Versions/A/SpeechSynthesis
0x00007fff2bdda000 	/System/Library/Frameworks/ApplicationServices.framework/Versions/A/Frameworks/ATSUI.framework/Versions/A/ATSUI
0x00007fff2d104000 	/usr/lib/libcups.2.dylib
0x00007fff2d174000 	/System/Library/PrivateFrameworks/NetAuth.framework/Versions/A/NetAuth
0x00007fff2d803000 	/System/Library/Frameworks/Kerberos.framework/Versions/A/Kerberos
0x00007fff2d813000 	/System/Library/Frameworks/GSS.framework/Versions/A/GSS
0x00007fff2ced9000 	/usr/lib/libresolv.9.dylib
0x00007fff2b76a000 	/System/Library/PrivateFrameworks/Heimdal.framework/Versions/A/Heimdal
0x00007fff334a6000 	/System/Library/Frameworks/Kerberos.framework/Versions/A/Libraries/libHeimdalProxy.dylib
0x00007fff263b2000 	/System/Library/Frameworks/Network.framework/Versions/A/Network
0x00007fff2b186000 	/usr/lib/libheimdal-asn1.dylib
0x00007fff2d864000 	/System/Library/PrivateFrameworks/CommonAuth.framework/Versions/A/CommonAuth
0x00007fff273fe000 	/System/Library/PrivateFrameworks/login.framework/Versions/A/Frameworks/loginsupport.framework/Versions/A/loginsupport
0x00007fff2cde3000 	/System/Library/PrivateFrameworks/AudioSession.framework/Versions/A/AudioSession
0x00007fff2ce49000 	/usr/lib/libAudioStatistics.dylib
0x00007fff2b212000 	/System/Library/PrivateFrameworks/MediaExperience.framework/Versions/A/MediaExperience
0x00007fff2cc7c000 	/System/Library/PrivateFrameworks/AudioSession.framework/libSessionUtility.dylib
0x00007fff2d7f4000 	/usr/lib/libperfcheck.dylib
0x00007fff2d193000 	/System/Library/PrivateFrameworks/AudioResourceArbitration.framework/Versions/A/AudioResourceArbitration
0x00007fff2b190000 	/System/Library/PrivateFrameworks/IconFoundation.framework/Versions/A/IconFoundation
0x00007fff2fc8f000 	/System/Library/PrivateFrameworks/SpeechRecognitionCore.framework/Versions/A/SpeechRecognitionCore
0x0000000109000000 	/Users/tristanpoland/Library/Application Support/gdlauncher_next/java/8u242-b08/lib/server/libjvm.dylib
0x00007fff78009000 	/usr/lib/libstdc++.6.dylib
0x0000000104a49000 	/Users/tristanpoland/Library/Application Support/gdlauncher_next/java/8u242-b08/lib/libverify.dylib
0x0000000104a56000 	/Users/tristanpoland/Library/Application Support/gdlauncher_next/java/8u242-b08/lib/libjava.dylib
0x0000000104ad6000 	/Users/tristanpoland/Library/Application Support/gdlauncher_next/java/8u242-b08/lib/libzip.dylib
0x0000000104fa8000 	/Users/tristanpoland/Library/Application Support/gdlauncher_next/java/8u242-b08/lib/libnio.dylib
0x0000000104fb8000 	/Users/tristanpoland/Library/Application Support/gdlauncher_next/java/8u242-b08/lib/libnet.dylib
0x000000010fd55000 	/Users/tristanpoland/Library/Application Support/gdlauncher_next/java/8u242-b08/lib/libmanagement.dylib
0x000000011072d000 	/Users/tristanpoland/Library/Application Support/gdlauncher_next/java/8u242-b08/lib/libunpack.dylib
0x00000001340da000 	/Users/tristanpoland/Library/Application Support/gdlauncher_next/java/8u242-b08/lib/libawt.dylib
0x0000000134183000 	/Users/tristanpoland/Library/Application Support/gdlauncher_next/java/8u242-b08/lib/libmlib_image.dylib
0x00007fff6ea26000 	/System/Library/Frameworks/JavaNativeFoundation.framework/Versions/A/JavaNativeFoundation
0x00007fff6ea32000 	/System/Library/Frameworks/JavaRuntimeSupport.framework/Versions/A/JavaRuntimeSupport
0x00007fff3c96a000 	/System/Library/Frameworks/Carbon.framework/Versions/A/Carbon
0x00007fff31b00000 	/System/Library/PrivateFrameworks/CoreSymbolication.framework/Versions/A/CoreSymbolication
0x00007fff36421000 	/System/Library/Frameworks/Carbon.framework/Versions/A/Frameworks/CommonPanels.framework/Versions/A/CommonPanels
0x00007fff32f3b000 	/System/Library/Frameworks/Carbon.framework/Versions/A/Frameworks/Help.framework/Versions/A/Help
0x00007fff36425000 	/System/Library/Frameworks/Carbon.framework/Versions/A/Frameworks/ImageCapture.framework/Versions/A/ImageCapture
0x00007fff363f5000 	/System/Library/Frameworks/Carbon.framework/Versions/A/Frameworks/OpenScripting.framework/Versions/A/OpenScripting
0x00007fff3641d000 	/System/Library/Frameworks/Carbon.framework/Versions/A/Frameworks/Ink.framework/Versions/A/Ink
0x00007fff3c966000 	/System/Library/Frameworks/Carbon.framework/Versions/A/Frameworks/Print.framework/Versions/A/Print
0x00007fff36419000 	/System/Library/Frameworks/Carbon.framework/Versions/A/Frameworks/SecurityHI.framework/Versions/A/SecurityHI
0x00007fff31ac4000 	/System/Library/PrivateFrameworks/DebugSymbols.framework/Versions/A/DebugSymbols
0x000000013424f000 	/Users/tristanpoland/Library/Application Support/gdlauncher_next/java/8u242-b08/lib/libawt_lwawt.dylib
0x0000000110946000 	/Users/tristanpoland/Library/Application Support/gdlauncher_next/java/8u242-b08/lib/libosxapp.dylib
0x00007fff3bf85000 	/System/Library/Frameworks/ExceptionHandling.framework/Versions/A/ExceptionHandling
0x00007fff22ba4000 	/System/Library/PrivateFrameworks/CoreServicesInternal.framework/Versions/A/CoreServicesInternal
0x00007fff31016000 	/System/Library/Frameworks/FileProvider.framework/Versions/A/FileProvider
0x00007fff261d0000 	/System/Library/Frameworks/Accounts.framework/Versions/A/Accounts
0x00007fff31166000 	/System/Library/PrivateFrameworks/GenerationalStorage.framework/Versions/A/GenerationalStorage
0x00007fff30a36000 	/System/Library/PrivateFrameworks/SymptomDiagnosticReporter.framework/Versions/A/SymptomDiagnosticReporter
0x00007fff23cd2000 	/System/Library/PrivateFrameworks/DesktopServicesPriv.framework/Versions/A/DesktopServicesPriv
0x00007fff22cd9000 	/usr/lib/libsandbox.1.dylib
0x00007fff27429000 	/System/Library/PrivateFrameworks/UserManagement.framework/Versions/A/UserManagement
0x00007fff29cfb000 	/System/Library/PrivateFrameworks/MobileKeyBag.framework/Versions/A/MobileKeyBag
0x00007fff34528000 	/System/Library/PrivateFrameworks/ChunkingLibrary.framework/Versions/A/ChunkingLibrary
0x00007fff2e227000 	/System/Library/PrivateFrameworks/Sharing.framework/Versions/A/Sharing
0x00007fff32aa8000 	/System/Library/PrivateFrameworks/Apple80211.framework/Versions/A/Apple80211
0x00007fff2a3a8000 	/System/Library/PrivateFrameworks/AuthKit.framework/Versions/A/AuthKit
0x00007fff29af9000 	/System/Library/PrivateFrameworks/CoreUtils.framework/Versions/A/CoreUtils
0x00007fff29a26000 	/System/Library/Frameworks/CoreWLAN.framework/Versions/A/CoreWLAN
0x00007fff2e373000 	/System/Library/Frameworks/IOBluetooth.framework/Versions/A/IOBluetooth
0x00007fff32b0c000 	/System/Library/PrivateFrameworks/CoreWiFi.framework/Versions/A/CoreWiFi
0x00007fff2d8ea000 	/System/Library/PrivateFrameworks/CorePhoneNumbers.framework/Versions/A/CorePhoneNumbers
0x00007fff30b3d000 	/System/Library/PrivateFrameworks/DiskManagement.framework/Versions/A/DiskManagement
0x00007fff30a53000 	/System/Library/PrivateFrameworks/AppleIDAuthSupport.framework/Versions/A/AppleIDAuthSupport
0x00007fff2d8ca000 	/System/Library/PrivateFrameworks/KeychainCircle.framework/Versions/A/KeychainCircle
0x00007fff30b09000 	/System/Library/PrivateFrameworks/MediaKit.framework/Versions/A/MediaKit
0x00007fff30a60000 	/System/Library/Frameworks/DiscRecording.framework/Versions/A/DiscRecording
0x00007fff2b08d000 	/usr/lib/libCoreStorage.dylib
0x00007fff32f47000 	/usr/lib/libcsfde.dylib
0x00007fff2e4ae000 	/System/Library/PrivateFrameworks/ProtectedCloudStorage.framework/Versions/A/ProtectedCloudStorage
0x00007fff32f3f000 	/System/Library/PrivateFrameworks/EFILogin.framework/Versions/A/EFILogin
0x00007fff33559000 	/System/Library/Frameworks/AudioUnit.framework/Versions/A/AudioUnit
0x00007fff309d0000 	/System/Library/Frameworks/CoreBluetooth.framework/Versions/A/CoreBluetooth
0x00007fff2b085000 	/usr/lib/libMatch.1.dylib
0x00007fff437e5000 	/System/Library/CoreServices/RawCamera.bundle/Contents/MacOS/RawCamera
0x00007fff2d875000 	/System/Library/PrivateFrameworks/MobileAsset.framework/Versions/A/MobileAsset
0x00007fff3357d000 	/System/Library/PrivateFrameworks/StreamingZip.framework/Versions/A/StreamingZip
0x00007fff2c011000 	/System/Library/Frameworks/MediaToolbox.framework/Versions/A/MediaToolbox
0x00007fff30fe8000 	/System/Library/PrivateFrameworks/CoreAVCHD.framework/Versions/A/CoreAVCHD
0x00007fff301cf000 	/System/Library/Frameworks/MediaAccessibility.framework/Versions/A/MediaAccessibility
0x00007fff30fe4000 	/System/Library/PrivateFrameworks/Mangrove.framework/Versions/A/Mangrove
0x00007fff301db000 	/System/Library/PrivateFrameworks/AlgosScoreFramework.framework/Versions/A/AlgosScoreFramework
0x00007fff319d2000 	/System/Library/PrivateFrameworks/AppleVPA.framework/Versions/A/AppleVPA
0x00007fff30c29000 	/System/Library/PrivateFrameworks/CoreAUC.framework/Versions/A/CoreAUC
0x00007fff4123c000 	/System/Library/Frameworks/Accelerate.framework/Versions/A/Frameworks/vImage.framework/Versions/A/Libraries/libCGInterfaces.dylib
0x000000013660c000 	/usr/lib/libobjc-trampolines.dylib
0x00007fff353c2000 	/System/Library/PrivateFrameworks/FamilyControls.framework/Versions/A/FamilyControls
0x00007fff353e6000 	/System/Library/PrivateFrameworks/CommerceKit.framework/Versions/A/Frameworks/CommerceCore.framework/Versions/A/CommerceCore
0x00007fff3020c000 	/System/Library/PrivateFrameworks/SystemAdministration.framework/Versions/A/SystemAdministration
0x00007fff2e495000 	/System/Library/PrivateFrameworks/AppContainer.framework/Versions/A/AppContainer
0x00007fff2e4aa000 	/System/Library/PrivateFrameworks/SecCodeWrapper.framework/Versions/A/SecCodeWrapper
0x00007fff2af84000 	/System/Library/PrivateFrameworks/CrashReporterSupport.framework/Versions/A/CrashReporterSupport
0x00007fff4795f000 	/System/Library/PrivateFrameworks/OSAnalytics.framework/Versions/A/OSAnalytics
0x00007fff778ef000 	/usr/lib/libRosetta.dylib
0x00007fff32ece000 	/System/Library/PrivateFrameworks/RemoteServiceDiscovery.framework/Versions/A/RemoteServiceDiscovery
0x00007fff515ff000 	/System/Library/PrivateFrameworks/Symbolication.framework/Versions/A/Symbolication
0x00007fff3d55a000 	/System/Library/PrivateFrameworks/MallocStackLogging.framework/Versions/A/MallocStackLogging
0x00007fff2b82b000 	/System/Library/PrivateFrameworks/login.framework/Versions/A/login
0x00007fff2fc5b000 	/System/Library/Frameworks/DirectoryService.framework/Versions/A/DirectoryService
0x00007fff32de7000 	/System/Library/PrivateFrameworks/DiskImages.framework/Versions/A/DiskImages
0x00007fff32fba000 	/System/Library/PrivateFrameworks/LoginUIKit.framework/Versions/A/Frameworks/LoginUICore.framework/Versions/A/LoginUICore
0x00007fff2b9c6000 	/usr/lib/libodfde.dylib
0x00007fff32f53000 	/usr/lib/libcurl.4.dylib
0x00007fff32cb3000 	/usr/lib/libcrypto.44.dylib
0x00007fff32db9000 	/usr/lib/libssl.46.dylib
0x00007fff32c79000 	/System/Library/Frameworks/LDAP.framework/Versions/A/LDAP
0x00007fff32cb1000 	/System/Library/PrivateFrameworks/TrustEvaluationAgent.framework/Versions/A/TrustEvaluationAgent
0x00007fff2cef2000 	/usr/lib/libsasl2.2.dylib
0x00007fff30200000 	/System/Library/PrivateFrameworks/CoreDaemon.framework/Versions/B/CoreDaemon
0x00007fff301fb000 	/System/Library/PrivateFrameworks/AppleSRP.framework/Versions/A/AppleSRP
0x00007fff27128000 	/System/Library/PrivateFrameworks/ViewBridge.framework/Versions/A/ViewBridge
0x0000000136eed000 	/Users/tristanpoland/Library/Application Support/gdlauncher_next/java/8u242-b08/lib/libfontmanager.dylib
0x0000000136f57000 	/Users/tristanpoland/Library/Application Support/gdlauncher_next/java/8u242-b08/lib/libfreetype.6.dylib
0x0000000137659000 	/Users/tristanpoland/Library/Application Support/gdlauncher_next/instances/Cosmos modpack/natives/liblwjgl.dylib
0x00000001376cb000 	/Users/tristanpoland/Library/Application Support/gdlauncher_next/java/8u242-b08/lib/libjawt.dylib
0x00007fff6bcb2000 	/System/Library/Frameworks/OpenGL.framework/Versions/A/Resources/GLEngine.bundle/GLEngine
0x00007fff6bb13000 	/System/Library/Frameworks/OpenGL.framework/Versions/A/Libraries/libGLProgrammability.dylib
0x00007fff65beb000 	/System/Library/Extensions/AppleIntelHD5000GraphicsGLDriver.bundle/Contents/MacOS/AppleIntelHD5000GraphicsGLDriver
0x00007fff46329000 	/System/Library/PrivateFrameworks/GPUSupport.framework/Versions/A/Libraries/libGPUSupportMercury.dylib
0x00007fff612d1000 	/System/Library/Extensions/GeForceGLDriver.bundle/Contents/MacOS/GeForceGLDriver
0x00007fff60c09000 	/System/Library/Extensions/GeForceGLDriver.bundle/Contents/MacOS/libclh.dylib
0x00007fff6be30000 	/System/Library/Frameworks/OpenGL.framework/Versions/A/Resources/GLRendererFloat.bundle/GLRendererFloat

VM Arguments:
jvm_args: -Xmx10240m -Xms10240m -Dfml.ignorePatchDiscrepancies=true -Dfml.ignoreInvalidMinecraftCertificates=true -Xms256m -Djava.library.path=/Users/tristanpoland/Library/Application Support/gdlauncher_next/instances/Cosmos modpack/natives -Dminecraft.applet.TargetDirectory=/Users/tristanpoland/Library/Application Support/gdlauncher_next/instances/Cosmos modpack 
java_command: net.minecraft.launchwrapper.Launch --username TristanPoland --version 1.12.2 --gameDir /Users/tristanpoland/Library/Application Support/gdlauncher_next/instances/Cosmos modpack --assetsDir /Users/tristanpoland/Library/Application Support/gdlauncher_next/datastore/assets --assetIndex 1.12 --uuid a4686b5b2f264015887dc42382f3f73d --accessToken eyJhbGciOiJIUzI1NiJ9.eyJhZ2ciOiJBZHVsdCIsInN1YiI6IjE0YjgyMThhYzI3MTRiMmZiMTRlOWNjYTc1MDRiYTZiIiwieWdndCI6ImVkODJjZjAzOWI3NDRiMmE4Y2Y2MTU4ZmU2ZjIwZTQyIiwic3ByIjoiYTQ2ODZiNWIyZjI2NDAxNTg4N2RjNDIzODJmM2Y3M2QiLCJpc3MiOiJZZ2dkcmFzaWwtQXV0aCIsImV4cCI6MTYzNTEyMjY4NywiaWF0IjoxNjM0OTQ5ODg3fQ.wLEK6aSmkW9gVOu-qfM8UpFaylTR_mmB2tTVprkpiXc --userType mojang --tweakClass net.minecraftforge.fml.common.launcher.FMLTweaker --versionType Forge --width 854 --height 480
java_class_path (initial): /Users/tristanpoland/Library/Application Support/gdlauncher_next/datastore/libraries/net/minecraftforge/forge/1.12.2-14.23.5.2855/forge-1.12.2-14.23.5.2855.jar:/Users/tristanpoland/Library/Application Support/gdlauncher_next/datastore/libraries/org/ow2/asm/asm-debug-all/5.2/asm-debug-all-5.2.jar:/Users/tristanpoland/Library/Application Support/gdlauncher_next/datastore/libraries/net/minecraft/launchwrapper/1.12/launchwrapper-1.12.jar:/Users/tristanpoland/Library/Application Support/gdlauncher_next/datastore/libraries/org/jline/jline/3.5.1/jline-3.5.1.jar:/Users/tristanpoland/Library/Application Support/gdlauncher_next/datastore/libraries/com/typesafe/akka/akka-actor_2.11/2.3.3/akka-actor_2.11-2.3.3.jar:/Users/tristanpoland/Library/Application Support/gdlauncher_next/datastore/libraries/com/typesafe/config/1.2.1/config-1.2.1.jar:/Users/tristanpoland/Library/Application Support/gdlauncher_next/datastore/libraries/org/scala-lang/scala-actors-migration_2.11/1.1.0/scala-actors-migration_2.11-1.1.0.jar:/Users/tristanpoland/Library/Application Support/gdlauncher_next/datastore/libraries/org/scala-lang/scala-compiler/2.11.1/scala-compiler-2.11.1.jar:/Users/tristanpoland/Library/Application Support/gdlauncher_next/datastore/libraries/org/scala-lang/plugins/scala-continuations-library_2.11/1.0.2_mc/scala-continuations-library_2.11-1.0.2_mc.jar:/Users/tristanpoland/Library/Application Support/gdlauncher_next/datastore/libraries/org/scala-lang/plugins/scala-continuations-plugin_2.11.1/1.0.2_mc/scala-continuations-plugin_2.11.1-1.0.2_mc.jar:/Users/tristanpoland/Library/Application Support/gdlauncher_next/datastore/libraries/org/scala-lang/scala-library/2.11.1/scala-library-2.11.1.jar:/Users/tristanpoland/Library/Application Support/gdlauncher_next/datastore/libraries/org/scala-lang/scala-parser-combinators_2.11/1.0.1/scala-parser-combinators_2.11-1.0.1.jar:/Users/tristanpoland/Library/Application Support/gdlauncher_next/datastore/libraries/org/scala-
Launcher Type: SUN_STANDARD

Environment Variables:
PATH=/usr/bin:/bin:/usr/sbin:/sbin
SHELL=/bin/zsh
DISPLAY=/private/tmp/com.apple.launchd.q7vjV1EbwC/org.macosforge.xquartz:0

Signal Handlers:
SIGSEGV: [libjvm.dylib+0x588183], sa_mask[0]=11111111011111110111111111111111, sa_flags=SA_ONSTACK|SA_RESTART|SA_SIGINFO
SIGBUS: [libjvm.dylib+0x588183], sa_mask[0]=11111111011111110111111111111111, sa_flags=SA_RESTART|SA_SIGINFO
SIGFPE: [libjvm.dylib+0x46288c], sa_mask[0]=11111111011111110111111111111111, sa_flags=SA_RESTART|SA_SIGINFO
SIGPIPE: [libjvm.dylib+0x46288c], sa_mask[0]=11111111011111110111111111111111, sa_flags=SA_RESTART|SA_SIGINFO
SIGXFSZ: [libjvm.dylib+0x46288c], sa_mask[0]=11111111011111110111111111111111, sa_flags=SA_RESTART|SA_SIGINFO
SIGILL: [libjvm.dylib+0x46288c], sa_mask[0]=11111111011111110111111111111111, sa_flags=SA_RESTART|SA_SIGINFO
SIGUSR1: SIG_DFL, sa_mask[0]=00000000000000000000000000000000, sa_flags=SA_RESTART
SIGUSR2: [libjvm.dylib+0x4623aa], sa_mask[0]=00000000000000000000000000000000, sa_flags=SA_RESTART|SA_SIGINFO
SIGHUP: [libjvm.dylib+0x460935], sa_mask[0]=11111111011111110111111111111111, sa_flags=SA_RESTART|SA_SIGINFO
SIGINT: [libjvm.dylib+0x460935], sa_mask[0]=11111111011111110111111111111111, sa_flags=SA_RESTART|SA_SIGINFO
SIGTERM: [libjvm.dylib+0x460935], sa_mask[0]=11111111011111110111111111111111, sa_flags=SA_RESTART|SA_SIGINFO
SIGQUIT: [libjvm.dylib+0x460935], sa_mask[0]=11111111011111110111111111111111, sa_flags=SA_RESTART|SA_SIGINFO


---------------  S Y S T E M  ---------------

OS:Bsduname:Darwin 20.5.0 Darwin Kernel Version 20.5.0: Sat May  8 05:10:33 PDT 2021; root:xnu-7195.121.3~9/RELEASE_X86_64 x86_64
rlimit: STACK 8192k, CORE 0k, NPROC 2784, NOFILE 10240, AS infinity
load average:5.24 4.28 4.17

CPU:total 8 (initial active 8) (4 cores per cpu, 2 threads per core) family 6 model 70 stepping 1, cmov, cx8, fxsr, mmx, sse, sse2, sse3, ssse3, sse4.1, sse4.2, popcnt, avx, avx2, aes, clmul, erms, lzcnt, ht, tsc, tscinvbit, bmi1, bmi2

Memory: 4k page, physical 16777216k(1187832k free)

/proc/meminfo:


vm_info: OpenJDK 64-Bit Server VM (25.242-b08) for bsd-amd64 JRE (1.8.0_242-b08), built on Jan 19 2020 06:43:11 by "jenkins" with gcc 4.2.1 (Based on Apple Inc. build 5658) (LLVM build 2336.11.00)

time: Sun Oct 24 09:55:39 2021
timezone: EDT
elapsed time: 14 seconds (0d 0h 0m 14s)

