#
# A fatal error has been detected by the Java Runtime Environment:
#
#  SIGILL (0x4) at pc=0x00007fff23076d28, pid=11238, tid=0x0000000000000103
#
# JRE version: OpenJDK Runtime Environment (8.0_242-b08) (build 1.8.0_242-b08)
# Java VM: OpenJDK 64-Bit Server VM (25.242-b08 mixed mode bsd-amd64 compressed oops)
# Problematic frame:
# C  [AppKit+0x3ead28]  -[NSApplication _crashOnException:]+0x15b
#
# Failed to write core dump. Core dumps have been disabled. To enable core dumping, try "ulimit -c unlimited" before starting Java again
#
# If you would like to submit a bug report, please visit:
#   http://bugreport.java.com/bugreport/crash.jsp
# The crash happened outside the Java Virtual Machine in native code.
# See problematic frame for where to report the bug.
#

---------------  T H R E A D  ---------------

Current thread (0x00007f939f822800):  JavaThread "AppKit Thread" daemon [_thread_in_native, id=259, stack(0x00007ffeebcfc000,0x00007ffeec4fc000)]

siginfo: si_signo: 4 (SIGILL), si_code: 1 (ILL_ILLOPC), si_addr: 0x00007fff23076d28

Registers:
RAX=0x00007f93a8865000, RBX=0x00007fff20270800, RCX=0x94dacacc8f63003e, RDX=0xffffffffffffff01
RSP=0x00007ffeec4f5940, RBP=0x00007ffeec4f5970, RSI=0x0000000000000ed3, RDI=0x00007ffeec4f54e0
R8 =0x0000000008000100, R9 =0x0000000000000000, R10=0x00007ffeec4f5448, R11=0x0000000000000fff
R12=0x00007f939f80e068, R13=0x00007f93a698c410, R14=0x00007f93a698cea0, R15=0x00007fff7b9c5c35
RIP=0x00007fff23076d28, EFLAGS=0x0000000000010206, ERR=0x0000000000000000
  TRAPNO=0x0000000000000006

Top of Stack: (sp=0x00007ffeec4f5940)
0x00007ffeec4f5940:   a698d23008420102 0000000000007f93
0x00007ffeec4f5950:   000000ff000000ff 00007f93a698d000
0x00007ffeec4f5960:   00007f93a69762e0 00007f93a698c410
0x00007ffeec4f5970:   00007ffeec4f5ab0 00007fff22e4eef8
0x00007ffeec4f5980:   00007fff20270800 00007f93a698c180
0x00007ffeec4f5990:   00007ffeec4f59f0 00007fff22ce62f1
0x00007ffeec4f59a0:   00007f93a2f62240 00007f93a2f62290
0x00007ffeec4f59b0:   00007ffeec4f59f0 00007fff22ce6182
0x00007ffeec4f59c0:   94dacacc8f63003e 00007f93a698c180
0x00007ffeec4f59d0:   00007f93a698c180 00007f93a69763a0
0x00007ffeec4f59e0:   00007f93a6900000 0000000000000004
0x00007ffeec4f59f0:   00007f93a6984110 0000000000000004
0x00007ffeec4f5a00:   0000000000040000 0000000000000003
0x00007ffeec4f5a10:   00007f93a690c570 0000000000000003
0x00007ffeec4f5a20:   0000000000000030 0000000103724a00
0x00007ffeec4f5a30:   00007ffeec4f5ac0 00007fff201fe723
0x00007ffeec4f5a40:   0000000000000103 0000000000000000
0x00007ffeec4f5a50:   00007f939ed11670 00007f93a690c5a0
0x00007ffeec4f5a60:   00000000a882b000 0000000000000003
0x00007ffeec4f5a70:   ffff806c59689c60 00007f93a6900000
0x00007ffeec4f5a80:   94dacacc8f63003e 00007f93a6988990
0x00007ffeec4f5a90:   00007f939f80e068 00007f93a698c410
0x00007ffeec4f5aa0:   0000000000000002 00007f93a698c410
0x00007ffeec4f5ab0:   00007ffeec4f5ae0 00007fff235a3cc3
0x00007ffeec4f5ac0:   00007f93a6988990 00007fff204cb1f3
0x00007ffeec4f5ad0:   0000000000000002 0000000000000000
0x00007ffeec4f5ae0:   00007ffeec4f5af0 00007fff204cad31
0x00007ffeec4f5af0:   00007ffeec4f5bb0 00007fff204cabc5
0x00007ffeec4f5b00:   00007f93a698c410 0000000000000020
0x00007ffeec4f5b10:   00007fff801109a8 00007fff204caa58
0x00007ffeec4f5b20:   00007f939ed11770 0000000500002d8a
0x00007ffeec4f5b30:   00007ffeec4f5b20 00007ffeec4f5b00 

Instructions: (pc=0x00007fff23076d28)
0x00007fff23076d08:   48 89 c7 ff 15 8f 49 25 64 48 8b 35 30 e8 a3 5d
0x00007fff23076d18:   48 89 c7 ff 15 7f 49 25 64 48 89 05 78 cb a9 5d
0x00007fff23076d28:   0f 0b 48 89 c7 e8 80 47 7b 00 31 ff 31 f6 31 c0
0x00007fff23076d38:   e8 da 0d e2 ff e8 a0 47 7b 00 0f 0b 48 89 c3 e8 

Register to memory mapping:

RAX=0x00007f93a8865000 is an unknown value
RBX=0x00007fff20270800: objc_msgSend+0 in /usr/lib/libobjc.A.dylib at 0x00007fff2026a000
RCX=0x94dacacc8f63003e is an unknown value
RDX=0xffffffffffffff01 is an unknown value
RSP=0x00007ffeec4f5940 is pointing into the stack for thread: 0x00007f939f822800
RBP=0x00007ffeec4f5970 is pointing into the stack for thread: 0x00007f939f822800
RSI=0x0000000000000ed3 is an unknown value
RDI=0x00007ffeec4f54e0 is pointing into the stack for thread: 0x00007f939f822800
R8 =0x0000000008000100 is an unknown value
R9 =0x0000000000000000 is an unknown value
R10=0x00007ffeec4f5448 is pointing into the stack for thread: 0x00007f939f822800
R11=0x0000000000000fff is an unknown value
R12=0x00007f939f80e068 is an unknown value
R13=0x00007f93a698c410 is an unknown value
R14=0x00007f93a698cea0 is an unknown value
R15=0x00007fff7b9c5c35: GCC_except_table772+0x5b726325 in /usr/lib/libobjc.A.dylib at 0x00007fff2026a000


Stack: [0x00007ffeebcfc000,0x00007ffeec4fc000],  sp=0x00007ffeec4f5940,  free space=8166k
Native frames: (J=compiled Java code, j=interpreted, Vv=VM code, C=native code)
C  [AppKit+0x3ead28]  -[NSApplication _crashOnException:]+0x15b
C  [AppKit+0x1c2ef8]  __62+[CATransaction(NSCATransaction) NS_setFlushesWithDisplayLink]_block_invoke+0x359
C  [AppKit+0x917cc3]  ___NSRunLoopObserverCreateWithHandler_block_invoke+0x29
C  [CoreFoundation+0x80d31]  __CFRUNLOOP_IS_CALLING_OUT_TO_AN_OBSERVER_CALLBACK_FUNCTION__+0x17
C  [CoreFoundation+0x80bc5]  __CFRunLoopDoObservers+0x21f
C  [CoreFoundation+0x80058]  __CFRunLoopRun+0x349
C  [CoreFoundation+0x7f64c]  CFRunLoopRunSpecific+0x233
C  [HIToolbox+0x30ab3]  RunCurrentEventLoopInMode+0x124
C  [HIToolbox+0x30815]  ReceiveNextEventCommon+0x24b
C  [HIToolbox+0x305b3]  _BlockUntilNextEventMatchingListInModeWithFilter+0x46
C  [AppKit+0x3e6f2]  _DPSNextEvent+0x360
C  [AppKit+0x3cec5]  -[NSApplication(NSEvent) _nextEventMatchingEventMask:untilDate:inMode:dequeue:]+0x554
C  [libosxapp.dylib+0x2328]  -[NSApplicationAWT nextEventMatchingMask:untilDate:inMode:dequeue:]+0x7c
C  [AppKit+0x2f239]  -[NSApplication run]+0x24a
C  [libosxapp.dylib+0x1f72]  +[NSApplicationAWT runAWTLoopWithApp:]+0x9c
C  [libawt_lwawt.dylib+0x4711f]  -[AWTStarter starter:]+0x389
C  [Foundation+0x80bc1]  __NSThreadPerformPerform+0xcc
C  [CoreFoundation+0x8197c]  __CFRUNLOOP_IS_CALLING_OUT_TO_A_SOURCE0_PERFORM_FUNCTION__+0x11
C  [CoreFoundation+0x818e4]  __CFRunLoopDoSource0+0xb4
C  [CoreFoundation+0x81664]  __CFRunLoopDoSources0+0xf2
C  [CoreFoundation+0x8008c]  __CFRunLoopRun+0x37d
C  [CoreFoundation+0x7f64c]  CFRunLoopRunSpecific+0x233
C  [java+0x646e]  CreateExecutionEnvironment+0x367
C  [java+0x203c]  JLI_Launch+0x7a0
C  [java+0x84d2]  main+0x6c
C  [java+0x1894]  start+0x34
C  0x0000000000000023


---------------  P R O C E S S  ---------------

Java Threads: ( => current thread )
  0x00007f93a4b72800 JavaThread "Timer hack thread" daemon [_thread_blocked, id=51479, stack(0x000070001151c000,0x000070001161c000)]
  0x00007f939fcdc000 JavaThread "AWT-Shutdown" [_thread_blocked, id=36103, stack(0x0000700010f01000,0x0000700011001000)]
  0x00007f93a4d9f000 JavaThread "Snooper Timer" daemon [_thread_blocked, id=82443, stack(0x0000700011316000,0x0000700011416000)]
=>0x00007f939f822800 JavaThread "AppKit Thread" daemon [_thread_in_native, id=259, stack(0x00007ffeebcfc000,0x00007ffeec4fc000)]
  0x00007f939f84f000 JavaThread "Service Thread" daemon [_thread_blocked, id=16899, stack(0x0000700010cfb000,0x0000700010dfb000)]
  0x00007f939f038800 JavaThread "C1 CompilerThread3" daemon [_thread_blocked, id=17923, stack(0x0000700010bf8000,0x0000700010cf8000)]
  0x00007f939f037800 JavaThread "C2 CompilerThread2" daemon [_thread_blocked, id=16387, stack(0x0000700010af5000,0x0000700010bf5000)]
  0x00007f939f846000 JavaThread "C2 CompilerThread1" daemon [_thread_blocked, id=18435, stack(0x00007000109f2000,0x0000700010af2000)]
  0x00007f939f844000 JavaThread "C2 CompilerThread0" daemon [_thread_blocked, id=15619, stack(0x00007000108ef000,0x00007000109ef000)]
  0x00007f939f827800 JavaThread "Signal Dispatcher" daemon [_thread_blocked, id=18947, stack(0x00007000107ec000,0x00007000108ec000)]
  0x00007f939f81f000 JavaThread "Finalizer" daemon [_thread_blocked, id=13571, stack(0x00007000105e3000,0x00007000106e3000)]
  0x00007f939f81c000 JavaThread "Reference Handler" daemon [_thread_blocked, id=13059, stack(0x00007000104e0000,0x00007000105e0000)]
  0x00007f939f009000 JavaThread "Client thread" [_thread_in_vm, id=4099, stack(0x000070000fac2000,0x000070000fbc2000)]

Other Threads:
  0x00007f93a0032800 VMThread [stack: 0x00007000103dd000,0x00007000104dd000] [id=21251]
  0x00007f939f826000 WatcherThread [stack: 0x0000700010dfe000,0x0000700010efe000] [id=17411]

VM state:not at safepoint (normal execution)

VM Mutex/Monitor currently owned by a thread: None

heap address: 0x0000000540000000, size: 10240 MB, Compressed Oops mode: Zero based, Oop shift amount: 3
Narrow klass base: 0x0000000000000000, Narrow klass shift: 3
Compressed class space size: 1073741824 Address: 0x00000007c0000000

Heap:
 PSYoungGen      total 772608K, used 276413K [0x00000006eab00000, 0x000000071da00000, 0x00000007c0000000)
  eden space 723968K, 38% used [0x00000006eab00000,0x00000006fb8ef618,0x0000000716e00000)
  from space 48640K, 0% used [0x0000000719f00000,0x0000000719f00000,0x000000071ce80000)
  to   space 50176K, 0% used [0x0000000716e00000,0x0000000716e00000,0x0000000719f00000)
 ParOldGen       total 291328K, used 119785K [0x0000000540000000, 0x0000000551c80000, 0x00000006eab00000)
  object space 291328K, 41% used [0x0000000540000000,0x00000005474fa690,0x0000000551c80000)
 Metaspace       used 38377K, capacity 38779K, committed 39168K, reserved 1083392K
  class space    used 5133K, capacity 5286K, committed 5376K, reserved 1048576K

Card table byte_map: [0x00000001186c9000,0x0000000119aca000] byte_map_base: 0x0000000115cc9000

Marking Bits: (ParMarkBitMap*) 0x000000010809f5b0
 Begin Bits: [0x0000000119aca000, 0x0000000123aca000)
 End Bits:   [0x0000000123aca000, 0x000000012daca000)

Polling page: 0x0000000103777000

CodeCache: size=245760Kb used=16805Kb max_used=16815Kb free=228955Kb
 bounds [0x00000001096c9000, 0x000000010a759000, 0x00000001186c9000]
 total_blobs=5021 nmethods=4469 adapters=465
 compilation: enabled

Compilation events (10 events):
Event: 15.399 Thread 0x00007f939f038800 5373       3       sun.reflect.UnsafeQualifiedStaticFieldAccessorImpl::<init> (11 bytes)
Event: 15.399 Thread 0x00007f939f038800 nmethod 5373 0x000000010a737650 code [0x000000010a7377e0, 0x000000010a737ad8]
Event: 15.399 Thread 0x00007f939f038800 5374       3       sun.reflect.UnsafeQualifiedStaticIntegerFieldAccessorImpl::<init> (7 bytes)
Event: 15.400 Thread 0x00007f939f038800 nmethod 5374 0x000000010a737010 code [0x000000010a7371a0, 0x000000010a7374f8]
Event: 15.401 Thread 0x00007f939f038800 5375       3       sun.reflect.UnsafeFieldAccessorFactory::newFieldAccessor (676 bytes)
Event: 15.404 Thread 0x00007f939f038800 nmethod 5375 0x000000010a73f250 code [0x000000010a73f880, 0x000000010a742908]
Event: 15.404 Thread 0x00007f939f038800 5376       3       sun.reflect.FieldAccessorImpl::<init> (5 bytes)
Event: 15.404 Thread 0x00007f939f038800 nmethod 5376 0x000000010a736790 code [0x000000010a736900, 0x000000010a736b10]
Event: 15.404 Thread 0x00007f939f037800 5377       4       java.util.jar.JarFile::getManifestFromReference (117 bytes)
Event: 15.462 Thread 0x00007f939f037800 nmethod 5377 0x000000010a746890 code [0x000000010a746c20, 0x000000010a748a68]

GC Heap History (10 events):
Event: 8.228 GC heap before
{Heap before GC invocations=10 (full 1):
 PSYoungGen      total 435200K, used 434728K [0x00000006eab00000, 0x000000070eb80000, 0x00000007c0000000)
  eden space 417792K, 100% used [0x00000006eab00000,0x0000000704300000,0x0000000704300000)
  from space 17408K, 97% used [0x000000070da80000,0x000000070eb0a120,0x000000070eb80000)
  to   space 51200K, 0% used [0x0000000708780000,0x0000000708780000,0x000000070b980000)
 ParOldGen       total 187904K, used 63711K [0x0000000540000000, 0x000000054b780000, 0x00000006eab00000)
  object space 187904K, 33% used [0x0000000540000000,0x0000000543e37d08,0x000000054b780000)
 Metaspace       used 24433K, capacity 24782K, committed 25216K, reserved 1071104K
  class space    used 2972K, capacity 3100K, committed 3200K, reserved 1048576K
Event: 8.252 GC heap after
Heap after GC invocations=10 (full 1):
 PSYoungGen      total 539136K, used 23430K [0x00000006eab00000, 0x0000000712d80000, 0x00000007c0000000)
  eden space 487936K, 0% used [0x00000006eab00000,0x00000006eab00000,0x0000000708780000)
  from space 51200K, 45% used [0x0000000708780000,0x0000000709e619f0,0x000000070b980000)
  to   space 49664K, 0% used [0x000000070fd00000,0x000000070fd00000,0x0000000712d80000)
 ParOldGen       total 187904K, used 63719K [0x0000000540000000, 0x000000054b780000, 0x00000006eab00000)
  object space 187904K, 33% used [0x0000000540000000,0x0000000543e39d08,0x000000054b780000)
 Metaspace       used 24433K, capacity 24782K, committed 25216K, reserved 1071104K
  class space    used 2972K, capacity 3100K, committed 3200K, reserved 1048576K
}
Event: 10.595 GC heap before
{Heap before GC invocations=11 (full 1):
 PSYoungGen      total 539136K, used 511366K [0x00000006eab00000, 0x0000000712d80000, 0x00000007c0000000)
  eden space 487936K, 100% used [0x00000006eab00000,0x0000000708780000,0x0000000708780000)
  from space 51200K, 45% used [0x0000000708780000,0x0000000709e619f0,0x000000070b980000)
  to   space 49664K, 0% used [0x000000070fd00000,0x000000070fd00000,0x0000000712d80000)
 ParOldGen       total 187904K, used 63719K [0x0000000540000000, 0x000000054b780000, 0x00000006eab00000)
  object space 187904K, 33% used [0x0000000540000000,0x0000000543e39d08,0x000000054b780000)
 Metaspace       used 28286K, capacity 28606K, committed 28928K, reserved 1075200K
  class space    used 3407K, capacity 3522K, committed 3584K, reserved 1048576K
Event: 10.648 GC heap after
Heap after GC invocations=11 (full 1):
 PSYoungGen      total 608256K, used 32698K [0x00000006eab00000, 0x0000000718280000, 0x00000007c0000000)
  eden space 558592K, 0% used [0x00000006eab00000,0x00000006eab00000,0x000000070cc80000)
  from space 49664K, 65% used [0x000000070fd00000,0x0000000711ceea70,0x0000000712d80000)
  to   space 49664K, 0% used [0x000000070cc80000,0x000000070cc80000,0x000000070fd00000)
 ParOldGen       total 187904K, used 73801K [0x0000000540000000, 0x000000054b780000, 0x00000006eab00000)
  object space 187904K, 39% used [0x0000000540000000,0x0000000544812620,0x000000054b780000)
 Metaspace       used 28286K, capacity 28606K, committed 28928K, reserved 1075200K
  class space    used 3407K, capacity 3522K, committed 3584K, reserved 1048576K
}
Event: 12.702 GC heap before
{Heap before GC invocations=12 (full 1):
 PSYoungGen      total 608256K, used 591290K [0x00000006eab00000, 0x0000000718280000, 0x00000007c0000000)
  eden space 558592K, 100% used [0x00000006eab00000,0x000000070cc80000,0x000000070cc80000)
  from space 49664K, 65% used [0x000000070fd00000,0x0000000711ceea70,0x0000000712d80000)
  to   space 49664K, 0% used [0x000000070cc80000,0x000000070cc80000,0x000000070fd00000)
 ParOldGen       total 187904K, used 73801K [0x0000000540000000, 0x000000054b780000, 0x00000006eab00000)
  object space 187904K, 39% used [0x0000000540000000,0x0000000544812620,0x000000054b780000)
 Metaspace       used 32316K, capacity 32648K, committed 33024K, reserved 1077248K
  class space    used 4179K, capacity 4293K, committed 4352K, reserved 1048576K
Event: 12.729 GC heap after
Heap after GC invocations=12 (full 1):
 PSYoungGen      total 608256K, used 19199K [0x00000006eab00000, 0x000000071ce80000, 0x00000007c0000000)
  eden space 558592K, 0% used [0x00000006eab00000,0x00000006eab00000,0x000000070cc80000)
  from space 49664K, 38% used [0x000000070cc80000,0x000000070df3fe88,0x000000070fd00000)
  to   space 48640K, 0% used [0x0000000719f00000,0x0000000719f00000,0x000000071ce80000)
 ParOldGen       total 187904K, used 101601K [0x0000000540000000, 0x000000054b780000, 0x00000006eab00000)
  object space 187904K, 54% used [0x0000000540000000,0x0000000546338630,0x000000054b780000)
 Metaspace       used 32316K, capacity 32648K, committed 33024K, reserved 1077248K
  class space    used 4179K, capacity 4293K, committed 4352K, reserved 1048576K
}
Event: 13.250 GC heap before
{Heap before GC invocations=13 (full 1):
 PSYoungGen      total 608256K, used 295911K [0x00000006eab00000, 0x000000071ce80000, 0x00000007c0000000)
  eden space 558592K, 49% used [0x00000006eab00000,0x00000006fb939e58,0x000000070cc80000)
  from space 49664K, 38% used [0x000000070cc80000,0x000000070df3fe88,0x000000070fd00000)
  to   space 48640K, 0% used [0x0000000719f00000,0x0000000719f00000,0x000000071ce80000)
 ParOldGen       total 187904K, used 101601K [0x0000000540000000, 0x000000054b780000, 0x00000006eab00000)
  object space 187904K, 54% used [0x0000000540000000,0x0000000546338630,0x000000054b780000)
 Metaspace       used 34936K, capacity 35240K, committed 35496K, reserved 1079296K
  class space    used 4729K, capacity 4837K, committed 4864K, reserved 1048576K
Event: 13.270 GC heap after
Heap after GC invocations=13 (full 1):
 PSYoungGen      total 772608K, used 6714K [0x00000006eab00000, 0x000000071da00000, 0x00000007c0000000)
  eden space 723968K, 0% used [0x00000006eab00000,0x00000006eab00000,0x0000000716e00000)
  from space 48640K, 13% used [0x0000000719f00000,0x000000071a58e858,0x000000071ce80000)
  to   space 50176K, 0% used [0x0000000716e00000,0x0000000716e00000,0x0000000719f00000)
 ParOldGen       total 187904K, used 119321K [0x0000000540000000, 0x000000054b780000, 0x00000006eab00000)
  object space 187904K, 63% used [0x0000000540000000,0x0000000547486650,0x000000054b780000)
 Metaspace       used 34936K, capacity 35240K, committed 35496K, reserved 1079296K
  class space    used 4729K, capacity 4837K, committed 4864K, reserved 1048576K
}
Event: 13.270 GC heap before
{Heap before GC invocations=14 (full 2):
 PSYoungGen      total 772608K, used 6714K [0x00000006eab00000, 0x000000071da00000, 0x00000007c0000000)
  eden space 723968K, 0% used [0x00000006eab00000,0x00000006eab00000,0x0000000716e00000)
  from space 48640K, 13% used [0x0000000719f00000,0x000000071a58e858,0x000000071ce80000)
  to   space 50176K, 0% used [0x0000000716e00000,0x0000000716e00000,0x0000000719f00000)
 ParOldGen       total 187904K, used 119321K [0x0000000540000000, 0x000000054b780000, 0x00000006eab00000)
  object space 187904K, 63% used [0x0000000540000000,0x0000000547486650,0x000000054b780000)
 Metaspace       used 34936K, capacity 35240K, committed 35496K, reserved 1079296K
  class space    used 4729K, capacity 4837K, committed 4864K, reserved 1048576K
Event: 13.560 GC heap after
Heap after GC invocations=14 (full 2):
 PSYoungGen      total 772608K, used 0K [0x00000006eab00000, 0x000000071da00000, 0x00000007c0000000)
  eden space 723968K, 0% used [0x00000006eab00000,0x00000006eab00000,0x0000000716e00000)
  from space 48640K, 0% used [0x0000000719f00000,0x0000000719f00000,0x000000071ce80000)
  to   space 50176K, 0% used [0x0000000716e00000,0x0000000716e00000,0x0000000719f00000)
 ParOldGen       total 291328K, used 119785K [0x0000000540000000, 0x0000000551c80000, 0x00000006eab00000)
  object space 291328K, 41% used [0x0000000540000000,0x00000005474fa690,0x0000000551c80000)
 Metaspace       used 34936K, capacity 35240K, committed 35496K, reserved 1079296K
  class space    used 4729K, capacity 4837K, committed 4864K, reserved 1048576K
}

Deoptimization events (10 events):
Event: 14.038 Thread 0x00007f939f009000 Uncommon trap: reason=unstable_if action=reinterpret pc=0x000000010a100630 method=com.google.common.base.Splitter$SplittingIterator.computeNext()Ljava/lang/String; @ 193
Event: 14.038 Thread 0x00007f939f009000 Uncommon trap: reason=unstable_if action=reinterpret pc=0x000000010a120e60 method=com.google.common.base.Splitter$SplittingIterator.computeNext()Ljava/lang/String; @ 193
Event: 14.038 Thread 0x00007f939f009000 Uncommon trap: reason=unstable_if action=reinterpret pc=0x000000010a110120 method=com.google.common.base.Splitter$SplittingIterator.computeNext()Ljava/lang/String; @ 193
Event: 14.113 Thread 0x00007f939f009000 Uncommon trap: reason=bimorphic action=maybe_recompile pc=0x00000001099d5f78 method=java.util.AbstractCollection.toArray()[Ljava/lang/Object; @ 1
Event: 14.113 Thread 0x00007f939f009000 Uncommon trap: reason=bimorphic action=maybe_recompile pc=0x00000001099d5f78 method=java.util.AbstractCollection.toArray()[Ljava/lang/Object; @ 1
Event: 14.113 Thread 0x00007f939f009000 Uncommon trap: reason=bimorphic action=maybe_recompile pc=0x00000001099d5f78 method=java.util.AbstractCollection.toArray()[Ljava/lang/Object; @ 1
Event: 14.113 Thread 0x00007f939f009000 Uncommon trap: reason=bimorphic action=maybe_recompile pc=0x00000001099d5f78 method=java.util.AbstractCollection.toArray()[Ljava/lang/Object; @ 1
Event: 14.261 Thread 0x00007f93a993f800 Uncommon trap: reason=unstable_if action=reinterpret pc=0x0000000109f04938 method=java.util.regex.Pattern.atom()Ljava/util/regex/Pattern$Node; @ 239
Event: 14.273 Thread 0x00007f93a993f800 Uncommon trap: reason=unstable_if action=reinterpret pc=0x0000000109f8071c method=sun.net.www.MessageHeader.grow()V @ 4
Event: 14.292 Thread 0x00007f939f009000 Uncommon trap: reason=unstable_if action=reinterpret pc=0x000000010a0fd1dc method=com.google.common.base.AbstractIterator.next()Ljava/lang/Object; @ 4

Classes redefined (0 events):
No events

Internal exceptions (10 events):
Event: 12.643 Thread 0x00007f939f009000 Implicit null exception at 0x0000000109d4d4b4 to 0x0000000109d4e746
Event: 12.643 Thread 0x00007f939f009000 Exception <a 'java/lang/NullPointerException'> (0x000000070b32b010) thrown at [/Users/jenkins/workspace/build-scripts/jobs/jdk8u/jdk8u-mac-x64-hotspot/workspace/build/src/hotspot/src/share/vm/runtime/sharedRuntime.cpp, line 605]
Event: 12.649 Thread 0x00007f939f009000 Implicit null exception at 0x0000000109d4d4b4 to 0x0000000109d4e746
Event: 12.649 Thread 0x00007f939f009000 Exception <a 'java/lang/NullPointerException'> (0x000000070b516ac0) thrown at [/Users/jenkins/workspace/build-scripts/jobs/jdk8u/jdk8u-mac-x64-hotspot/workspace/build/src/hotspot/src/share/vm/runtime/sharedRuntime.cpp, line 605]
Event: 12.662 Thread 0x00007f939f009000 Implicit null exception at 0x0000000109d4d4b4 to 0x0000000109d4e746
Event: 12.662 Thread 0x00007f939f009000 Exception <a 'java/lang/NullPointerException'> (0x000000070b88c260) thrown at [/Users/jenkins/workspace/build-scripts/jobs/jdk8u/jdk8u-mac-x64-hotspot/workspace/build/src/hotspot/src/share/vm/runtime/sharedRuntime.cpp, line 605]
Event: 12.662 Thread 0x00007f939f009000 Implicit null exception at 0x000000010a68c678 to 0x000000010a68ca79
Event: 12.697 Thread 0x00007f939f009000 Implicit null exception at 0x000000010a68c678 to 0x000000010a68ca79
Event: 12.698 Thread 0x00007f939f009000 Implicit null exception at 0x000000010a68c678 to 0x000000010a68ca79
Event: 14.398 Thread 0x00007f93a993f800 Exception <a 'java/security/PrivilegedActionException'> (0x00000006f9ceebc8) thrown at [/Users/jenkins/workspace/build-scripts/jobs/jdk8u/jdk8u-mac-x64-hotspot/workspace/build/src/hotspot/src/share/vm/prims/jvm.cpp, line 1502]

Events (10 events):
Event: 15.403 loading class org/lwjgl/opengl/ContextGL
Event: 15.403 loading class org/lwjgl/opengl/ContextGL done
Event: 15.404 loading class org/lwjgl/opengl/ContextImplementation
Event: 15.404 loading class org/lwjgl/opengl/ContextImplementation done
Event: 15.405 loading class org/lwjgl/opengl/MacOSXContextImplementation
Event: 15.405 loading class org/lwjgl/opengl/MacOSXContextImplementation done
Event: 15.405 loading class org/lwjgl/opengl/GLContext
Event: 15.405 loading class org/lwjgl/opengl/GLContext done
Event: 15.406 loading class org/lwjgl/opengl/GLContext$CapabilitiesCacheEntry
Event: 15.406 loading class org/lwjgl/opengl/GLContext$CapabilitiesCacheEntry done


Dynamic libraries:
0x00007fff34ee9000 	/System/Library/Frameworks/Cocoa.framework/Versions/A/Cocoa
0x00007fff2225e000 	/System/Library/Frameworks/Security.framework/Versions/A/Security
0x00007fff330f6000 	/System/Library/Frameworks/ApplicationServices.framework/Versions/A/ApplicationServices
0x00007fff2a4db000 	/usr/lib/libz.1.dylib
0x00007fff2a5a3000 	/usr/lib/libSystem.B.dylib
0x00007fff2026a000 	/usr/lib/libobjc.A.dylib
0x00007fff211f7000 	/System/Library/Frameworks/Foundation.framework/Versions/C/Foundation
0x00007fff2044a000 	/System/Library/Frameworks/CoreFoundation.framework/Versions/A/CoreFoundation
0x00007fff22c8c000 	/System/Library/Frameworks/AppKit.framework/Versions/C/AppKit
0x00007fff25b4b000 	/System/Library/Frameworks/CoreData.framework/Versions/A/CoreData
0x00007fff239d5000 	/System/Library/PrivateFrameworks/UIFoundation.framework/Versions/A/UIFoundation
0x00007fff2fbcc000 	/System/Library/PrivateFrameworks/RemoteViewServices.framework/Versions/A/RemoteViewServices
0x00007fff289e7000 	/System/Library/PrivateFrameworks/XCTTargetBootstrap.framework/Versions/A/XCTTargetBootstrap
0x00007fff2b6cc000 	/usr/lib/libspindump.dylib
0x00007fff23c24000 	/System/Library/Frameworks/UniformTypeIdentifiers.framework/Versions/A/UniformTypeIdentifiers
0x00007fff271e7000 	/usr/lib/libapp_launch_measurement.dylib
0x00007fff271ea000 	/System/Library/PrivateFrameworks/CoreAutoLayout.framework/Versions/A/CoreAutoLayout
0x00007fff2834a000 	/System/Library/Frameworks/Metal.framework/Versions/A/Metal
0x00007fff29044000 	/usr/lib/liblangid.dylib
0x00007fff289eb000 	/System/Library/PrivateFrameworks/CoreSVG.framework/Versions/A/CoreSVG
0x00007fff24c63000 	/System/Library/PrivateFrameworks/SkyLight.framework/Versions/A/SkyLight
0x00007fff24fc8000 	/System/Library/Frameworks/CoreGraphics.framework/Versions/A/CoreGraphics
0x00007fff300f3000 	/System/Library/Frameworks/Accelerate.framework/Versions/A/Accelerate
0x00007fff2b10a000 	/System/Library/PrivateFrameworks/IconServices.framework/Versions/A/IconServices
0x00007fff2832e000 	/System/Library/Frameworks/IOSurface.framework/Versions/A/IOSurface
0x00007fff264d3000 	/usr/lib/libDiagnosticMessagesClient.dylib
0x00007fff289d3000 	/System/Library/PrivateFrameworks/DFRFoundation.framework/Versions/A/DFRFoundation
0x00007fff225b3000 	/usr/lib/libicucore.A.dylib
0x00007fff2cc13000 	/System/Library/Frameworks/AudioToolbox.framework/Versions/A/AudioToolbox
0x00007fff2be9d000 	/System/Library/PrivateFrameworks/DataDetectorsCore.framework/Versions/A/DataDetectorsCore
0x00007fff24bd7000 	/usr/lib/libMobileGestalt.dylib
0x00007fff286d7000 	/System/Library/Frameworks/Carbon.framework/Versions/A/Frameworks/HIToolbox.framework/Versions/A/HIToolbox
0x00007fff26c2d000 	/System/Library/Frameworks/QuartzCore.framework/Versions/A/QuartzCore
0x00007fff2fc04000 	/System/Library/Frameworks/Carbon.framework/Versions/A/Frameworks/SpeechRecognition.framework/Versions/A/SpeechRecognition
0x00007fff26f4c000 	/System/Library/PrivateFrameworks/CoreUI.framework/Versions/A/CoreUI
0x00007fff21bcd000 	/System/Library/Frameworks/CoreAudio.framework/Versions/A/CoreAudio
0x00007fff265be000 	/System/Library/Frameworks/DiskArbitration.framework/Versions/A/DiskArbitration
0x00007fff2ba9a000 	/System/Library/PrivateFrameworks/MultitouchSupport.framework/Versions/A/MultitouchSupport
0x00007fff2be94000 	/System/Library/PrivateFrameworks/InternationalSupport.framework/Versions/A/InternationalSupport
0x00007fff24bd6000 	/usr/lib/libenergytrace.dylib
0x00007fff22b83000 	/System/Library/Frameworks/IOKit.framework/Versions/A/IOKit
0x00007fff2ff37000 	/System/Library/Frameworks/CoreServices.framework/Versions/A/CoreServices
0x00007fff27179000 	/System/Library/PrivateFrameworks/PerformanceAnalysis.framework/Versions/A/PerformanceAnalysis
0x00007fff6b9eb000 	/System/Library/Frameworks/OpenGL.framework/Versions/A/OpenGL
0x00007fff2bf18000 	/System/Library/PrivateFrameworks/UserActivity.framework/Versions/A/UserActivity
0x00007fff25652000 	/System/Library/Frameworks/ColorSync.framework/Versions/A/ColorSync
0x00007fff28c52000 	/System/Library/Frameworks/CoreImage.framework/Versions/A/CoreImage
0x00007fff219e7000 	/System/Library/Frameworks/CoreText.framework/Versions/A/CoreText
0x00007fff28a15000 	/System/Library/Frameworks/ImageIO.framework/Versions/A/ImageIO
0x00007fff2a5a9000 	/System/Library/PrivateFrameworks/SoftLinking.framework/Versions/A/SoftLinking
0x00007fff27232000 	/usr/lib/libxml2.2.dylib
0x00007fff20330000 	/usr/lib/libc++.1.dylib
0x00007fff2a81a000 	/usr/lib/libcompression.dylib
0x00007fff2bdc6000 	/System/Library/PrivateFrameworks/TextureIO.framework/Versions/A/TextureIO
0x00007fff2ae49000 	/usr/lib/libate.dylib
0x00007fff2a59d000 	/usr/lib/system/libcache.dylib
0x00007fff2a559000 	/usr/lib/system/libcommonCrypto.dylib
0x00007fff2a583000 	/usr/lib/system/libcompiler_rt.dylib
0x00007fff2a578000 	/usr/lib/system/libcopyfile.dylib
0x00007fff2015a000 	/usr/lib/system/libcorecrypto.dylib
0x00007fff20225000 	/usr/lib/system/libdispatch.dylib
0x00007fff203d8000 	/usr/lib/system/libdyld.dylib
0x00007fff2a594000 	/usr/lib/system/libkeymgr.dylib
0x00007fff2d9aa000 	/usr/lib/system/liblaunch.dylib
0x00007fff2a537000 	/usr/lib/system/libmacho.dylib
0x00007fff29d2f000 	/usr/lib/system/libquarantine.dylib
0x00007fff2a591000 	/usr/lib/system/libremovefile.dylib
0x00007fff24c34000 	/usr/lib/system/libsystem_asl.dylib
0x00007fff2010a000 	/usr/lib/system/libsystem_blocks.dylib
0x00007fff202a7000 	/usr/lib/system/libsystem_c.dylib
0x00007fff2a58b000 	/usr/lib/system/libsystem_collections.dylib
0x00007fff29035000 	/usr/lib/system/libsystem_configuration.dylib
0x00007fff2831d000 	/usr/lib/system/libsystem_containermanager.dylib
0x00007fff2a2da000 	/usr/lib/system/libsystem_coreservices.dylib
0x00007fff22813000 	/usr/lib/system/libsystem_darwin.dylib
0x00007fff2a595000 	/usr/lib/system/libsystem_dnssd.dylib
0x00007fff202a4000 	/usr/lib/system/libsystem_featureflags.dylib
0x00007fff2041e000 	/usr/lib/system/libsystem_info.dylib
0x00007fff2a4ee000 	/usr/lib/system/libsystem_m.dylib
0x00007fff201f8000 	/usr/lib/system/libsystem_malloc.dylib
0x00007fff24bc7000 	/usr/lib/system/libsystem_networkextension.dylib
0x00007fff22c32000 	/usr/lib/system/libsystem_notify.dylib
0x00007fff2fe39000 	/usr/lib/system/libsystem_product_info_filter.dylib
0x00007fff29039000 	/usr/lib/system/libsystem_sandbox.dylib
0x00007fff2a58e000 	/usr/lib/system/libsystem_secinit.dylib
0x00007fff2039c000 	/usr/lib/system/libsystem_kernel.dylib
0x00007fff20414000 	/usr/lib/system/libsystem_platform.dylib
0x00007fff203cc000 	/usr/lib/system/libsystem_pthread.dylib
0x00007fff2630f000 	/usr/lib/system/libsystem_symptoms.dylib
0x00007fff20142000 	/usr/lib/system/libsystem_trace.dylib
0x00007fff2a565000 	/usr/lib/system/libunwind.dylib
0x00007fff2010c000 	/usr/lib/system/libxpc.dylib
0x00007fff20386000 	/usr/lib/libc++abi.dylib
0x00007fff2a570000 	/usr/lib/liboah.dylib
0x00007fff2ac2e000 	/usr/lib/liblzma.5.dylib
0x00007fff20f0b000 	/System/Library/Frameworks/SystemConfiguration.framework/Versions/A/SystemConfiguration
0x00007fff2a5a5000 	/usr/lib/libfakelink.dylib
0x00007fff24728000 	/System/Library/Frameworks/CFNetwork.framework/Versions/A/CFNetwork
0x00007fff2a6e5000 	/usr/lib/libarchive.2.dylib
0x00007fff20f89000 	/usr/lib/libCRFSuite.dylib
0x00007fff29d56000 	/usr/lib/libbsm.0.dylib
0x00007fff240a1000 	/usr/lib/libnetwork.dylib
0x00007fff2a5aa000 	/usr/lib/libpcap.A.dylib
0x00007fff26308000 	/usr/lib/libdns_services.dylib
0x00007fff2ac47000 	/usr/lib/libcoretls_cfhelpers.dylib
0x00007fff2a7e4000 	/usr/lib/libapple_nghttp2.dylib
0x00007fff2a53d000 	/usr/lib/system/libkxld.dylib
0x00007fff25f81000 	/usr/lib/libsqlite3.dylib
0x00007fff2a2bd000 	/System/Library/PrivateFrameworks/AppleFSCompression.framework/Versions/A/AppleFSCompression
0x00007fff29d3e000 	/usr/lib/libcoretls.dylib
0x00007fff2a815000 	/usr/lib/libpam.2.dylib
0x00007fff2ad45000 	/usr/lib/libxar.1.dylib
0x00007fff29040000 	/System/Library/PrivateFrameworks/AppleSystemInfo.framework/Versions/A/AppleSystemInfo
0x00007fff29980000 	/System/Library/PrivateFrameworks/IOMobileFramebuffer.framework/Versions/A/IOMobileFramebuffer
0x00007fff2a2cd000 	/usr/lib/libbz2.1.0.dylib
0x00007fff2a5e2000 	/usr/lib/libiconv.2.dylib
0x00007fff2a536000 	/usr/lib/libcharset.1.dylib
0x00007fff271b5000 	/System/Library/Frameworks/CoreServices.framework/Versions/A/Frameworks/FSEvents.framework/Versions/A/FSEvents
0x00007fff2281d000 	/System/Library/Frameworks/CoreServices.framework/Versions/A/Frameworks/CarbonCore.framework/Versions/A/CarbonCore
0x00007fff26523000 	/System/Library/Frameworks/CoreServices.framework/Versions/A/Frameworks/Metadata.framework/Versions/A/Metadata
0x00007fff2a2df000 	/System/Library/Frameworks/CoreServices.framework/Versions/A/Frameworks/OSServices.framework/Versions/A/OSServices
0x00007fff2a757000 	/System/Library/Frameworks/CoreServices.framework/Versions/A/Frameworks/SearchKit.framework/Versions/A/SearchKit
0x00007fff26293000 	/System/Library/Frameworks/CoreServices.framework/Versions/A/Frameworks/AE.framework/Versions/A/AE
0x00007fff208e8000 	/System/Library/Frameworks/CoreServices.framework/Versions/A/Frameworks/LaunchServices.framework/Versions/A/LaunchServices
0x00007fff2abde000 	/System/Library/Frameworks/CoreServices.framework/Versions/A/Frameworks/DictionaryServices.framework/Versions/A/DictionaryServices
0x00007fff271c2000 	/System/Library/Frameworks/CoreServices.framework/Versions/A/Frameworks/SharedFileList.framework/Versions/A/SharedFileList
0x00007fff29d32000 	/usr/lib/libCheckFix.dylib
0x00007fff24c4b000 	/System/Library/PrivateFrameworks/TCC.framework/Versions/A/TCC
0x00007fff29046000 	/System/Library/PrivateFrameworks/CoreNLP.framework/Versions/A/CoreNLP
0x00007fff264d6000 	/System/Library/PrivateFrameworks/MetadataUtilities.framework/Versions/A/MetadataUtilities
0x00007fff20fbe000 	/usr/lib/libmecabra.dylib
0x00007fff2a03c000 	/System/Library/Frameworks/MLCompute.framework/Versions/A/MLCompute
0x00007fff29d67000 	/usr/lib/libmecab.dylib
0x00007fff29db1000 	/usr/lib/libgermantok.dylib
0x00007fff2a7bf000 	/usr/lib/libThaiTokenizer.dylib
0x00007fff2ad80000 	/usr/lib/libChineseTokenizer.dylib
0x00007fff2a813000 	/System/Library/Frameworks/MetalPerformanceShaders.framework/Versions/A/MetalPerformanceShaders
0x00007fff265c5000 	/System/Library/Frameworks/Accelerate.framework/Versions/A/Frameworks/vImage.framework/Versions/A/vImage
0x00007fff2ff11000 	/System/Library/Frameworks/Accelerate.framework/Versions/A/Frameworks/vecLib.framework/Versions/A/vecLib
0x00007fff2ad8b000 	/System/Library/Frameworks/Accelerate.framework/Versions/A/Frameworks/vecLib.framework/Versions/A/libvMisc.dylib
0x00007fff2979b000 	/System/Library/Frameworks/Accelerate.framework/Versions/A/Frameworks/vecLib.framework/Versions/A/libvDSP.dylib
0x00007fff20bf1000 	/System/Library/Frameworks/Accelerate.framework/Versions/A/Frameworks/vecLib.framework/Versions/A/libBLAS.dylib
0x00007fff2a840000 	/System/Library/Frameworks/Accelerate.framework/Versions/A/Frameworks/vecLib.framework/Versions/A/libLAPACK.dylib
0x00007fff29db7000 	/System/Library/Frameworks/Accelerate.framework/Versions/A/Frameworks/vecLib.framework/Versions/A/libLinearAlgebra.dylib
0x00007fff2a7fc000 	/System/Library/Frameworks/Accelerate.framework/Versions/A/Frameworks/vecLib.framework/Versions/A/libSparseBLAS.dylib
0x00007fff2a83a000 	/System/Library/Frameworks/Accelerate.framework/Versions/A/Frameworks/vecLib.framework/Versions/A/libQuadrature.dylib
0x00007fff290f2000 	/System/Library/Frameworks/Accelerate.framework/Versions/A/Frameworks/vecLib.framework/Versions/A/libBNNS.dylib
0x00007fff20e9c000 	/System/Library/Frameworks/Accelerate.framework/Versions/A/Frameworks/vecLib.framework/Versions/A/libSparse.dylib
0x00007fff28fce000 	/System/Library/Frameworks/MetalPerformanceShaders.framework/Versions/A/Frameworks/MPSCore.framework/Versions/A/MPSCore
0x00007fff2a22c000 	/System/Library/Frameworks/MetalPerformanceShaders.framework/Versions/A/Frameworks/MPSImage.framework/Versions/A/MPSImage
0x00007fff29dcd000 	/System/Library/Frameworks/MetalPerformanceShaders.framework/Versions/A/Frameworks/MPSNeuralNetwork.framework/Versions/A/MPSNeuralNetwork
0x00007fff2a19e000 	/System/Library/Frameworks/MetalPerformanceShaders.framework/Versions/A/Frameworks/MPSMatrix.framework/Versions/A/MPSMatrix
0x00007fff29fec000 	/System/Library/Frameworks/MetalPerformanceShaders.framework/Versions/A/Frameworks/MPSRayIntersector.framework/Versions/A/MPSRayIntersector
0x00007fff2a1d5000 	/System/Library/Frameworks/MetalPerformanceShaders.framework/Versions/A/Frameworks/MPSNDArray.framework/Versions/A/MPSNDArray
0x00007fff20b1d000 	/System/Library/PrivateFrameworks/MetalTools.framework/Versions/A/MetalTools
0x00007fff2903e000 	/System/Library/PrivateFrameworks/AggregateDictionary.framework/Versions/A/AggregateDictionary
0x00007fff264a3000 	/System/Library/PrivateFrameworks/CoreAnalytics.framework/Versions/A/CoreAnalytics
0x00007fff2a7c1000 	/System/Library/PrivateFrameworks/AppleSauce.framework/Versions/A/AppleSauce
0x00007fff28340000 	/System/Library/PrivateFrameworks/IOAccelerator.framework/Versions/A/IOAccelerator
0x00007fff6b9df000 	/System/Library/Frameworks/OpenGL.framework/Versions/A/Libraries/libCoreFSCache.dylib
0x00007fff21556000 	/System/Library/PrivateFrameworks/LanguageModeling.framework/Versions/A/LanguageModeling
0x00007fff2996e000 	/System/Library/PrivateFrameworks/CoreEmoji.framework/Versions/A/CoreEmoji
0x00007fff290eb000 	/System/Library/PrivateFrameworks/LinguisticData.framework/Versions/A/LinguisticData
0x00007fff20e4e000 	/System/Library/PrivateFrameworks/Lexicon.framework/Versions/A/Lexicon
0x00007fff2a6d3000 	/usr/lib/libcmph.dylib
0x00007fff27195000 	/System/Library/Frameworks/OpenDirectory.framework/Versions/A/Frameworks/CFOpenDirectory.framework/Versions/A/CFOpenDirectory
0x00007fff27185000 	/System/Library/Frameworks/OpenDirectory.framework/Versions/A/OpenDirectory
0x00007fff2ac49000 	/System/Library/PrivateFrameworks/APFS.framework/Versions/A/APFS
0x00007fff29c94000 	/System/Library/Frameworks/SecurityFoundation.framework/Versions/A/SecurityFoundation
0x00007fff2ad53000 	/usr/lib/libutil.dylib
0x00007fff22b48000 	/System/Library/PrivateFrameworks/CoreServicesStore.framework/Versions/A/CoreServicesStore
0x00007fff29d2a000 	/System/Library/Frameworks/ServiceManagement.framework/Versions/A/ServiceManagement
0x00007fff2ad57000 	/usr/lib/libxslt.1.dylib
0x00007fff29d20000 	/System/Library/PrivateFrameworks/BackgroundTaskManagement.framework/Versions/A/BackgroundTaskManagement
0x00007fff2bd10000 	/System/Library/Frameworks/ImageIO.framework/Versions/A/Resources/libRadiance.dylib
0x00007fff2bd1a000 	/System/Library/Frameworks/ImageIO.framework/Versions/A/Resources/libJPEG.dylib
0x00007fff2bc64000 	/System/Library/Frameworks/ImageIO.framework/Versions/A/Resources/libPng.dylib
0x00007fff2bc8b000 	/System/Library/Frameworks/ImageIO.framework/Versions/A/Resources/libTIFF.dylib
0x00007fff2bd6f000 	/System/Library/Frameworks/ImageIO.framework/Versions/A/Resources/libGIF.dylib
0x00007fff2b9b6000 	/System/Library/Frameworks/ImageIO.framework/Versions/A/Resources/libJP2.dylib
0x00007fff2b0d2000 	/usr/lib/libexpat.1.dylib
0x00007fff2b96c000 	/System/Library/PrivateFrameworks/AppleJPEG.framework/Versions/A/AppleJPEG
0x00007fff28576000 	/System/Library/PrivateFrameworks/FontServices.framework/libFontParser.dylib
0x00007fff2624a000 	/System/Library/PrivateFrameworks/RunningBoardServices.framework/Versions/A/RunningBoardServices
0x00007fff2ba96000 	/System/Library/PrivateFrameworks/WatchdogClient.framework/Versions/A/WatchdogClient
0x00007fff2163f000 	/System/Library/Frameworks/CoreDisplay.framework/Versions/A/CoreDisplay
0x00007fff2848b000 	/System/Library/Frameworks/CoreMedia.framework/Versions/A/CoreMedia
0x00007fff27315000 	/System/Library/Frameworks/CoreVideo.framework/Versions/A/CoreVideo
0x00007fff2bad1000 	/System/Library/Frameworks/VideoToolbox.framework/Versions/A/VideoToolbox
0x00007fff261ca000 	/System/Library/PrivateFrameworks/BaseBoard.framework/Versions/A/BaseBoard
0x00007fff2b216000 	/System/Library/PrivateFrameworks/PersistentConnection.framework/Versions/A/PersistentConnection
0x00007fff25f6b000 	/System/Library/PrivateFrameworks/ProtocolBuffer.framework/Versions/A/ProtocolBuffer
0x00007fff261b2000 	/System/Library/PrivateFrameworks/CommonUtilities.framework/Versions/A/CommonUtilities
0x00007fff2b92f000 	/System/Library/PrivateFrameworks/Bom.framework/Versions/A/Bom
0x00007fff2bd08000 	/System/Library/PrivateFrameworks/GPUWrangler.framework/Versions/A/GPUWrangler
0x00007fff2bceb000 	/System/Library/PrivateFrameworks/IOPresentment.framework/Versions/A/IOPresentment
0x00007fff2bd14000 	/System/Library/PrivateFrameworks/DSExternalDisplay.framework/Versions/A/DSExternalDisplay
0x00007fff2bd74000 	/System/Library/PrivateFrameworks/CMCaptureCore.framework/Versions/A/CMCaptureCore
0x00007fff2b6b2000 	/System/Library/PrivateFrameworks/AppServerSupport.framework/Versions/A/AppServerSupport
0x00007fff2d74d000 	/System/Library/PrivateFrameworks/perfdata.framework/Versions/A/perfdata
0x00007fff29c83000 	/System/Library/PrivateFrameworks/AssertionServices.framework/Versions/A/AssertionServices
0x00007fff21776000 	/System/Library/PrivateFrameworks/AudioToolboxCore.framework/Versions/A/AudioToolboxCore
0x00007fff2846e000 	/System/Library/PrivateFrameworks/caulk.framework/Versions/A/caulk
0x00007fff3cb85000 	/System/Library/PrivateFrameworks/SystemPolicy.framework/Versions/A/SystemPolicy
0x00007fff2aee1000 	/usr/lib/libIOReport.dylib
0x00007fff2cf89000 	/usr/lib/libSMC.dylib
0x00007fff2bc30000 	/usr/lib/libAudioToolboxUtility.dylib
0x00007fff3d4df000 	/usr/lib/libmis.dylib
0x00007fff6ba3b000 	/System/Library/Frameworks/OpenGL.framework/Versions/A/Libraries/libGLU.dylib
0x00007fff6b9fe000 	/System/Library/Frameworks/OpenGL.framework/Versions/A/Libraries/libGFXShared.dylib
0x00007fff6bc0c000 	/System/Library/Frameworks/OpenGL.framework/Versions/A/Libraries/libGL.dylib
0x00007fff6ba07000 	/System/Library/Frameworks/OpenGL.framework/Versions/A/Libraries/libGLImage.dylib
0x00007fff6b9fb000 	/System/Library/Frameworks/OpenGL.framework/Versions/A/Libraries/libCVMSPluginSupport.dylib
0x00007fff6b9e6000 	/System/Library/Frameworks/OpenGL.framework/Versions/A/Libraries/libCoreVMClient.dylib
0x00007fff6d056000 	/System/Library/Frameworks/OpenCL.framework/Versions/A/OpenCL
0x00007fff2b23f000 	/System/Library/PrivateFrameworks/GraphVisualizer.framework/Versions/A/GraphVisualizer
0x00007fff2b24e000 	/System/Library/PrivateFrameworks/FaceCore.framework/Versions/A/FaceCore
0x00007fff2b66a000 	/System/Library/PrivateFrameworks/OTSVG.framework/Versions/A/OTSVG
0x00007fff26f0a000 	/System/Library/Frameworks/ApplicationServices.framework/Versions/A/Frameworks/ATS.framework/Versions/A/Resources/libFontRegistry.dylib
0x00007fff2b6b9000 	/System/Library/PrivateFrameworks/FontServices.framework/libhvf.dylib
0x00007fff2b07e000 	/System/Library/PrivateFrameworks/AppleVA.framework/Versions/A/AppleVA
0x00007fff2cdd1000 	/System/Library/Frameworks/ApplicationServices.framework/Versions/A/Frameworks/ATS.framework/Versions/A/ATS
0x00007fff2d0e4000 	/System/Library/Frameworks/ApplicationServices.framework/Versions/A/Frameworks/ColorSyncLegacy.framework/Versions/A/ColorSyncLegacy
0x00007fff25749000 	/System/Library/Frameworks/ApplicationServices.framework/Versions/A/Frameworks/HIServices.framework/Versions/A/HIServices
0x00007fff2d0c9000 	/System/Library/Frameworks/ApplicationServices.framework/Versions/A/Frameworks/LangAnalysis.framework/Versions/A/LangAnalysis
0x00007fff2bd7e000 	/System/Library/Frameworks/ApplicationServices.framework/Versions/A/Frameworks/PrintCore.framework/Versions/A/PrintCore
0x00007fff2d0ec000 	/System/Library/Frameworks/ApplicationServices.framework/Versions/A/Frameworks/QD.framework/Versions/A/QD
0x00007fff2cdc1000 	/System/Library/Frameworks/ApplicationServices.framework/Versions/A/Frameworks/SpeechSynthesis.framework/Versions/A/SpeechSynthesis
0x00007fff2bd3f000 	/System/Library/Frameworks/ApplicationServices.framework/Versions/A/Frameworks/ATSUI.framework/Versions/A/ATSUI
0x00007fff2d069000 	/usr/lib/libcups.2.dylib
0x00007fff2d0d9000 	/System/Library/PrivateFrameworks/NetAuth.framework/Versions/A/NetAuth
0x00007fff2d768000 	/System/Library/Frameworks/Kerberos.framework/Versions/A/Kerberos
0x00007fff2d778000 	/System/Library/Frameworks/GSS.framework/Versions/A/GSS
0x00007fff2ce3e000 	/usr/lib/libresolv.9.dylib
0x00007fff2b6cf000 	/System/Library/PrivateFrameworks/Heimdal.framework/Versions/A/Heimdal
0x00007fff3340b000 	/System/Library/Frameworks/Kerberos.framework/Versions/A/Libraries/libHeimdalProxy.dylib
0x00007fff26317000 	/System/Library/Frameworks/Network.framework/Versions/A/Network
0x00007fff2b0eb000 	/usr/lib/libheimdal-asn1.dylib
0x00007fff2d7c9000 	/System/Library/PrivateFrameworks/CommonAuth.framework/Versions/A/CommonAuth
0x00007fff27363000 	/System/Library/PrivateFrameworks/login.framework/Versions/A/Frameworks/loginsupport.framework/Versions/A/loginsupport
0x00007fff2cd48000 	/System/Library/PrivateFrameworks/AudioSession.framework/Versions/A/AudioSession
0x00007fff2cdae000 	/usr/lib/libAudioStatistics.dylib
0x00007fff2b177000 	/System/Library/PrivateFrameworks/MediaExperience.framework/Versions/A/MediaExperience
0x00007fff2cbe1000 	/System/Library/PrivateFrameworks/AudioSession.framework/libSessionUtility.dylib
0x00007fff2d759000 	/usr/lib/libperfcheck.dylib
0x00007fff2d0f8000 	/System/Library/PrivateFrameworks/AudioResourceArbitration.framework/Versions/A/AudioResourceArbitration
0x00007fff2b0f5000 	/System/Library/PrivateFrameworks/IconFoundation.framework/Versions/A/IconFoundation
0x00007fff2fbf4000 	/System/Library/PrivateFrameworks/SpeechRecognitionCore.framework/Versions/A/SpeechRecognitionCore
0x0000000107800000 	/Users/tristanpoland/Library/Application Support/gdlauncher_next/java/8u242-b08/lib/server/libjvm.dylib
0x00007fff77f6e000 	/usr/lib/libstdc++.6.dylib
0x0000000103734000 	/Users/tristanpoland/Library/Application Support/gdlauncher_next/java/8u242-b08/lib/libverify.dylib
0x0000000103741000 	/Users/tristanpoland/Library/Application Support/gdlauncher_next/java/8u242-b08/lib/libjava.dylib
0x00000001037c1000 	/Users/tristanpoland/Library/Application Support/gdlauncher_next/java/8u242-b08/lib/libzip.dylib
0x00000001037e2000 	/Users/tristanpoland/Library/Application Support/gdlauncher_next/java/8u242-b08/lib/libnio.dylib
0x0000000109515000 	/Users/tristanpoland/Library/Application Support/gdlauncher_next/java/8u242-b08/lib/libnet.dylib
0x0000000131b58000 	/Users/tristanpoland/Library/Application Support/gdlauncher_next/java/8u242-b08/lib/libmanagement.dylib
0x0000000132756000 	/Users/tristanpoland/Library/Application Support/gdlauncher_next/java/8u242-b08/lib/libunpack.dylib
0x0000000132d6f000 	/Users/tristanpoland/Library/Application Support/gdlauncher_next/java/8u242-b08/lib/libawt.dylib
0x0000000132e18000 	/Users/tristanpoland/Library/Application Support/gdlauncher_next/java/8u242-b08/lib/libmlib_image.dylib
0x00007fff6e98b000 	/System/Library/Frameworks/JavaNativeFoundation.framework/Versions/A/JavaNativeFoundation
0x00007fff6e997000 	/System/Library/Frameworks/JavaRuntimeSupport.framework/Versions/A/JavaRuntimeSupport
0x00007fff3c8cf000 	/System/Library/Frameworks/Carbon.framework/Versions/A/Carbon
0x00007fff31a65000 	/System/Library/PrivateFrameworks/CoreSymbolication.framework/Versions/A/CoreSymbolication
0x00007fff36386000 	/System/Library/Frameworks/Carbon.framework/Versions/A/Frameworks/CommonPanels.framework/Versions/A/CommonPanels
0x00007fff32ea0000 	/System/Library/Frameworks/Carbon.framework/Versions/A/Frameworks/Help.framework/Versions/A/Help
0x00007fff3638a000 	/System/Library/Frameworks/Carbon.framework/Versions/A/Frameworks/ImageCapture.framework/Versions/A/ImageCapture
0x00007fff3635a000 	/System/Library/Frameworks/Carbon.framework/Versions/A/Frameworks/OpenScripting.framework/Versions/A/OpenScripting
0x00007fff36382000 	/System/Library/Frameworks/Carbon.framework/Versions/A/Frameworks/Ink.framework/Versions/A/Ink
0x00007fff3c8cb000 	/System/Library/Frameworks/Carbon.framework/Versions/A/Frameworks/Print.framework/Versions/A/Print
0x00007fff3637e000 	/System/Library/Frameworks/Carbon.framework/Versions/A/Frameworks/SecurityHI.framework/Versions/A/SecurityHI
0x00007fff31a29000 	/System/Library/PrivateFrameworks/DebugSymbols.framework/Versions/A/DebugSymbols
0x0000000132ee4000 	/Users/tristanpoland/Library/Application Support/gdlauncher_next/java/8u242-b08/lib/libawt_lwawt.dylib
0x0000000132f9e000 	/Users/tristanpoland/Library/Application Support/gdlauncher_next/java/8u242-b08/lib/libosxapp.dylib
0x00007fff3beea000 	/System/Library/Frameworks/ExceptionHandling.framework/Versions/A/ExceptionHandling
0x00007fff22b09000 	/System/Library/PrivateFrameworks/CoreServicesInternal.framework/Versions/A/CoreServicesInternal
0x00007fff30f7b000 	/System/Library/Frameworks/FileProvider.framework/Versions/A/FileProvider
0x00007fff26135000 	/System/Library/Frameworks/Accounts.framework/Versions/A/Accounts
0x00007fff310cb000 	/System/Library/PrivateFrameworks/GenerationalStorage.framework/Versions/A/GenerationalStorage
0x00007fff3099b000 	/System/Library/PrivateFrameworks/SymptomDiagnosticReporter.framework/Versions/A/SymptomDiagnosticReporter
0x00007fff23c37000 	/System/Library/PrivateFrameworks/DesktopServicesPriv.framework/Versions/A/DesktopServicesPriv
0x00007fff22c3e000 	/usr/lib/libsandbox.1.dylib
0x00007fff2738e000 	/System/Library/PrivateFrameworks/UserManagement.framework/Versions/A/UserManagement
0x00007fff29c60000 	/System/Library/PrivateFrameworks/MobileKeyBag.framework/Versions/A/MobileKeyBag
0x00007fff3448d000 	/System/Library/PrivateFrameworks/ChunkingLibrary.framework/Versions/A/ChunkingLibrary
0x00007fff2e18c000 	/System/Library/PrivateFrameworks/Sharing.framework/Versions/A/Sharing
0x00007fff32a0d000 	/System/Library/PrivateFrameworks/Apple80211.framework/Versions/A/Apple80211
0x00007fff2a30d000 	/System/Library/PrivateFrameworks/AuthKit.framework/Versions/A/AuthKit
0x00007fff29a5e000 	/System/Library/PrivateFrameworks/CoreUtils.framework/Versions/A/CoreUtils
0x00007fff2998b000 	/System/Library/Frameworks/CoreWLAN.framework/Versions/A/CoreWLAN
0x00007fff2e2d8000 	/System/Library/Frameworks/IOBluetooth.framework/Versions/A/IOBluetooth
0x00007fff32a71000 	/System/Library/PrivateFrameworks/CoreWiFi.framework/Versions/A/CoreWiFi
0x00007fff2d84f000 	/System/Library/PrivateFrameworks/CorePhoneNumbers.framework/Versions/A/CorePhoneNumbers
0x00007fff30aa2000 	/System/Library/PrivateFrameworks/DiskManagement.framework/Versions/A/DiskManagement
0x00007fff309b8000 	/System/Library/PrivateFrameworks/AppleIDAuthSupport.framework/Versions/A/AppleIDAuthSupport
0x00007fff2d82f000 	/System/Library/PrivateFrameworks/KeychainCircle.framework/Versions/A/KeychainCircle
0x00007fff30a6e000 	/System/Library/PrivateFrameworks/MediaKit.framework/Versions/A/MediaKit
0x00007fff309c5000 	/System/Library/Frameworks/DiscRecording.framework/Versions/A/DiscRecording
0x00007fff2aff2000 	/usr/lib/libCoreStorage.dylib
0x00007fff32eac000 	/usr/lib/libcsfde.dylib
0x00007fff2e413000 	/System/Library/PrivateFrameworks/ProtectedCloudStorage.framework/Versions/A/ProtectedCloudStorage
0x00007fff32ea4000 	/System/Library/PrivateFrameworks/EFILogin.framework/Versions/A/EFILogin
0x00007fff334be000 	/System/Library/Frameworks/AudioUnit.framework/Versions/A/AudioUnit
0x00007fff30935000 	/System/Library/Frameworks/CoreBluetooth.framework/Versions/A/CoreBluetooth
0x00007fff2afea000 	/usr/lib/libMatch.1.dylib
0x00007fff4374a000 	/System/Library/CoreServices/RawCamera.bundle/Contents/MacOS/RawCamera
0x00007fff2d7da000 	/System/Library/PrivateFrameworks/MobileAsset.framework/Versions/A/MobileAsset
0x00007fff334e2000 	/System/Library/PrivateFrameworks/StreamingZip.framework/Versions/A/StreamingZip
0x00007fff2bf76000 	/System/Library/Frameworks/MediaToolbox.framework/Versions/A/MediaToolbox
0x00007fff30f4d000 	/System/Library/PrivateFrameworks/CoreAVCHD.framework/Versions/A/CoreAVCHD
0x00007fff30134000 	/System/Library/Frameworks/MediaAccessibility.framework/Versions/A/MediaAccessibility
0x00007fff30f49000 	/System/Library/PrivateFrameworks/Mangrove.framework/Versions/A/Mangrove
0x00007fff30140000 	/System/Library/PrivateFrameworks/AlgosScoreFramework.framework/Versions/A/AlgosScoreFramework
0x00007fff31937000 	/System/Library/PrivateFrameworks/AppleVPA.framework/Versions/A/AppleVPA
0x00007fff30b8e000 	/System/Library/PrivateFrameworks/CoreAUC.framework/Versions/A/CoreAUC
0x00007fff411a1000 	/System/Library/Frameworks/Accelerate.framework/Versions/A/Frameworks/vImage.framework/Versions/A/Libraries/libCGInterfaces.dylib
0x0000000135332000 	/usr/lib/libobjc-trampolines.dylib
0x00007fff35327000 	/System/Library/PrivateFrameworks/FamilyControls.framework/Versions/A/FamilyControls
0x00007fff3534b000 	/System/Library/PrivateFrameworks/CommerceKit.framework/Versions/A/Frameworks/CommerceCore.framework/Versions/A/CommerceCore
0x00007fff30171000 	/System/Library/PrivateFrameworks/SystemAdministration.framework/Versions/A/SystemAdministration
0x00007fff2e3fa000 	/System/Library/PrivateFrameworks/AppContainer.framework/Versions/A/AppContainer
0x00007fff2e40f000 	/System/Library/PrivateFrameworks/SecCodeWrapper.framework/Versions/A/SecCodeWrapper
0x00007fff2aee9000 	/System/Library/PrivateFrameworks/CrashReporterSupport.framework/Versions/A/CrashReporterSupport
0x00007fff478c4000 	/System/Library/PrivateFrameworks/OSAnalytics.framework/Versions/A/OSAnalytics
0x00007fff77854000 	/usr/lib/libRosetta.dylib
0x00007fff32e33000 	/System/Library/PrivateFrameworks/RemoteServiceDiscovery.framework/Versions/A/RemoteServiceDiscovery
0x00007fff51564000 	/System/Library/PrivateFrameworks/Symbolication.framework/Versions/A/Symbolication
0x00007fff3d4bf000 	/System/Library/PrivateFrameworks/MallocStackLogging.framework/Versions/A/MallocStackLogging
0x00007fff2b790000 	/System/Library/PrivateFrameworks/login.framework/Versions/A/login
0x00007fff2fbc0000 	/System/Library/Frameworks/DirectoryService.framework/Versions/A/DirectoryService
0x00007fff32d4c000 	/System/Library/PrivateFrameworks/DiskImages.framework/Versions/A/DiskImages
0x00007fff32f1f000 	/System/Library/PrivateFrameworks/LoginUIKit.framework/Versions/A/Frameworks/LoginUICore.framework/Versions/A/LoginUICore
0x00007fff2b92b000 	/usr/lib/libodfde.dylib
0x00007fff32eb8000 	/usr/lib/libcurl.4.dylib
0x00007fff32c18000 	/usr/lib/libcrypto.44.dylib
0x00007fff32d1e000 	/usr/lib/libssl.46.dylib
0x00007fff32bde000 	/System/Library/Frameworks/LDAP.framework/Versions/A/LDAP
0x00007fff32c16000 	/System/Library/PrivateFrameworks/TrustEvaluationAgent.framework/Versions/A/TrustEvaluationAgent
0x00007fff2ce57000 	/usr/lib/libsasl2.2.dylib
0x00007fff30165000 	/System/Library/PrivateFrameworks/CoreDaemon.framework/Versions/B/CoreDaemon
0x00007fff30160000 	/System/Library/PrivateFrameworks/AppleSRP.framework/Versions/A/AppleSRP
0x00007fff2708d000 	/System/Library/PrivateFrameworks/ViewBridge.framework/Versions/A/ViewBridge
0x0000000135b5e000 	/Users/tristanpoland/Library/Application Support/gdlauncher_next/java/8u242-b08/lib/libfontmanager.dylib
0x0000000135c7d000 	/Users/tristanpoland/Library/Application Support/gdlauncher_next/java/8u242-b08/lib/libfreetype.6.dylib
0x000000013637e000 	/Users/tristanpoland/Library/Application Support/gdlauncher_next/instances/Cosmos modpack/natives/liblwjgl.dylib
0x00000001363f1000 	/Users/tristanpoland/Library/Application Support/gdlauncher_next/java/8u242-b08/lib/libjawt.dylib
0x00007fff6bc17000 	/System/Library/Frameworks/OpenGL.framework/Versions/A/Resources/GLEngine.bundle/GLEngine
0x00007fff6ba78000 	/System/Library/Frameworks/OpenGL.framework/Versions/A/Libraries/libGLProgrammability.dylib
0x00007fff65b50000 	/System/Library/Extensions/AppleIntelHD5000GraphicsGLDriver.bundle/Contents/MacOS/AppleIntelHD5000GraphicsGLDriver
0x00007fff4628e000 	/System/Library/PrivateFrameworks/GPUSupport.framework/Versions/A/Libraries/libGPUSupportMercury.dylib
0x00007fff61236000 	/System/Library/Extensions/GeForceGLDriver.bundle/Contents/MacOS/GeForceGLDriver
0x00007fff60b6e000 	/System/Library/Extensions/GeForceGLDriver.bundle/Contents/MacOS/libclh.dylib
0x00007fff6bd95000 	/System/Library/Frameworks/OpenGL.framework/Versions/A/Resources/GLRendererFloat.bundle/GLRendererFloat

VM Arguments:
jvm_args: -Xmx10240m -Xms10240m -Dfml.ignorePatchDiscrepancies=true -Dfml.ignoreInvalidMinecraftCertificates=true -Xms256m -Djava.library.path=/Users/tristanpoland/Library/Application Support/gdlauncher_next/instances/Cosmos modpack/natives -Dminecraft.applet.TargetDirectory=/Users/tristanpoland/Library/Application Support/gdlauncher_next/instances/Cosmos modpack 
java_command: net.minecraft.launchwrapper.Launch --username TristanPoland --version 1.12.2 --gameDir /Users/tristanpoland/Library/Application Support/gdlauncher_next/instances/Cosmos modpack --assetsDir /Users/tristanpoland/Library/Application Support/gdlauncher_next/datastore/assets --assetIndex 1.12 --uuid a4686b5b2f264015887dc42382f3f73d --accessToken eyJhbGciOiJIUzI1NiJ9.eyJzdWIiOiIxNGI4MjE4YWMyNzE0YjJmYjE0ZTljY2E3NTA0YmE2YiIsInlnZ3QiOiI2ZDZmZDI1MDIxMjg0YjM5YTU5YWJhN2I1NGQ3YWNhOSIsInNwciI6ImE0Njg2YjViMmYyNjQwMTU4ODdkYzQyMzgyZjNmNzNkIiwiaXNzIjoiWWdnZHJhc2lsLUF1dGgiLCJleHAiOjE2MzM4MzQ5MzIsImlhdCI6MTYzMzY2MjEzMn0.xpKAFVyDRj7uyEBo0dw37O45k4Un9GagcgBw0zacZ10 --userType mojang --tweakClass net.minecraftforge.fml.common.launcher.FMLTweaker --versionType Forge --width 854 --height 480
java_class_path (initial): /Users/tristanpoland/Library/Application Support/gdlauncher_next/datastore/libraries/net/minecraftforge/forge/1.12.2-14.23.5.2855/forge-1.12.2-14.23.5.2855.jar:/Users/tristanpoland/Library/Application Support/gdlauncher_next/datastore/libraries/org/ow2/asm/asm-debug-all/5.2/asm-debug-all-5.2.jar:/Users/tristanpoland/Library/Application Support/gdlauncher_next/datastore/libraries/net/minecraft/launchwrapper/1.12/launchwrapper-1.12.jar:/Users/tristanpoland/Library/Application Support/gdlauncher_next/datastore/libraries/org/jline/jline/3.5.1/jline-3.5.1.jar:/Users/tristanpoland/Library/Application Support/gdlauncher_next/datastore/libraries/com/typesafe/akka/akka-actor_2.11/2.3.3/akka-actor_2.11-2.3.3.jar:/Users/tristanpoland/Library/Application Support/gdlauncher_next/datastore/libraries/com/typesafe/config/1.2.1/config-1.2.1.jar:/Users/tristanpoland/Library/Application Support/gdlauncher_next/datastore/libraries/org/scala-lang/scala-actors-migration_2.11/1.1.0/scala-actors-migration_2.11-1.1.0.jar:/Users/tristanpoland/Library/Application Support/gdlauncher_next/datastore/libraries/org/scala-lang/scala-compiler/2.11.1/scala-compiler-2.11.1.jar:/Users/tristanpoland/Library/Application Support/gdlauncher_next/datastore/libraries/org/scala-lang/plugins/scala-continuations-library_2.11/1.0.2_mc/scala-continuations-library_2.11-1.0.2_mc.jar:/Users/tristanpoland/Library/Application Support/gdlauncher_next/datastore/libraries/org/scala-lang/plugins/scala-continuations-plugin_2.11.1/1.0.2_mc/scala-continuations-plugin_2.11.1-1.0.2_mc.jar:/Users/tristanpoland/Library/Application Support/gdlauncher_next/datastore/libraries/org/scala-lang/scala-library/2.11.1/scala-library-2.11.1.jar:/Users/tristanpoland/Library/Application Support/gdlauncher_next/datastore/libraries/org/scala-lang/scala-parser-combinators_2.11/1.0.1/scala-parser-combinators_2.11-1.0.1.jar:/Users/tristanpoland/Library/Application Support/gdlauncher_next/datastore/libraries/org/scala-
Launcher Type: SUN_STANDARD

Environment Variables:
PATH=/usr/bin:/bin:/usr/sbin:/sbin
SHELL=/bin/zsh
DISPLAY=/private/tmp/com.apple.launchd.AbeuV7OXQ8/org.macosforge.xquartz:0

Signal Handlers:
SIGSEGV: [libjvm.dylib+0x588183], sa_mask[0]=11111111011111110111111111111111, sa_flags=SA_ONSTACK|SA_RESTART|SA_SIGINFO
SIGBUS: [libjvm.dylib+0x588183], sa_mask[0]=11111111011111110111111111111111, sa_flags=SA_RESTART|SA_SIGINFO
SIGFPE: [libjvm.dylib+0x46288c], sa_mask[0]=11111111011111110111111111111111, sa_flags=SA_RESTART|SA_SIGINFO
SIGPIPE: [libjvm.dylib+0x46288c], sa_mask[0]=11111111011111110111111111111111, sa_flags=SA_RESTART|SA_SIGINFO
SIGXFSZ: [libjvm.dylib+0x46288c], sa_mask[0]=11111111011111110111111111111111, sa_flags=SA_RESTART|SA_SIGINFO
SIGILL: [libjvm.dylib+0x46288c], sa_mask[0]=11111111011111110111111111111111, sa_flags=SA_RESTART|SA_SIGINFO
SIGUSR1: SIG_DFL, sa_mask[0]=00000000000000000000000000000000, sa_flags=SA_RESTART
SIGUSR2: [libjvm.dylib+0x4623aa], sa_mask[0]=00000000000000000000000000000000, sa_flags=SA_RESTART|SA_SIGINFO
SIGHUP: [libjvm.dylib+0x460935], sa_mask[0]=11111111011111110111111111111111, sa_flags=SA_RESTART|SA_SIGINFO
SIGINT: [libjvm.dylib+0x460935], sa_mask[0]=11111111011111110111111111111111, sa_flags=SA_RESTART|SA_SIGINFO
SIGTERM: [libjvm.dylib+0x460935], sa_mask[0]=11111111011111110111111111111111, sa_flags=SA_RESTART|SA_SIGINFO
SIGQUIT: [libjvm.dylib+0x460935], sa_mask[0]=11111111011111110111111111111111, sa_flags=SA_RESTART|SA_SIGINFO


---------------  S Y S T E M  ---------------

OS:Bsduname:Darwin 20.5.0 Darwin Kernel Version 20.5.0: Sat May  8 05:10:33 PDT 2021; root:xnu-7195.121.3~9/RELEASE_X86_64 x86_64
rlimit: STACK 8192k, CORE 0k, NPROC 2784, NOFILE 10240, AS infinity
load average:6.61 5.93 5.61

CPU:total 8 (initial active 8) (4 cores per cpu, 2 threads per core) family 6 model 70 stepping 1, cmov, cx8, fxsr, mmx, sse, sse2, sse3, ssse3, sse4.1, sse4.2, popcnt, avx, avx2, aes, clmul, erms, lzcnt, ht, tsc, tscinvbit, bmi1, bmi2

Memory: 4k page, physical 16777216k(3159180k free)

/proc/meminfo:


vm_info: OpenJDK 64-Bit Server VM (25.242-b08) for bsd-amd64 JRE (1.8.0_242-b08), built on Jan 19 2020 06:43:11 by "jenkins" with gcc 4.2.1 (Based on Apple Inc. build 5658) (LLVM build 2336.11.00)

time: Sat Oct  9 17:33:21 2021
timezone: EDT
elapsed time: 15 seconds (0d 0h 0m 15s)

