[00:50:23] [Server thread/WARN] [net.minecraft.server.MinecraftServer]: Can't keep up! Did the system time change, or is the server overloaded? Running 3597855ms behind, skipping 71957 tick(s)
[02:51:10] [Server thread/WARN] [net.minecraft.server.MinecraftServer]: Can't keep up! Did the system time change, or is the server overloaded? Running 7193545ms behind, skipping 143870 tick(s)
[02:51:13] [Server thread/WARN] [net.minecraft.server.MinecraftServer]: Time ran backwards! Did the system time change?
[02:51:13] [Server thread/WARN] [net.minecraft.server.MinecraftServer]: Time ran backwards! Did the system time change?
[04:51:55] [Server thread/WARN] [net.minecraft.server.MinecraftServer]: Can't keep up! Did the system time change, or is the server overloaded? Running 7194057ms behind, skipping 143881 tick(s)
[04:51:58] [Server thread/WARN] [net.minecraft.server.MinecraftServer]: Can't keep up! Did the system time change, or is the server overloaded? Running 2357ms behind, skipping 47 tick(s)
[06:15:00] [Server thread/WARN] [net.minecraft.server.MinecraftServer]: Can't keep up! Did the system time change, or is the server overloaded? Running 4930490ms behind, skipping 98609 tick(s)
[06:15:02] [Server thread/WARN] [net.minecraft.server.MinecraftServer]: Time ran backwards! Did the system time change?
[08:27:56] [Server thread/WARN] [net.minecraft.server.MinecraftServer]: Can't keep up! Did the system time change, or is the server overloaded? Running 7195092ms behind, skipping 143901 tick(s)
[08:27:59] [Server thread/WARN] [net.minecraft.server.MinecraftServer]: Time ran backwards! Did the system time change?
[10:41:37] [Server thread/WARN] [net.minecraft.server.MinecraftServer]: Can't keep up! Did the system time change, or is the server overloaded? Running 7193855ms behind, skipping 143877 tick(s)
[10:41:39] [Server thread/WARN] [net.minecraft.server.MinecraftServer]: Time ran backwards! Did the system time change?
[12:55:11] [Server thread/WARN] [net.minecraft.server.MinecraftServer]: Can't keep up! Did the system time change, or is the server overloaded? Running 7194092ms behind, skipping 143881 tick(s)
[14:51:18] [Server thread/WARN] [net.minecraft.server.MinecraftServer]: Can't keep up! Did the system time change, or is the server overloaded? Running 6102466ms behind, skipping 122049 tick(s)
[14:51:50] [Server thread/WARN] [net.minecraft.server.MinecraftServer]: Can't keep up! Did the system time change, or is the server overloaded? Running 3268ms behind, skipping 65 tick(s)
[15:14:31] [Netty Local Client IO #0/INFO] [EnderCore]: Reset configs to client values for com.enderio.core.common.config.ConfigHandler
[15:14:32] [Netty Local Client IO #0/INFO] [discordcraft]: Server Disconnect
[15:14:32] [Netty Local Client IO #0/INFO] [Gliby's Voice Chat Mod]: Stopped Voice Client.
[15:14:33] [Client thread/INFO] [STDOUT]: [xaero.map.WorldMapSession:cleanup:45]: Finalizing world map session...
[15:14:33] [Thread-27/INFO] [STDOUT]: [xaero.map.MapProcessor:forceClean:1345]: World map force-cleaned!
[15:14:33] [Client thread/INFO] [STDOUT]: [xaero.map.WorldMapSession:cleanup:55]: World map session finalized.
[15:14:33] [Client thread/INFO] [STDOUT]: [xaero.common.XaeroMinimapSession:cleanup:67]: Minimap session finalized.
[15:14:34] [Server thread/INFO] [net.minecraft.server.MinecraftServer]: Stopping server
[15:14:34] [Server thread/INFO] [net.minecraft.server.MinecraftServer]: Saving players
[15:14:34] [Server thread/INFO] [net.minecraft.network.NetHandlerPlayServer]: TristanPoland lost connection: Disconnected
[15:14:34] [Server thread/INFO] [net.minecraft.server.MinecraftServer]: TristanPoland left the game
[15:14:34] [Server thread/INFO] [net.minecraft.network.NetHandlerPlayServer]: Stopping singleplayer server as player logged out
[15:14:34] [Server thread/INFO] [net.minecraft.server.MinecraftServer]: Saving worlds
[15:14:34] [Server thread/INFO] [net.minecraft.server.MinecraftServer]: Saving chunks for level 'Template'/overworld
[15:14:35] [Server thread/INFO] [net.minecraft.server.MinecraftServer]: Saving chunks for level 'Template'/ExtraUtils2_Quarry_Dim
[15:14:35] [Server thread/INFO] [net.minecraft.server.MinecraftServer]: Saving chunks for level 'Template'/planet
[15:14:35] [Server thread/WARN] [opencomputers]: A component of type 'li.cil.oc.server.component.WirelessNetworkCard$Tier1' threw an error while being disconnected from the component network.
java.lang.AssertionError: assertion failed
	at scala.Predef$.assert(Predef.scala:151) ~[Predef$.class:?]
	at li.cil.oc.util.RTree.remove(RTree.scala:37) ~[RTree.class:?]
	at li.cil.oc.server.network.WirelessNetwork$.remove(WirelessNetwork.scala:74) ~[WirelessNetwork$.class:?]
	at li.cil.oc.server.network.Network$.leaveWirelessNetwork(Network.scala:539) ~[Network$.class:?]
	at li.cil.oc.api.Network.leaveWirelessNetwork(Network.java:127) ~[Network.class:?]
	at li.cil.oc.server.component.WirelessNetworkCard.onDisconnect(WirelessNetworkCard.scala:118) ~[WirelessNetworkCard.class:?]
	at li.cil.oc.server.network.Node$class.onDisconnect(Node.scala:66) [Node$class.class:?]
	at li.cil.oc.server.network.Network$ComponentConnectorBuilder$$anon$1.li$cil$oc$server$network$Connector$$super$onDisconnect(Network.scala:636) [Network$ComponentConnectorBuilder$$anon$1.class:?]
	at li.cil.oc.server.network.Connector$class.onDisconnect(Connector.scala:114) [Connector$class.class:?]
	at li.cil.oc.server.network.Network$ComponentConnectorBuilder$$anon$1.onDisconnect(Network.scala:636) [Network$ComponentConnectorBuilder$$anon$1.class:?]
	at li.cil.oc.server.network.Network$$anonfun$remove$1.apply(Network.scala:146) [Network$$anonfun$remove$1.class:?]
	at li.cil.oc.server.network.Network$$anonfun$remove$1.apply(Network.scala:146) [Network$$anonfun$remove$1.class:?]
	at scala.collection.immutable.List.foreach(List.scala:383) [List.class:?]
	at li.cil.oc.server.network.Network.remove(Network.scala:146) [Network.class:?]
	at li.cil.oc.server.network.Network$Wrapper.remove(Network.scala:756) [Network$Wrapper.class:?]
	at li.cil.oc.server.network.Node$class.remove(Node.scala:50) [Node$class.class:?]
	at li.cil.oc.server.network.Network$ComponentConnectorBuilder$$anon$1.remove(Network.scala:636) [Network$ComponentConnectorBuilder$$anon$1.class:?]
	at li.cil.oc.common.inventory.ComponentInventory$$anonfun$disconnectComponents$1.applyOrElse(ComponentInventory.scala:95) [ComponentInventory$$anonfun$disconnectComponents$1.class:?]
	at li.cil.oc.common.inventory.ComponentInventory$$anonfun$disconnectComponents$1.applyOrElse(ComponentInventory.scala:92) [ComponentInventory$$anonfun$disconnectComponents$1.class:?]
	at scala.PartialFunction$$anonfun$runWith$1.apply(PartialFunction.scala:136) [PartialFunction$$anonfun$runWith$1.class:?]
	at scala.PartialFunction$$anonfun$runWith$1.apply(PartialFunction.scala:135) [PartialFunction$$anonfun$runWith$1.class:?]
	at scala.collection.IndexedSeqOptimized$class.foreach(IndexedSeqOptimized.scala:33) [IndexedSeqOptimized$class.class:?]
	at scala.collection.mutable.ArrayOps$ofRef.foreach(ArrayOps.scala:186) [ArrayOps$ofRef.class:?]
	at scala.collection.TraversableLike$class.collect(TraversableLike.scala:282) [TraversableLike$class.class:?]
	at scala.collection.mutable.ArrayOps$ofRef.collect(ArrayOps.scala:186) [ArrayOps$ofRef.class:?]
	at li.cil.oc.common.inventory.ComponentInventory$class.disconnectComponents(ComponentInventory.scala:92) [ComponentInventory$class.class:?]
	at li.cil.oc.server.component.Server.disconnectComponents(Server.scala:44) [Server.class:?]
	at li.cil.oc.server.component.Server.onDisconnect(Server.scala:75) [Server.class:?]
	at li.cil.oc.server.component.Server.onMachineDisconnect(Server.scala:109) [Server.class:?]
	at li.cil.oc.server.machine.Machine.onDisconnect(Machine.scala:671) [Machine.class:?]
	at li.cil.oc.server.network.Node$class.onDisconnect(Node.scala:66) [Node$class.class:?]
	at li.cil.oc.server.network.Network$ComponentConnectorBuilder$$anon$1.li$cil$oc$server$network$Connector$$super$onDisconnect(Network.scala:636) [Network$ComponentConnectorBuilder$$anon$1.class:?]
	at li.cil.oc.server.network.Connector$class.onDisconnect(Connector.scala:114) [Connector$class.class:?]
	at li.cil.oc.server.network.Network$ComponentConnectorBuilder$$anon$1.onDisconnect(Network.scala:636) [Network$ComponentConnectorBuilder$$anon$1.class:?]
	at li.cil.oc.server.network.Network$$anonfun$remove$1.apply(Network.scala:146) [Network$$anonfun$remove$1.class:?]
	at li.cil.oc.server.network.Network$$anonfun$remove$1.apply(Network.scala:146) [Network$$anonfun$remove$1.class:?]
	at scala.collection.immutable.List.foreach(List.scala:383) [List.class:?]
	at li.cil.oc.server.network.Network.remove(Network.scala:146) [Network.class:?]
	at li.cil.oc.server.network.Network$Wrapper.remove(Network.scala:756) [Network$Wrapper.class:?]
	at li.cil.oc.server.network.Node$class.remove(Node.scala:50) [Node$class.class:?]
	at li.cil.oc.server.network.Network$ComponentConnectorBuilder$$anon$1.remove(Network.scala:636) [Network$ComponentConnectorBuilder$$anon$1.class:?]
	at li.cil.oc.common.inventory.ComponentInventory$$anonfun$disconnectComponents$1.applyOrElse(ComponentInventory.scala:95) [ComponentInventory$$anonfun$disconnectComponents$1.class:?]
	at li.cil.oc.common.inventory.ComponentInventory$$anonfun$disconnectComponents$1.applyOrElse(ComponentInventory.scala:92) [ComponentInventory$$anonfun$disconnectComponents$1.class:?]
	at scala.PartialFunction$$anonfun$runWith$1.apply(PartialFunction.scala:136) [PartialFunction$$anonfun$runWith$1.class:?]
	at scala.PartialFunction$$anonfun$runWith$1.apply(PartialFunction.scala:135) [PartialFunction$$anonfun$runWith$1.class:?]
	at scala.collection.IndexedSeqOptimized$class.foreach(IndexedSeqOptimized.scala:33) [IndexedSeqOptimized$class.class:?]
	at scala.collection.mutable.ArrayOps$ofRef.foreach(ArrayOps.scala:186) [ArrayOps$ofRef.class:?]
	at scala.collection.TraversableLike$class.collect(TraversableLike.scala:282) [TraversableLike$class.class:?]
	at scala.collection.mutable.ArrayOps$ofRef.collect(ArrayOps.scala:186) [ArrayOps$ofRef.class:?]
	at li.cil.oc.common.inventory.ComponentInventory$class.disconnectComponents(ComponentInventory.scala:92) [ComponentInventory$class.class:?]
	at li.cil.oc.common.tileentity.Rack.disconnectComponents(Rack.scala:34) [Rack.class:?]
	at li.cil.oc.common.tileentity.Rack.dispose(Rack.scala:181) [Rack.class:?]
	at li.cil.oc.common.EventHandler$$anonfun$onWorldUnload$1.applyOrElse(EventHandler.scala:447) [EventHandler$$anonfun$onWorldUnload$1.class:?]
	at li.cil.oc.common.EventHandler$$anonfun$onWorldUnload$1.applyOrElse(EventHandler.scala:446) [EventHandler$$anonfun$onWorldUnload$1.class:?]
	at scala.PartialFunction$$anonfun$runWith$1.apply(PartialFunction.scala:136) [PartialFunction$$anonfun$runWith$1.class:?]
	at scala.PartialFunction$$anonfun$runWith$1.apply(PartialFunction.scala:135) [PartialFunction$$anonfun$runWith$1.class:?]
	at scala.collection.Iterator$class.foreach(Iterator.scala:743) [Iterator$class.class:?]
	at scala.collection.AbstractIterator.foreach(Iterator.scala:1174) [AbstractIterator.class:?]
	at scala.collection.IterableLike$class.foreach(IterableLike.scala:72) [IterableLike$class.class:?]
	at scala.collection.AbstractIterable.foreach(Iterable.scala:54) [AbstractIterable.class:?]
	at scala.collection.TraversableLike$class.collect(TraversableLike.scala:282) [TraversableLike$class.class:?]
	at scala.collection.AbstractTraversable.collect(Traversable.scala:104) [AbstractTraversable.class:?]
	at li.cil.oc.common.EventHandler$.onWorldUnload(EventHandler.scala:446) [EventHandler$.class:?]
	at net.minecraftforge.fml.common.eventhandler.ASMEventHandler_1066_EventHandler$_onWorldUnload_Unload.invoke(.dynamic) [?:?]
	at net.minecraftforge.fml.common.eventhandler.ASMEventHandler.invoke(ASMEventHandler.java:90) [ASMEventHandler.class:?]
	at net.minecraftforge.fml.common.eventhandler.EventBus.post(EventBus.java:182) [EventBus.class:?]
	at net.minecraft.server.MinecraftServer.func_71260_j(MinecraftServer.java:452) [MinecraftServer.class:?]
	at net.minecraft.server.integrated.IntegratedServer.func_71260_j(IntegratedServer.java:372) [chd.class:?]
	at net.minecraft.server.MinecraftServer.run(MinecraftServer.java:579) [MinecraftServer.class:?]
	at java.lang.Thread.run(Thread.java:748) [?:1.8.0_242]
[15:14:35] [Server thread/WARN] [opencomputers]: A component of type 'li.cil.oc.server.component.WirelessNetworkCard$Tier1' threw an error while being disconnected from the component network.
java.lang.AssertionError: assertion failed
	at scala.Predef$.assert(Predef.scala:151) ~[Predef$.class:?]
	at li.cil.oc.util.RTree.remove(RTree.scala:37) ~[RTree.class:?]
	at li.cil.oc.server.network.WirelessNetwork$.remove(WirelessNetwork.scala:74) ~[WirelessNetwork$.class:?]
	at li.cil.oc.server.network.Network$.leaveWirelessNetwork(Network.scala:539) ~[Network$.class:?]
	at li.cil.oc.api.Network.leaveWirelessNetwork(Network.java:127) ~[Network.class:?]
	at li.cil.oc.server.component.WirelessNetworkCard.onDisconnect(WirelessNetworkCard.scala:118) ~[WirelessNetworkCard.class:?]
	at li.cil.oc.server.network.Node$class.onDisconnect(Node.scala:66) [Node$class.class:?]
	at li.cil.oc.server.network.Network$ComponentConnectorBuilder$$anon$1.li$cil$oc$server$network$Connector$$super$onDisconnect(Network.scala:636) [Network$ComponentConnectorBuilder$$anon$1.class:?]
	at li.cil.oc.server.network.Connector$class.onDisconnect(Connector.scala:114) [Connector$class.class:?]
	at li.cil.oc.server.network.Network$ComponentConnectorBuilder$$anon$1.onDisconnect(Network.scala:636) [Network$ComponentConnectorBuilder$$anon$1.class:?]
	at li.cil.oc.server.network.Network$$anonfun$remove$1.apply(Network.scala:146) [Network$$anonfun$remove$1.class:?]
	at li.cil.oc.server.network.Network$$anonfun$remove$1.apply(Network.scala:146) [Network$$anonfun$remove$1.class:?]
	at scala.collection.immutable.List.foreach(List.scala:383) [List.class:?]
	at li.cil.oc.server.network.Network.remove(Network.scala:146) [Network.class:?]
	at li.cil.oc.server.network.Network$Wrapper.remove(Network.scala:756) [Network$Wrapper.class:?]
	at li.cil.oc.server.network.Node$class.remove(Node.scala:50) [Node$class.class:?]
	at li.cil.oc.server.network.Network$ComponentConnectorBuilder$$anon$1.remove(Network.scala:636) [Network$ComponentConnectorBuilder$$anon$1.class:?]
	at li.cil.oc.common.inventory.ComponentInventory$$anonfun$disconnectComponents$1.applyOrElse(ComponentInventory.scala:95) [ComponentInventory$$anonfun$disconnectComponents$1.class:?]
	at li.cil.oc.common.inventory.ComponentInventory$$anonfun$disconnectComponents$1.applyOrElse(ComponentInventory.scala:92) [ComponentInventory$$anonfun$disconnectComponents$1.class:?]
	at scala.PartialFunction$$anonfun$runWith$1.apply(PartialFunction.scala:136) [PartialFunction$$anonfun$runWith$1.class:?]
	at scala.PartialFunction$$anonfun$runWith$1.apply(PartialFunction.scala:135) [PartialFunction$$anonfun$runWith$1.class:?]
	at scala.collection.IndexedSeqOptimized$class.foreach(IndexedSeqOptimized.scala:33) [IndexedSeqOptimized$class.class:?]
	at scala.collection.mutable.ArrayOps$ofRef.foreach(ArrayOps.scala:186) [ArrayOps$ofRef.class:?]
	at scala.collection.TraversableLike$class.collect(TraversableLike.scala:282) [TraversableLike$class.class:?]
	at scala.collection.mutable.ArrayOps$ofRef.collect(ArrayOps.scala:186) [ArrayOps$ofRef.class:?]
	at li.cil.oc.common.inventory.ComponentInventory$class.disconnectComponents(ComponentInventory.scala:92) [ComponentInventory$class.class:?]
	at li.cil.oc.server.component.Server.disconnectComponents(Server.scala:44) [Server.class:?]
	at li.cil.oc.server.component.Server.onDisconnect(Server.scala:75) [Server.class:?]
	at li.cil.oc.server.component.Server.onMachineDisconnect(Server.scala:109) [Server.class:?]
	at li.cil.oc.server.machine.Machine.onDisconnect(Machine.scala:671) [Machine.class:?]
	at li.cil.oc.server.network.Node$class.onDisconnect(Node.scala:66) [Node$class.class:?]
	at li.cil.oc.server.network.Network$ComponentConnectorBuilder$$anon$1.li$cil$oc$server$network$Connector$$super$onDisconnect(Network.scala:636) [Network$ComponentConnectorBuilder$$anon$1.class:?]
	at li.cil.oc.server.network.Connector$class.onDisconnect(Connector.scala:114) [Connector$class.class:?]
	at li.cil.oc.server.network.Network$ComponentConnectorBuilder$$anon$1.onDisconnect(Network.scala:636) [Network$ComponentConnectorBuilder$$anon$1.class:?]
	at li.cil.oc.server.network.Network$$anonfun$remove$1.apply(Network.scala:146) [Network$$anonfun$remove$1.class:?]
	at li.cil.oc.server.network.Network$$anonfun$remove$1.apply(Network.scala:146) [Network$$anonfun$remove$1.class:?]
	at scala.collection.immutable.List.foreach(List.scala:383) [List.class:?]
	at li.cil.oc.server.network.Network.remove(Network.scala:146) [Network.class:?]
	at li.cil.oc.server.network.Network$Wrapper.remove(Network.scala:756) [Network$Wrapper.class:?]
	at li.cil.oc.server.network.Node$class.remove(Node.scala:50) [Node$class.class:?]
	at li.cil.oc.server.network.Network$ComponentConnectorBuilder$$anon$1.remove(Network.scala:636) [Network$ComponentConnectorBuilder$$anon$1.class:?]
	at li.cil.oc.common.inventory.ComponentInventory$$anonfun$disconnectComponents$1.applyOrElse(ComponentInventory.scala:95) [ComponentInventory$$anonfun$disconnectComponents$1.class:?]
	at li.cil.oc.common.inventory.ComponentInventory$$anonfun$disconnectComponents$1.applyOrElse(ComponentInventory.scala:92) [ComponentInventory$$anonfun$disconnectComponents$1.class:?]
	at scala.PartialFunction$$anonfun$runWith$1.apply(PartialFunction.scala:136) [PartialFunction$$anonfun$runWith$1.class:?]
	at scala.PartialFunction$$anonfun$runWith$1.apply(PartialFunction.scala:135) [PartialFunction$$anonfun$runWith$1.class:?]
	at scala.collection.IndexedSeqOptimized$class.foreach(IndexedSeqOptimized.scala:33) [IndexedSeqOptimized$class.class:?]
	at scala.collection.mutable.ArrayOps$ofRef.foreach(ArrayOps.scala:186) [ArrayOps$ofRef.class:?]
	at scala.collection.TraversableLike$class.collect(TraversableLike.scala:282) [TraversableLike$class.class:?]
	at scala.collection.mutable.ArrayOps$ofRef.collect(ArrayOps.scala:186) [ArrayOps$ofRef.class:?]
	at li.cil.oc.common.inventory.ComponentInventory$class.disconnectComponents(ComponentInventory.scala:92) [ComponentInventory$class.class:?]
	at li.cil.oc.common.tileentity.Rack.disconnectComponents(Rack.scala:34) [Rack.class:?]
	at li.cil.oc.common.tileentity.Rack.dispose(Rack.scala:181) [Rack.class:?]
	at li.cil.oc.common.EventHandler$$anonfun$onWorldUnload$1.applyOrElse(EventHandler.scala:447) [EventHandler$$anonfun$onWorldUnload$1.class:?]
	at li.cil.oc.common.EventHandler$$anonfun$onWorldUnload$1.applyOrElse(EventHandler.scala:446) [EventHandler$$anonfun$onWorldUnload$1.class:?]
	at scala.PartialFunction$$anonfun$runWith$1.apply(PartialFunction.scala:136) [PartialFunction$$anonfun$runWith$1.class:?]
	at scala.PartialFunction$$anonfun$runWith$1.apply(PartialFunction.scala:135) [PartialFunction$$anonfun$runWith$1.class:?]
	at scala.collection.Iterator$class.foreach(Iterator.scala:743) [Iterator$class.class:?]
	at scala.collection.AbstractIterator.foreach(Iterator.scala:1174) [AbstractIterator.class:?]
	at scala.collection.IterableLike$class.foreach(IterableLike.scala:72) [IterableLike$class.class:?]
	at scala.collection.AbstractIterable.foreach(Iterable.scala:54) [AbstractIterable.class:?]
	at scala.collection.TraversableLike$class.collect(TraversableLike.scala:282) [TraversableLike$class.class:?]
	at scala.collection.AbstractTraversable.collect(Traversable.scala:104) [AbstractTraversable.class:?]
	at li.cil.oc.common.EventHandler$.onWorldUnload(EventHandler.scala:446) [EventHandler$.class:?]
	at net.minecraftforge.fml.common.eventhandler.ASMEventHandler_1066_EventHandler$_onWorldUnload_Unload.invoke(.dynamic) [?:?]
	at net.minecraftforge.fml.common.eventhandler.ASMEventHandler.invoke(ASMEventHandler.java:90) [ASMEventHandler.class:?]
	at net.minecraftforge.fml.common.eventhandler.EventBus.post(EventBus.java:182) [EventBus.class:?]
	at net.minecraft.server.MinecraftServer.func_71260_j(MinecraftServer.java:452) [MinecraftServer.class:?]
	at net.minecraft.server.integrated.IntegratedServer.func_71260_j(IntegratedServer.java:372) [chd.class:?]
	at net.minecraft.server.MinecraftServer.run(MinecraftServer.java:579) [MinecraftServer.class:?]
	at java.lang.Thread.run(Thread.java:748) [?:1.8.0_242]
[15:14:35] [Server thread/WARN] [opencomputers]: A component of type 'li.cil.oc.server.component.WirelessNetworkCard$Tier1' threw an error while being disconnected from the component network.
java.lang.AssertionError: assertion failed
	at scala.Predef$.assert(Predef.scala:151) ~[Predef$.class:?]
	at li.cil.oc.util.RTree.remove(RTree.scala:37) ~[RTree.class:?]
	at li.cil.oc.server.network.WirelessNetwork$.remove(WirelessNetwork.scala:74) ~[WirelessNetwork$.class:?]
	at li.cil.oc.server.network.Network$.leaveWirelessNetwork(Network.scala:539) ~[Network$.class:?]
	at li.cil.oc.api.Network.leaveWirelessNetwork(Network.java:127) ~[Network.class:?]
	at li.cil.oc.server.component.WirelessNetworkCard.onDisconnect(WirelessNetworkCard.scala:118) ~[WirelessNetworkCard.class:?]
	at li.cil.oc.server.network.Node$class.onDisconnect(Node.scala:66) [Node$class.class:?]
	at li.cil.oc.server.network.Network$ComponentConnectorBuilder$$anon$1.li$cil$oc$server$network$Connector$$super$onDisconnect(Network.scala:636) [Network$ComponentConnectorBuilder$$anon$1.class:?]
	at li.cil.oc.server.network.Connector$class.onDisconnect(Connector.scala:114) [Connector$class.class:?]
	at li.cil.oc.server.network.Network$ComponentConnectorBuilder$$anon$1.onDisconnect(Network.scala:636) [Network$ComponentConnectorBuilder$$anon$1.class:?]
	at li.cil.oc.server.network.Network$$anonfun$remove$1.apply(Network.scala:146) [Network$$anonfun$remove$1.class:?]
	at li.cil.oc.server.network.Network$$anonfun$remove$1.apply(Network.scala:146) [Network$$anonfun$remove$1.class:?]
	at scala.collection.immutable.List.foreach(List.scala:383) [List.class:?]
	at li.cil.oc.server.network.Network.remove(Network.scala:146) [Network.class:?]
	at li.cil.oc.server.network.Network$Wrapper.remove(Network.scala:756) [Network$Wrapper.class:?]
	at li.cil.oc.server.network.Node$class.remove(Node.scala:50) [Node$class.class:?]
	at li.cil.oc.server.network.Network$ComponentConnectorBuilder$$anon$1.remove(Network.scala:636) [Network$ComponentConnectorBuilder$$anon$1.class:?]
	at li.cil.oc.common.inventory.ComponentInventory$$anonfun$disconnectComponents$1.applyOrElse(ComponentInventory.scala:95) [ComponentInventory$$anonfun$disconnectComponents$1.class:?]
	at li.cil.oc.common.inventory.ComponentInventory$$anonfun$disconnectComponents$1.applyOrElse(ComponentInventory.scala:92) [ComponentInventory$$anonfun$disconnectComponents$1.class:?]
	at scala.PartialFunction$$anonfun$runWith$1.apply(PartialFunction.scala:136) [PartialFunction$$anonfun$runWith$1.class:?]
	at scala.PartialFunction$$anonfun$runWith$1.apply(PartialFunction.scala:135) [PartialFunction$$anonfun$runWith$1.class:?]
	at scala.collection.IndexedSeqOptimized$class.foreach(IndexedSeqOptimized.scala:33) [IndexedSeqOptimized$class.class:?]
	at scala.collection.mutable.ArrayOps$ofRef.foreach(ArrayOps.scala:186) [ArrayOps$ofRef.class:?]
	at scala.collection.TraversableLike$class.collect(TraversableLike.scala:282) [TraversableLike$class.class:?]
	at scala.collection.mutable.ArrayOps$ofRef.collect(ArrayOps.scala:186) [ArrayOps$ofRef.class:?]
	at li.cil.oc.common.inventory.ComponentInventory$class.disconnectComponents(ComponentInventory.scala:92) [ComponentInventory$class.class:?]
	at li.cil.oc.server.component.Server.disconnectComponents(Server.scala:44) [Server.class:?]
	at li.cil.oc.server.component.Server.onDisconnect(Server.scala:75) [Server.class:?]
	at li.cil.oc.server.component.Server.onMachineDisconnect(Server.scala:109) [Server.class:?]
	at li.cil.oc.server.machine.Machine.onDisconnect(Machine.scala:671) [Machine.class:?]
	at li.cil.oc.server.network.Node$class.onDisconnect(Node.scala:66) [Node$class.class:?]
	at li.cil.oc.server.network.Network$ComponentConnectorBuilder$$anon$1.li$cil$oc$server$network$Connector$$super$onDisconnect(Network.scala:636) [Network$ComponentConnectorBuilder$$anon$1.class:?]
	at li.cil.oc.server.network.Connector$class.onDisconnect(Connector.scala:114) [Connector$class.class:?]
	at li.cil.oc.server.network.Network$ComponentConnectorBuilder$$anon$1.onDisconnect(Network.scala:636) [Network$ComponentConnectorBuilder$$anon$1.class:?]
	at li.cil.oc.server.network.Network$$anonfun$remove$1.apply(Network.scala:146) [Network$$anonfun$remove$1.class:?]
	at li.cil.oc.server.network.Network$$anonfun$remove$1.apply(Network.scala:146) [Network$$anonfun$remove$1.class:?]
	at scala.collection.immutable.List.foreach(List.scala:383) [List.class:?]
	at li.cil.oc.server.network.Network.remove(Network.scala:146) [Network.class:?]
	at li.cil.oc.server.network.Network$Wrapper.remove(Network.scala:756) [Network$Wrapper.class:?]
	at li.cil.oc.server.network.Node$class.remove(Node.scala:50) [Node$class.class:?]
	at li.cil.oc.server.network.Network$ComponentConnectorBuilder$$anon$1.remove(Network.scala:636) [Network$ComponentConnectorBuilder$$anon$1.class:?]
	at li.cil.oc.common.inventory.ComponentInventory$$anonfun$disconnectComponents$1.applyOrElse(ComponentInventory.scala:95) [ComponentInventory$$anonfun$disconnectComponents$1.class:?]
	at li.cil.oc.common.inventory.ComponentInventory$$anonfun$disconnectComponents$1.applyOrElse(ComponentInventory.scala:92) [ComponentInventory$$anonfun$disconnectComponents$1.class:?]
	at scala.PartialFunction$$anonfun$runWith$1.apply(PartialFunction.scala:136) [PartialFunction$$anonfun$runWith$1.class:?]
	at scala.PartialFunction$$anonfun$runWith$1.apply(PartialFunction.scala:135) [PartialFunction$$anonfun$runWith$1.class:?]
	at scala.collection.IndexedSeqOptimized$class.foreach(IndexedSeqOptimized.scala:33) [IndexedSeqOptimized$class.class:?]
	at scala.collection.mutable.ArrayOps$ofRef.foreach(ArrayOps.scala:186) [ArrayOps$ofRef.class:?]
	at scala.collection.TraversableLike$class.collect(TraversableLike.scala:282) [TraversableLike$class.class:?]
	at scala.collection.mutable.ArrayOps$ofRef.collect(ArrayOps.scala:186) [ArrayOps$ofRef.class:?]
	at li.cil.oc.common.inventory.ComponentInventory$class.disconnectComponents(ComponentInventory.scala:92) [ComponentInventory$class.class:?]
	at li.cil.oc.common.tileentity.Rack.disconnectComponents(Rack.scala:34) [Rack.class:?]
	at li.cil.oc.common.tileentity.Rack.dispose(Rack.scala:181) [Rack.class:?]
	at li.cil.oc.common.EventHandler$$anonfun$onWorldUnload$1.applyOrElse(EventHandler.scala:447) [EventHandler$$anonfun$onWorldUnload$1.class:?]
	at li.cil.oc.common.EventHandler$$anonfun$onWorldUnload$1.applyOrElse(EventHandler.scala:446) [EventHandler$$anonfun$onWorldUnload$1.class:?]
	at scala.PartialFunction$$anonfun$runWith$1.apply(PartialFunction.scala:136) [PartialFunction$$anonfun$runWith$1.class:?]
	at scala.PartialFunction$$anonfun$runWith$1.apply(PartialFunction.scala:135) [PartialFunction$$anonfun$runWith$1.class:?]
	at scala.collection.Iterator$class.foreach(Iterator.scala:743) [Iterator$class.class:?]
	at scala.collection.AbstractIterator.foreach(Iterator.scala:1174) [AbstractIterator.class:?]
	at scala.collection.IterableLike$class.foreach(IterableLike.scala:72) [IterableLike$class.class:?]
	at scala.collection.AbstractIterable.foreach(Iterable.scala:54) [AbstractIterable.class:?]
	at scala.collection.TraversableLike$class.collect(TraversableLike.scala:282) [TraversableLike$class.class:?]
	at scala.collection.AbstractTraversable.collect(Traversable.scala:104) [AbstractTraversable.class:?]
	at li.cil.oc.common.EventHandler$.onWorldUnload(EventHandler.scala:446) [EventHandler$.class:?]
	at net.minecraftforge.fml.common.eventhandler.ASMEventHandler_1066_EventHandler$_onWorldUnload_Unload.invoke(.dynamic) [?:?]
	at net.minecraftforge.fml.common.eventhandler.ASMEventHandler.invoke(ASMEventHandler.java:90) [ASMEventHandler.class:?]
	at net.minecraftforge.fml.common.eventhandler.EventBus.post(EventBus.java:182) [EventBus.class:?]
	at net.minecraft.server.MinecraftServer.func_71260_j(MinecraftServer.java:452) [MinecraftServer.class:?]
	at net.minecraft.server.integrated.IntegratedServer.func_71260_j(IntegratedServer.java:372) [chd.class:?]
	at net.minecraft.server.MinecraftServer.run(MinecraftServer.java:579) [MinecraftServer.class:?]
	at java.lang.Thread.run(Thread.java:748) [?:1.8.0_242]
[15:14:35] [Server thread/WARN] [opencomputers]: A component of type 'li.cil.oc.server.component.WirelessNetworkCard$Tier1' threw an error while being disconnected from the component network.
java.lang.AssertionError: assertion failed
	at scala.Predef$.assert(Predef.scala:151) ~[Predef$.class:?]
	at li.cil.oc.util.RTree.remove(RTree.scala:37) ~[RTree.class:?]
	at li.cil.oc.server.network.WirelessNetwork$.remove(WirelessNetwork.scala:74) ~[WirelessNetwork$.class:?]
	at li.cil.oc.server.network.Network$.leaveWirelessNetwork(Network.scala:539) ~[Network$.class:?]
	at li.cil.oc.api.Network.leaveWirelessNetwork(Network.java:127) ~[Network.class:?]
	at li.cil.oc.server.component.WirelessNetworkCard.onDisconnect(WirelessNetworkCard.scala:118) ~[WirelessNetworkCard.class:?]
	at li.cil.oc.server.network.Node$class.onDisconnect(Node.scala:66) [Node$class.class:?]
	at li.cil.oc.server.network.Network$ComponentConnectorBuilder$$anon$1.li$cil$oc$server$network$Connector$$super$onDisconnect(Network.scala:636) [Network$ComponentConnectorBuilder$$anon$1.class:?]
	at li.cil.oc.server.network.Connector$class.onDisconnect(Connector.scala:114) [Connector$class.class:?]
	at li.cil.oc.server.network.Network$ComponentConnectorBuilder$$anon$1.onDisconnect(Network.scala:636) [Network$ComponentConnectorBuilder$$anon$1.class:?]
	at li.cil.oc.server.network.Network$$anonfun$remove$1.apply(Network.scala:146) [Network$$anonfun$remove$1.class:?]
	at li.cil.oc.server.network.Network$$anonfun$remove$1.apply(Network.scala:146) [Network$$anonfun$remove$1.class:?]
	at scala.collection.immutable.List.foreach(List.scala:383) [List.class:?]
	at li.cil.oc.server.network.Network.remove(Network.scala:146) [Network.class:?]
	at li.cil.oc.server.network.Network$Wrapper.remove(Network.scala:756) [Network$Wrapper.class:?]
	at li.cil.oc.server.network.Node$class.remove(Node.scala:50) [Node$class.class:?]
	at li.cil.oc.server.network.Network$ComponentConnectorBuilder$$anon$1.remove(Network.scala:636) [Network$ComponentConnectorBuilder$$anon$1.class:?]
	at li.cil.oc.common.inventory.ComponentInventory$$anonfun$disconnectComponents$1.applyOrElse(ComponentInventory.scala:95) [ComponentInventory$$anonfun$disconnectComponents$1.class:?]
	at li.cil.oc.common.inventory.ComponentInventory$$anonfun$disconnectComponents$1.applyOrElse(ComponentInventory.scala:92) [ComponentInventory$$anonfun$disconnectComponents$1.class:?]
	at scala.PartialFunction$$anonfun$runWith$1.apply(PartialFunction.scala:136) [PartialFunction$$anonfun$runWith$1.class:?]
	at scala.PartialFunction$$anonfun$runWith$1.apply(PartialFunction.scala:135) [PartialFunction$$anonfun$runWith$1.class:?]
	at scala.collection.IndexedSeqOptimized$class.foreach(IndexedSeqOptimized.scala:33) [IndexedSeqOptimized$class.class:?]
	at scala.collection.mutable.ArrayOps$ofRef.foreach(ArrayOps.scala:186) [ArrayOps$ofRef.class:?]
	at scala.collection.TraversableLike$class.collect(TraversableLike.scala:282) [TraversableLike$class.class:?]
	at scala.collection.mutable.ArrayOps$ofRef.collect(ArrayOps.scala:186) [ArrayOps$ofRef.class:?]
	at li.cil.oc.common.inventory.ComponentInventory$class.disconnectComponents(ComponentInventory.scala:92) [ComponentInventory$class.class:?]
	at li.cil.oc.server.component.Server.disconnectComponents(Server.scala:44) [Server.class:?]
	at li.cil.oc.server.component.Server.onDisconnect(Server.scala:75) [Server.class:?]
	at li.cil.oc.server.component.Server.onMachineDisconnect(Server.scala:109) [Server.class:?]
	at li.cil.oc.server.machine.Machine.onDisconnect(Machine.scala:671) [Machine.class:?]
	at li.cil.oc.server.network.Node$class.onDisconnect(Node.scala:66) [Node$class.class:?]
	at li.cil.oc.server.network.Network$ComponentConnectorBuilder$$anon$1.li$cil$oc$server$network$Connector$$super$onDisconnect(Network.scala:636) [Network$ComponentConnectorBuilder$$anon$1.class:?]
	at li.cil.oc.server.network.Connector$class.onDisconnect(Connector.scala:114) [Connector$class.class:?]
	at li.cil.oc.server.network.Network$ComponentConnectorBuilder$$anon$1.onDisconnect(Network.scala:636) [Network$ComponentConnectorBuilder$$anon$1.class:?]
	at li.cil.oc.server.network.Network$$anonfun$remove$1.apply(Network.scala:146) [Network$$anonfun$remove$1.class:?]
	at li.cil.oc.server.network.Network$$anonfun$remove$1.apply(Network.scala:146) [Network$$anonfun$remove$1.class:?]
	at scala.collection.immutable.List.foreach(List.scala:383) [List.class:?]
	at li.cil.oc.server.network.Network.remove(Network.scala:146) [Network.class:?]
	at li.cil.oc.server.network.Network$Wrapper.remove(Network.scala:756) [Network$Wrapper.class:?]
	at li.cil.oc.server.network.Node$class.remove(Node.scala:50) [Node$class.class:?]
	at li.cil.oc.server.network.Network$ComponentConnectorBuilder$$anon$1.remove(Network.scala:636) [Network$ComponentConnectorBuilder$$anon$1.class:?]
	at li.cil.oc.common.inventory.ComponentInventory$$anonfun$disconnectComponents$1.applyOrElse(ComponentInventory.scala:95) [ComponentInventory$$anonfun$disconnectComponents$1.class:?]
	at li.cil.oc.common.inventory.ComponentInventory$$anonfun$disconnectComponents$1.applyOrElse(ComponentInventory.scala:92) [ComponentInventory$$anonfun$disconnectComponents$1.class:?]
	at scala.PartialFunction$$anonfun$runWith$1.apply(PartialFunction.scala:136) [PartialFunction$$anonfun$runWith$1.class:?]
	at scala.PartialFunction$$anonfun$runWith$1.apply(PartialFunction.scala:135) [PartialFunction$$anonfun$runWith$1.class:?]
	at scala.collection.IndexedSeqOptimized$class.foreach(IndexedSeqOptimized.scala:33) [IndexedSeqOptimized$class.class:?]
	at scala.collection.mutable.ArrayOps$ofRef.foreach(ArrayOps.scala:186) [ArrayOps$ofRef.class:?]
	at scala.collection.TraversableLike$class.collect(TraversableLike.scala:282) [TraversableLike$class.class:?]
	at scala.collection.mutable.ArrayOps$ofRef.collect(ArrayOps.scala:186) [ArrayOps$ofRef.class:?]
	at li.cil.oc.common.inventory.ComponentInventory$class.disconnectComponents(ComponentInventory.scala:92) [ComponentInventory$class.class:?]
	at li.cil.oc.common.tileentity.Rack.disconnectComponents(Rack.scala:34) [Rack.class:?]
	at li.cil.oc.common.tileentity.Rack.dispose(Rack.scala:181) [Rack.class:?]
	at li.cil.oc.common.EventHandler$$anonfun$onWorldUnload$1.applyOrElse(EventHandler.scala:447) [EventHandler$$anonfun$onWorldUnload$1.class:?]
	at li.cil.oc.common.EventHandler$$anonfun$onWorldUnload$1.applyOrElse(EventHandler.scala:446) [EventHandler$$anonfun$onWorldUnload$1.class:?]
	at scala.PartialFunction$$anonfun$runWith$1.apply(PartialFunction.scala:136) [PartialFunction$$anonfun$runWith$1.class:?]
	at scala.PartialFunction$$anonfun$runWith$1.apply(PartialFunction.scala:135) [PartialFunction$$anonfun$runWith$1.class:?]
	at scala.collection.Iterator$class.foreach(Iterator.scala:743) [Iterator$class.class:?]
	at scala.collection.AbstractIterator.foreach(Iterator.scala:1174) [AbstractIterator.class:?]
	at scala.collection.IterableLike$class.foreach(IterableLike.scala:72) [IterableLike$class.class:?]
	at scala.collection.AbstractIterable.foreach(Iterable.scala:54) [AbstractIterable.class:?]
	at scala.collection.TraversableLike$class.collect(TraversableLike.scala:282) [TraversableLike$class.class:?]
	at scala.collection.AbstractTraversable.collect(Traversable.scala:104) [AbstractTraversable.class:?]
	at li.cil.oc.common.EventHandler$.onWorldUnload(EventHandler.scala:446) [EventHandler$.class:?]
	at net.minecraftforge.fml.common.eventhandler.ASMEventHandler_1066_EventHandler$_onWorldUnload_Unload.invoke(.dynamic) [?:?]
	at net.minecraftforge.fml.common.eventhandler.ASMEventHandler.invoke(ASMEventHandler.java:90) [ASMEventHandler.class:?]
	at net.minecraftforge.fml.common.eventhandler.EventBus.post(EventBus.java:182) [EventBus.class:?]
	at net.minecraft.server.MinecraftServer.func_71260_j(MinecraftServer.java:452) [MinecraftServer.class:?]
	at net.minecraft.server.integrated.IntegratedServer.func_71260_j(IntegratedServer.java:372) [chd.class:?]
	at net.minecraft.server.MinecraftServer.run(MinecraftServer.java:579) [MinecraftServer.class:?]
	at java.lang.Thread.run(Thread.java:748) [?:1.8.0_242]
[15:14:35] [Server thread/WARN] [opencomputers]: A component of type 'li.cil.oc.server.component.WirelessNetworkCard$Tier1' threw an error while being disconnected from the component network.
java.lang.AssertionError: assertion failed
	at scala.Predef$.assert(Predef.scala:151) ~[Predef$.class:?]
	at li.cil.oc.util.RTree.remove(RTree.scala:37) ~[RTree.class:?]
	at li.cil.oc.server.network.WirelessNetwork$.remove(WirelessNetwork.scala:74) ~[WirelessNetwork$.class:?]
	at li.cil.oc.server.network.Network$.leaveWirelessNetwork(Network.scala:539) ~[Network$.class:?]
	at li.cil.oc.api.Network.leaveWirelessNetwork(Network.java:127) ~[Network.class:?]
	at li.cil.oc.server.component.WirelessNetworkCard.onDisconnect(WirelessNetworkCard.scala:118) ~[WirelessNetworkCard.class:?]
	at li.cil.oc.server.network.Node$class.onDisconnect(Node.scala:66) [Node$class.class:?]
	at li.cil.oc.server.network.Network$ComponentConnectorBuilder$$anon$1.li$cil$oc$server$network$Connector$$super$onDisconnect(Network.scala:636) [Network$ComponentConnectorBuilder$$anon$1.class:?]
	at li.cil.oc.server.network.Connector$class.onDisconnect(Connector.scala:114) [Connector$class.class:?]
	at li.cil.oc.server.network.Network$ComponentConnectorBuilder$$anon$1.onDisconnect(Network.scala:636) [Network$ComponentConnectorBuilder$$anon$1.class:?]
	at li.cil.oc.server.network.Network$$anonfun$remove$1.apply(Network.scala:146) [Network$$anonfun$remove$1.class:?]
	at li.cil.oc.server.network.Network$$anonfun$remove$1.apply(Network.scala:146) [Network$$anonfun$remove$1.class:?]
	at scala.collection.immutable.List.foreach(List.scala:383) [List.class:?]
	at li.cil.oc.server.network.Network.remove(Network.scala:146) [Network.class:?]
	at li.cil.oc.server.network.Network$Wrapper.remove(Network.scala:756) [Network$Wrapper.class:?]
	at li.cil.oc.server.network.Node$class.remove(Node.scala:50) [Node$class.class:?]
	at li.cil.oc.server.network.Network$ComponentConnectorBuilder$$anon$1.remove(Network.scala:636) [Network$ComponentConnectorBuilder$$anon$1.class:?]
	at li.cil.oc.common.inventory.ComponentInventory$$anonfun$disconnectComponents$1.applyOrElse(ComponentInventory.scala:95) [ComponentInventory$$anonfun$disconnectComponents$1.class:?]
	at li.cil.oc.common.inventory.ComponentInventory$$anonfun$disconnectComponents$1.applyOrElse(ComponentInventory.scala:92) [ComponentInventory$$anonfun$disconnectComponents$1.class:?]
	at scala.PartialFunction$$anonfun$runWith$1.apply(PartialFunction.scala:136) [PartialFunction$$anonfun$runWith$1.class:?]
	at scala.PartialFunction$$anonfun$runWith$1.apply(PartialFunction.scala:135) [PartialFunction$$anonfun$runWith$1.class:?]
	at scala.collection.IndexedSeqOptimized$class.foreach(IndexedSeqOptimized.scala:33) [IndexedSeqOptimized$class.class:?]
	at scala.collection.mutable.ArrayOps$ofRef.foreach(ArrayOps.scala:186) [ArrayOps$ofRef.class:?]
	at scala.collection.TraversableLike$class.collect(TraversableLike.scala:282) [TraversableLike$class.class:?]
	at scala.collection.mutable.ArrayOps$ofRef.collect(ArrayOps.scala:186) [ArrayOps$ofRef.class:?]
	at li.cil.oc.common.inventory.ComponentInventory$class.disconnectComponents(ComponentInventory.scala:92) [ComponentInventory$class.class:?]
	at li.cil.oc.server.component.Server.disconnectComponents(Server.scala:44) [Server.class:?]
	at li.cil.oc.server.component.Server.onDisconnect(Server.scala:75) [Server.class:?]
	at li.cil.oc.server.component.Server.onMachineDisconnect(Server.scala:109) [Server.class:?]
	at li.cil.oc.server.machine.Machine.onDisconnect(Machine.scala:671) [Machine.class:?]
	at li.cil.oc.server.network.Node$class.onDisconnect(Node.scala:66) [Node$class.class:?]
	at li.cil.oc.server.network.Network$ComponentConnectorBuilder$$anon$1.li$cil$oc$server$network$Connector$$super$onDisconnect(Network.scala:636) [Network$ComponentConnectorBuilder$$anon$1.class:?]
	at li.cil.oc.server.network.Connector$class.onDisconnect(Connector.scala:114) [Connector$class.class:?]
	at li.cil.oc.server.network.Network$ComponentConnectorBuilder$$anon$1.onDisconnect(Network.scala:636) [Network$ComponentConnectorBuilder$$anon$1.class:?]
	at li.cil.oc.server.network.Network$$anonfun$remove$1.apply(Network.scala:146) [Network$$anonfun$remove$1.class:?]
	at li.cil.oc.server.network.Network$$anonfun$remove$1.apply(Network.scala:146) [Network$$anonfun$remove$1.class:?]
	at scala.collection.immutable.List.foreach(List.scala:383) [List.class:?]
	at li.cil.oc.server.network.Network.remove(Network.scala:146) [Network.class:?]
	at li.cil.oc.server.network.Network$Wrapper.remove(Network.scala:756) [Network$Wrapper.class:?]
	at li.cil.oc.server.network.Node$class.remove(Node.scala:50) [Node$class.class:?]
	at li.cil.oc.server.network.Network$ComponentConnectorBuilder$$anon$1.remove(Network.scala:636) [Network$ComponentConnectorBuilder$$anon$1.class:?]
	at li.cil.oc.common.inventory.ComponentInventory$$anonfun$disconnectComponents$1.applyOrElse(ComponentInventory.scala:95) [ComponentInventory$$anonfun$disconnectComponents$1.class:?]
	at li.cil.oc.common.inventory.ComponentInventory$$anonfun$disconnectComponents$1.applyOrElse(ComponentInventory.scala:92) [ComponentInventory$$anonfun$disconnectComponents$1.class:?]
	at scala.PartialFunction$$anonfun$runWith$1.apply(PartialFunction.scala:136) [PartialFunction$$anonfun$runWith$1.class:?]
	at scala.PartialFunction$$anonfun$runWith$1.apply(PartialFunction.scala:135) [PartialFunction$$anonfun$runWith$1.class:?]
	at scala.collection.IndexedSeqOptimized$class.foreach(IndexedSeqOptimized.scala:33) [IndexedSeqOptimized$class.class:?]
	at scala.collection.mutable.ArrayOps$ofRef.foreach(ArrayOps.scala:186) [ArrayOps$ofRef.class:?]
	at scala.collection.TraversableLike$class.collect(TraversableLike.scala:282) [TraversableLike$class.class:?]
	at scala.collection.mutable.ArrayOps$ofRef.collect(ArrayOps.scala:186) [ArrayOps$ofRef.class:?]
	at li.cil.oc.common.inventory.ComponentInventory$class.disconnectComponents(ComponentInventory.scala:92) [ComponentInventory$class.class:?]
	at li.cil.oc.common.tileentity.Rack.disconnectComponents(Rack.scala:34) [Rack.class:?]
	at li.cil.oc.common.tileentity.Rack.dispose(Rack.scala:181) [Rack.class:?]
	at li.cil.oc.common.EventHandler$$anonfun$onWorldUnload$1.applyOrElse(EventHandler.scala:447) [EventHandler$$anonfun$onWorldUnload$1.class:?]
	at li.cil.oc.common.EventHandler$$anonfun$onWorldUnload$1.applyOrElse(EventHandler.scala:446) [EventHandler$$anonfun$onWorldUnload$1.class:?]
	at scala.PartialFunction$$anonfun$runWith$1.apply(PartialFunction.scala:136) [PartialFunction$$anonfun$runWith$1.class:?]
	at scala.PartialFunction$$anonfun$runWith$1.apply(PartialFunction.scala:135) [PartialFunction$$anonfun$runWith$1.class:?]
	at scala.collection.Iterator$class.foreach(Iterator.scala:743) [Iterator$class.class:?]
	at scala.collection.AbstractIterator.foreach(Iterator.scala:1174) [AbstractIterator.class:?]
	at scala.collection.IterableLike$class.foreach(IterableLike.scala:72) [IterableLike$class.class:?]
	at scala.collection.AbstractIterable.foreach(Iterable.scala:54) [AbstractIterable.class:?]
	at scala.collection.TraversableLike$class.collect(TraversableLike.scala:282) [TraversableLike$class.class:?]
	at scala.collection.AbstractTraversable.collect(Traversable.scala:104) [AbstractTraversable.class:?]
	at li.cil.oc.common.EventHandler$.onWorldUnload(EventHandler.scala:446) [EventHandler$.class:?]
	at net.minecraftforge.fml.common.eventhandler.ASMEventHandler_1066_EventHandler$_onWorldUnload_Unload.invoke(.dynamic) [?:?]
	at net.minecraftforge.fml.common.eventhandler.ASMEventHandler.invoke(ASMEventHandler.java:90) [ASMEventHandler.class:?]
	at net.minecraftforge.fml.common.eventhandler.EventBus.post(EventBus.java:182) [EventBus.class:?]
	at net.minecraft.server.MinecraftServer.func_71260_j(MinecraftServer.java:452) [MinecraftServer.class:?]
	at net.minecraft.server.integrated.IntegratedServer.func_71260_j(IntegratedServer.java:372) [chd.class:?]
	at net.minecraft.server.MinecraftServer.run(MinecraftServer.java:579) [MinecraftServer.class:?]
	at java.lang.Thread.run(Thread.java:748) [?:1.8.0_242]
[15:14:35] [Server thread/WARN] [opencomputers]: A component of type 'li.cil.oc.server.component.WirelessNetworkCard$Tier1' threw an error while being disconnected from the component network.
java.lang.AssertionError: assertion failed
	at scala.Predef$.assert(Predef.scala:151) ~[Predef$.class:?]
	at li.cil.oc.util.RTree.remove(RTree.scala:37) ~[RTree.class:?]
	at li.cil.oc.server.network.WirelessNetwork$.remove(WirelessNetwork.scala:74) ~[WirelessNetwork$.class:?]
	at li.cil.oc.server.network.Network$.leaveWirelessNetwork(Network.scala:539) ~[Network$.class:?]
	at li.cil.oc.api.Network.leaveWirelessNetwork(Network.java:127) ~[Network.class:?]
	at li.cil.oc.server.component.WirelessNetworkCard.onDisconnect(WirelessNetworkCard.scala:118) ~[WirelessNetworkCard.class:?]
	at li.cil.oc.server.network.Node$class.onDisconnect(Node.scala:66) [Node$class.class:?]
	at li.cil.oc.server.network.Network$ComponentConnectorBuilder$$anon$1.li$cil$oc$server$network$Connector$$super$onDisconnect(Network.scala:636) [Network$ComponentConnectorBuilder$$anon$1.class:?]
	at li.cil.oc.server.network.Connector$class.onDisconnect(Connector.scala:114) [Connector$class.class:?]
	at li.cil.oc.server.network.Network$ComponentConnectorBuilder$$anon$1.onDisconnect(Network.scala:636) [Network$ComponentConnectorBuilder$$anon$1.class:?]
	at li.cil.oc.server.network.Network$$anonfun$remove$1.apply(Network.scala:146) [Network$$anonfun$remove$1.class:?]
	at li.cil.oc.server.network.Network$$anonfun$remove$1.apply(Network.scala:146) [Network$$anonfun$remove$1.class:?]
	at scala.collection.immutable.List.foreach(List.scala:383) [List.class:?]
	at li.cil.oc.server.network.Network.remove(Network.scala:146) [Network.class:?]
	at li.cil.oc.server.network.Network$Wrapper.remove(Network.scala:756) [Network$Wrapper.class:?]
	at li.cil.oc.server.network.Node$class.remove(Node.scala:50) [Node$class.class:?]
	at li.cil.oc.server.network.Network$ComponentConnectorBuilder$$anon$1.remove(Network.scala:636) [Network$ComponentConnectorBuilder$$anon$1.class:?]
	at li.cil.oc.common.inventory.ComponentInventory$$anonfun$disconnectComponents$1.applyOrElse(ComponentInventory.scala:95) [ComponentInventory$$anonfun$disconnectComponents$1.class:?]
	at li.cil.oc.common.inventory.ComponentInventory$$anonfun$disconnectComponents$1.applyOrElse(ComponentInventory.scala:92) [ComponentInventory$$anonfun$disconnectComponents$1.class:?]
	at scala.PartialFunction$$anonfun$runWith$1.apply(PartialFunction.scala:136) [PartialFunction$$anonfun$runWith$1.class:?]
	at scala.PartialFunction$$anonfun$runWith$1.apply(PartialFunction.scala:135) [PartialFunction$$anonfun$runWith$1.class:?]
	at scala.collection.IndexedSeqOptimized$class.foreach(IndexedSeqOptimized.scala:33) [IndexedSeqOptimized$class.class:?]
	at scala.collection.mutable.ArrayOps$ofRef.foreach(ArrayOps.scala:186) [ArrayOps$ofRef.class:?]
	at scala.collection.TraversableLike$class.collect(TraversableLike.scala:282) [TraversableLike$class.class:?]
	at scala.collection.mutable.ArrayOps$ofRef.collect(ArrayOps.scala:186) [ArrayOps$ofRef.class:?]
	at li.cil.oc.common.inventory.ComponentInventory$class.disconnectComponents(ComponentInventory.scala:92) [ComponentInventory$class.class:?]
	at li.cil.oc.server.component.Server.disconnectComponents(Server.scala:44) [Server.class:?]
	at li.cil.oc.server.component.Server.onDisconnect(Server.scala:75) [Server.class:?]
	at li.cil.oc.server.component.Server.onMachineDisconnect(Server.scala:109) [Server.class:?]
	at li.cil.oc.server.machine.Machine.onDisconnect(Machine.scala:671) [Machine.class:?]
	at li.cil.oc.server.network.Node$class.onDisconnect(Node.scala:66) [Node$class.class:?]
	at li.cil.oc.server.network.Network$ComponentConnectorBuilder$$anon$1.li$cil$oc$server$network$Connector$$super$onDisconnect(Network.scala:636) [Network$ComponentConnectorBuilder$$anon$1.class:?]
	at li.cil.oc.server.network.Connector$class.onDisconnect(Connector.scala:114) [Connector$class.class:?]
	at li.cil.oc.server.network.Network$ComponentConnectorBuilder$$anon$1.onDisconnect(Network.scala:636) [Network$ComponentConnectorBuilder$$anon$1.class:?]
	at li.cil.oc.server.network.Network$$anonfun$remove$1.apply(Network.scala:146) [Network$$anonfun$remove$1.class:?]
	at li.cil.oc.server.network.Network$$anonfun$remove$1.apply(Network.scala:146) [Network$$anonfun$remove$1.class:?]
	at scala.collection.immutable.List.foreach(List.scala:383) [List.class:?]
	at li.cil.oc.server.network.Network.remove(Network.scala:146) [Network.class:?]
	at li.cil.oc.server.network.Network$Wrapper.remove(Network.scala:756) [Network$Wrapper.class:?]
	at li.cil.oc.server.network.Node$class.remove(Node.scala:50) [Node$class.class:?]
	at li.cil.oc.server.network.Network$ComponentConnectorBuilder$$anon$1.remove(Network.scala:636) [Network$ComponentConnectorBuilder$$anon$1.class:?]
	at li.cil.oc.common.inventory.ComponentInventory$$anonfun$disconnectComponents$1.applyOrElse(ComponentInventory.scala:95) [ComponentInventory$$anonfun$disconnectComponents$1.class:?]
	at li.cil.oc.common.inventory.ComponentInventory$$anonfun$disconnectComponents$1.applyOrElse(ComponentInventory.scala:92) [ComponentInventory$$anonfun$disconnectComponents$1.class:?]
	at scala.PartialFunction$$anonfun$runWith$1.apply(PartialFunction.scala:136) [PartialFunction$$anonfun$runWith$1.class:?]
	at scala.PartialFunction$$anonfun$runWith$1.apply(PartialFunction.scala:135) [PartialFunction$$anonfun$runWith$1.class:?]
	at scala.collection.IndexedSeqOptimized$class.foreach(IndexedSeqOptimized.scala:33) [IndexedSeqOptimized$class.class:?]
	at scala.collection.mutable.ArrayOps$ofRef.foreach(ArrayOps.scala:186) [ArrayOps$ofRef.class:?]
	at scala.collection.TraversableLike$class.collect(TraversableLike.scala:282) [TraversableLike$class.class:?]
	at scala.collection.mutable.ArrayOps$ofRef.collect(ArrayOps.scala:186) [ArrayOps$ofRef.class:?]
	at li.cil.oc.common.inventory.ComponentInventory$class.disconnectComponents(ComponentInventory.scala:92) [ComponentInventory$class.class:?]
	at li.cil.oc.common.tileentity.Rack.disconnectComponents(Rack.scala:34) [Rack.class:?]
	at li.cil.oc.common.tileentity.Rack.dispose(Rack.scala:181) [Rack.class:?]
	at li.cil.oc.common.EventHandler$$anonfun$onWorldUnload$1.applyOrElse(EventHandler.scala:447) [EventHandler$$anonfun$onWorldUnload$1.class:?]
	at li.cil.oc.common.EventHandler$$anonfun$onWorldUnload$1.applyOrElse(EventHandler.scala:446) [EventHandler$$anonfun$onWorldUnload$1.class:?]
	at scala.PartialFunction$$anonfun$runWith$1.apply(PartialFunction.scala:136) [PartialFunction$$anonfun$runWith$1.class:?]
	at scala.PartialFunction$$anonfun$runWith$1.apply(PartialFunction.scala:135) [PartialFunction$$anonfun$runWith$1.class:?]
	at scala.collection.Iterator$class.foreach(Iterator.scala:743) [Iterator$class.class:?]
	at scala.collection.AbstractIterator.foreach(Iterator.scala:1174) [AbstractIterator.class:?]
	at scala.collection.IterableLike$class.foreach(IterableLike.scala:72) [IterableLike$class.class:?]
	at scala.collection.AbstractIterable.foreach(Iterable.scala:54) [AbstractIterable.class:?]
	at scala.collection.TraversableLike$class.collect(TraversableLike.scala:282) [TraversableLike$class.class:?]
	at scala.collection.AbstractTraversable.collect(Traversable.scala:104) [AbstractTraversable.class:?]
	at li.cil.oc.common.EventHandler$.onWorldUnload(EventHandler.scala:446) [EventHandler$.class:?]
	at net.minecraftforge.fml.common.eventhandler.ASMEventHandler_1066_EventHandler$_onWorldUnload_Unload.invoke(.dynamic) [?:?]
	at net.minecraftforge.fml.common.eventhandler.ASMEventHandler.invoke(ASMEventHandler.java:90) [ASMEventHandler.class:?]
	at net.minecraftforge.fml.common.eventhandler.EventBus.post(EventBus.java:182) [EventBus.class:?]
	at net.minecraft.server.MinecraftServer.func_71260_j(MinecraftServer.java:452) [MinecraftServer.class:?]
	at net.minecraft.server.integrated.IntegratedServer.func_71260_j(IntegratedServer.java:372) [chd.class:?]
	at net.minecraft.server.MinecraftServer.run(MinecraftServer.java:579) [MinecraftServer.class:?]
	at java.lang.Thread.run(Thread.java:748) [?:1.8.0_242]
[15:14:35] [Server thread/WARN] [opencomputers]: A component of type 'li.cil.oc.server.component.WirelessNetworkCard$Tier1' threw an error while being disconnected from the component network.
java.lang.AssertionError: assertion failed
	at scala.Predef$.assert(Predef.scala:151) ~[Predef$.class:?]
	at li.cil.oc.util.RTree.remove(RTree.scala:37) ~[RTree.class:?]
	at li.cil.oc.server.network.WirelessNetwork$.remove(WirelessNetwork.scala:74) ~[WirelessNetwork$.class:?]
	at li.cil.oc.server.network.Network$.leaveWirelessNetwork(Network.scala:539) ~[Network$.class:?]
	at li.cil.oc.api.Network.leaveWirelessNetwork(Network.java:127) ~[Network.class:?]
	at li.cil.oc.server.component.WirelessNetworkCard.onDisconnect(WirelessNetworkCard.scala:118) ~[WirelessNetworkCard.class:?]
	at li.cil.oc.server.network.Node$class.onDisconnect(Node.scala:66) [Node$class.class:?]
	at li.cil.oc.server.network.Network$ComponentConnectorBuilder$$anon$1.li$cil$oc$server$network$Connector$$super$onDisconnect(Network.scala:636) [Network$ComponentConnectorBuilder$$anon$1.class:?]
	at li.cil.oc.server.network.Connector$class.onDisconnect(Connector.scala:114) [Connector$class.class:?]
	at li.cil.oc.server.network.Network$ComponentConnectorBuilder$$anon$1.onDisconnect(Network.scala:636) [Network$ComponentConnectorBuilder$$anon$1.class:?]
	at li.cil.oc.server.network.Network$$anonfun$remove$1.apply(Network.scala:146) [Network$$anonfun$remove$1.class:?]
	at li.cil.oc.server.network.Network$$anonfun$remove$1.apply(Network.scala:146) [Network$$anonfun$remove$1.class:?]
	at scala.collection.immutable.List.foreach(List.scala:383) [List.class:?]
	at li.cil.oc.server.network.Network.remove(Network.scala:146) [Network.class:?]
	at li.cil.oc.server.network.Network$Wrapper.remove(Network.scala:756) [Network$Wrapper.class:?]
	at li.cil.oc.server.network.Node$class.remove(Node.scala:50) [Node$class.class:?]
	at li.cil.oc.server.network.Network$ComponentConnectorBuilder$$anon$1.remove(Network.scala:636) [Network$ComponentConnectorBuilder$$anon$1.class:?]
	at li.cil.oc.common.inventory.ComponentInventory$$anonfun$disconnectComponents$1.applyOrElse(ComponentInventory.scala:95) [ComponentInventory$$anonfun$disconnectComponents$1.class:?]
	at li.cil.oc.common.inventory.ComponentInventory$$anonfun$disconnectComponents$1.applyOrElse(ComponentInventory.scala:92) [ComponentInventory$$anonfun$disconnectComponents$1.class:?]
	at scala.PartialFunction$$anonfun$runWith$1.apply(PartialFunction.scala:136) [PartialFunction$$anonfun$runWith$1.class:?]
	at scala.PartialFunction$$anonfun$runWith$1.apply(PartialFunction.scala:135) [PartialFunction$$anonfun$runWith$1.class:?]
	at scala.collection.IndexedSeqOptimized$class.foreach(IndexedSeqOptimized.scala:33) [IndexedSeqOptimized$class.class:?]
	at scala.collection.mutable.ArrayOps$ofRef.foreach(ArrayOps.scala:186) [ArrayOps$ofRef.class:?]
	at scala.collection.TraversableLike$class.collect(TraversableLike.scala:282) [TraversableLike$class.class:?]
	at scala.collection.mutable.ArrayOps$ofRef.collect(ArrayOps.scala:186) [ArrayOps$ofRef.class:?]
	at li.cil.oc.common.inventory.ComponentInventory$class.disconnectComponents(ComponentInventory.scala:92) [ComponentInventory$class.class:?]
	at li.cil.oc.server.component.Server.disconnectComponents(Server.scala:44) [Server.class:?]
	at li.cil.oc.server.component.Server.onDisconnect(Server.scala:75) [Server.class:?]
	at li.cil.oc.server.component.Server.onMachineDisconnect(Server.scala:109) [Server.class:?]
	at li.cil.oc.server.machine.Machine.onDisconnect(Machine.scala:671) [Machine.class:?]
	at li.cil.oc.server.network.Node$class.onDisconnect(Node.scala:66) [Node$class.class:?]
	at li.cil.oc.server.network.Network$ComponentConnectorBuilder$$anon$1.li$cil$oc$server$network$Connector$$super$onDisconnect(Network.scala:636) [Network$ComponentConnectorBuilder$$anon$1.class:?]
	at li.cil.oc.server.network.Connector$class.onDisconnect(Connector.scala:114) [Connector$class.class:?]
	at li.cil.oc.server.network.Network$ComponentConnectorBuilder$$anon$1.onDisconnect(Network.scala:636) [Network$ComponentConnectorBuilder$$anon$1.class:?]
	at li.cil.oc.server.network.Network$$anonfun$remove$1.apply(Network.scala:146) [Network$$anonfun$remove$1.class:?]
	at li.cil.oc.server.network.Network$$anonfun$remove$1.apply(Network.scala:146) [Network$$anonfun$remove$1.class:?]
	at scala.collection.immutable.List.foreach(List.scala:383) [List.class:?]
	at li.cil.oc.server.network.Network.remove(Network.scala:146) [Network.class:?]
	at li.cil.oc.server.network.Network$Wrapper.remove(Network.scala:756) [Network$Wrapper.class:?]
	at li.cil.oc.server.network.Node$class.remove(Node.scala:50) [Node$class.class:?]
	at li.cil.oc.server.network.Network$ComponentConnectorBuilder$$anon$1.remove(Network.scala:636) [Network$ComponentConnectorBuilder$$anon$1.class:?]
	at li.cil.oc.common.inventory.ComponentInventory$$anonfun$disconnectComponents$1.applyOrElse(ComponentInventory.scala:95) [ComponentInventory$$anonfun$disconnectComponents$1.class:?]
	at li.cil.oc.common.inventory.ComponentInventory$$anonfun$disconnectComponents$1.applyOrElse(ComponentInventory.scala:92) [ComponentInventory$$anonfun$disconnectComponents$1.class:?]
	at scala.PartialFunction$$anonfun$runWith$1.apply(PartialFunction.scala:136) [PartialFunction$$anonfun$runWith$1.class:?]
	at scala.PartialFunction$$anonfun$runWith$1.apply(PartialFunction.scala:135) [PartialFunction$$anonfun$runWith$1.class:?]
	at scala.collection.IndexedSeqOptimized$class.foreach(IndexedSeqOptimized.scala:33) [IndexedSeqOptimized$class.class:?]
	at scala.collection.mutable.ArrayOps$ofRef.foreach(ArrayOps.scala:186) [ArrayOps$ofRef.class:?]
	at scala.collection.TraversableLike$class.collect(TraversableLike.scala:282) [TraversableLike$class.class:?]
	at scala.collection.mutable.ArrayOps$ofRef.collect(ArrayOps.scala:186) [ArrayOps$ofRef.class:?]
	at li.cil.oc.common.inventory.ComponentInventory$class.disconnectComponents(ComponentInventory.scala:92) [ComponentInventory$class.class:?]
	at li.cil.oc.common.tileentity.Rack.disconnectComponents(Rack.scala:34) [Rack.class:?]
	at li.cil.oc.common.tileentity.Rack.dispose(Rack.scala:181) [Rack.class:?]
	at li.cil.oc.common.EventHandler$$anonfun$onWorldUnload$1.applyOrElse(EventHandler.scala:447) [EventHandler$$anonfun$onWorldUnload$1.class:?]
	at li.cil.oc.common.EventHandler$$anonfun$onWorldUnload$1.applyOrElse(EventHandler.scala:446) [EventHandler$$anonfun$onWorldUnload$1.class:?]
	at scala.PartialFunction$$anonfun$runWith$1.apply(PartialFunction.scala:136) [PartialFunction$$anonfun$runWith$1.class:?]
	at scala.PartialFunction$$anonfun$runWith$1.apply(PartialFunction.scala:135) [PartialFunction$$anonfun$runWith$1.class:?]
	at scala.collection.Iterator$class.foreach(Iterator.scala:743) [Iterator$class.class:?]
	at scala.collection.AbstractIterator.foreach(Iterator.scala:1174) [AbstractIterator.class:?]
	at scala.collection.IterableLike$class.foreach(IterableLike.scala:72) [IterableLike$class.class:?]
	at scala.collection.AbstractIterable.foreach(Iterable.scala:54) [AbstractIterable.class:?]
	at scala.collection.TraversableLike$class.collect(TraversableLike.scala:282) [TraversableLike$class.class:?]
	at scala.collection.AbstractTraversable.collect(Traversable.scala:104) [AbstractTraversable.class:?]
	at li.cil.oc.common.EventHandler$.onWorldUnload(EventHandler.scala:446) [EventHandler$.class:?]
	at net.minecraftforge.fml.common.eventhandler.ASMEventHandler_1066_EventHandler$_onWorldUnload_Unload.invoke(.dynamic) [?:?]
	at net.minecraftforge.fml.common.eventhandler.ASMEventHandler.invoke(ASMEventHandler.java:90) [ASMEventHandler.class:?]
	at net.minecraftforge.fml.common.eventhandler.EventBus.post(EventBus.java:182) [EventBus.class:?]
	at net.minecraft.server.MinecraftServer.func_71260_j(MinecraftServer.java:452) [MinecraftServer.class:?]
	at net.minecraft.server.integrated.IntegratedServer.func_71260_j(IntegratedServer.java:372) [chd.class:?]
	at net.minecraft.server.MinecraftServer.run(MinecraftServer.java:579) [MinecraftServer.class:?]
	at java.lang.Thread.run(Thread.java:748) [?:1.8.0_242]
[15:14:36] [Server thread/WARN] [opencomputers]: A component of type 'li.cil.oc.server.component.WirelessNetworkCard$Tier2' threw an error while being disconnected from the component network.
java.lang.AssertionError: assertion failed
	at scala.Predef$.assert(Predef.scala:151) ~[Predef$.class:?]
	at li.cil.oc.util.RTree.remove(RTree.scala:37) ~[RTree.class:?]
	at li.cil.oc.server.network.WirelessNetwork$.remove(WirelessNetwork.scala:74) ~[WirelessNetwork$.class:?]
	at li.cil.oc.server.network.Network$.leaveWirelessNetwork(Network.scala:539) ~[Network$.class:?]
	at li.cil.oc.api.Network.leaveWirelessNetwork(Network.java:127) ~[Network.class:?]
	at li.cil.oc.server.component.WirelessNetworkCard.onDisconnect(WirelessNetworkCard.scala:118) ~[WirelessNetworkCard.class:?]
	at li.cil.oc.server.network.Node$class.onDisconnect(Node.scala:66) [Node$class.class:?]
	at li.cil.oc.server.network.Network$ComponentConnectorBuilder$$anon$1.li$cil$oc$server$network$Connector$$super$onDisconnect(Network.scala:636) [Network$ComponentConnectorBuilder$$anon$1.class:?]
	at li.cil.oc.server.network.Connector$class.onDisconnect(Connector.scala:114) [Connector$class.class:?]
	at li.cil.oc.server.network.Network$ComponentConnectorBuilder$$anon$1.onDisconnect(Network.scala:636) [Network$ComponentConnectorBuilder$$anon$1.class:?]
	at li.cil.oc.server.network.Network$$anonfun$remove$1.apply(Network.scala:146) [Network$$anonfun$remove$1.class:?]
	at li.cil.oc.server.network.Network$$anonfun$remove$1.apply(Network.scala:146) [Network$$anonfun$remove$1.class:?]
	at scala.collection.immutable.List.foreach(List.scala:383) [List.class:?]
	at li.cil.oc.server.network.Network.remove(Network.scala:146) [Network.class:?]
	at li.cil.oc.server.network.Network$Wrapper.remove(Network.scala:756) [Network$Wrapper.class:?]
	at li.cil.oc.server.network.Node$class.remove(Node.scala:50) [Node$class.class:?]
	at li.cil.oc.server.network.Network$ComponentConnectorBuilder$$anon$1.remove(Network.scala:636) [Network$ComponentConnectorBuilder$$anon$1.class:?]
	at li.cil.oc.common.inventory.ComponentInventory$$anonfun$disconnectComponents$1.applyOrElse(ComponentInventory.scala:95) [ComponentInventory$$anonfun$disconnectComponents$1.class:?]
	at li.cil.oc.common.inventory.ComponentInventory$$anonfun$disconnectComponents$1.applyOrElse(ComponentInventory.scala:92) [ComponentInventory$$anonfun$disconnectComponents$1.class:?]
	at scala.PartialFunction$$anonfun$runWith$1.apply(PartialFunction.scala:136) [PartialFunction$$anonfun$runWith$1.class:?]
	at scala.PartialFunction$$anonfun$runWith$1.apply(PartialFunction.scala:135) [PartialFunction$$anonfun$runWith$1.class:?]
	at scala.collection.IndexedSeqOptimized$class.foreach(IndexedSeqOptimized.scala:33) [IndexedSeqOptimized$class.class:?]
	at scala.collection.mutable.ArrayOps$ofRef.foreach(ArrayOps.scala:186) [ArrayOps$ofRef.class:?]
	at scala.collection.TraversableLike$class.collect(TraversableLike.scala:282) [TraversableLike$class.class:?]
	at scala.collection.mutable.ArrayOps$ofRef.collect(ArrayOps.scala:186) [ArrayOps$ofRef.class:?]
	at li.cil.oc.common.inventory.ComponentInventory$class.disconnectComponents(ComponentInventory.scala:92) [ComponentInventory$class.class:?]
	at li.cil.oc.common.tileentity.Robot.disconnectComponents(Robot.scala:65) [Robot.class:?]
	at li.cil.oc.common.tileentity.traits.ComponentInventory$class.onDisconnect(ComponentInventory.scala:152) [ComponentInventory$class.class:?]
	at li.cil.oc.common.tileentity.Robot.onMachineDisconnect(Robot.scala:544) [Robot.class:?]
	at li.cil.oc.server.machine.Machine.onDisconnect(Machine.scala:671) [Machine.class:?]
	at li.cil.oc.server.network.Node$class.onDisconnect(Node.scala:66) [Node$class.class:?]
	at li.cil.oc.server.network.Network$ComponentConnectorBuilder$$anon$1.li$cil$oc$server$network$Connector$$super$onDisconnect(Network.scala:636) [Network$ComponentConnectorBuilder$$anon$1.class:?]
	at li.cil.oc.server.network.Connector$class.onDisconnect(Connector.scala:114) [Connector$class.class:?]
	at li.cil.oc.server.network.Network$ComponentConnectorBuilder$$anon$1.onDisconnect(Network.scala:636) [Network$ComponentConnectorBuilder$$anon$1.class:?]
	at li.cil.oc.server.network.Network$$anonfun$remove$1.apply(Network.scala:146) [Network$$anonfun$remove$1.class:?]
	at li.cil.oc.server.network.Network$$anonfun$remove$1.apply(Network.scala:146) [Network$$anonfun$remove$1.class:?]
	at scala.collection.immutable.List.foreach(List.scala:383) [List.class:?]
	at li.cil.oc.server.network.Network.remove(Network.scala:146) [Network.class:?]
	at li.cil.oc.server.network.Network$Wrapper.remove(Network.scala:756) [Network$Wrapper.class:?]
	at li.cil.oc.server.network.Node$class.remove(Node.scala:50) [Node$class.class:?]
	at li.cil.oc.server.network.Network$ComponentConnectorBuilder$$anon$1.remove(Network.scala:636) [Network$ComponentConnectorBuilder$$anon$1.class:?]
	at li.cil.oc.common.tileentity.traits.Environment$$anonfun$dispose$1.apply(Environment.scala:47) [Environment$$anonfun$dispose$1.class:?]
	at li.cil.oc.common.tileentity.traits.Environment$$anonfun$dispose$1.apply(Environment.scala:47) [Environment$$anonfun$dispose$1.class:?]
	at scala.Option.foreach(Option.scala:245) [Option.class:?]
	at li.cil.oc.common.tileentity.traits.Environment$class.dispose(Environment.scala:47) [Environment$class.class:?]
	at li.cil.oc.common.tileentity.Robot.li$cil$oc$common$tileentity$traits$ComponentInventory$$super$dispose(Robot.scala:65) [Robot.class:?]
	at li.cil.oc.common.tileentity.traits.ComponentInventory$class.dispose(ComponentInventory.scala:136) [ComponentInventory$class.class:?]
	at li.cil.oc.common.tileentity.Robot.li$cil$oc$common$tileentity$traits$Computer$$super$dispose(Robot.scala:65) [Robot.class:?]
	at li.cil.oc.common.tileentity.traits.Computer$class.dispose(Computer.scala:130) [Computer$class.class:?]
	at li.cil.oc.common.tileentity.Robot.dispose(Robot.scala:402) [Robot.class:?]
	at li.cil.oc.common.tileentity.RobotProxy.dispose(RobotProxy.scala:172) [RobotProxy.class:?]
	at li.cil.oc.common.EventHandler$$anonfun$onWorldUnload$1.applyOrElse(EventHandler.scala:447) [EventHandler$$anonfun$onWorldUnload$1.class:?]
	at li.cil.oc.common.EventHandler$$anonfun$onWorldUnload$1.applyOrElse(EventHandler.scala:446) [EventHandler$$anonfun$onWorldUnload$1.class:?]
	at scala.PartialFunction$$anonfun$runWith$1.apply(PartialFunction.scala:136) [PartialFunction$$anonfun$runWith$1.class:?]
	at scala.PartialFunction$$anonfun$runWith$1.apply(PartialFunction.scala:135) [PartialFunction$$anonfun$runWith$1.class:?]
	at scala.collection.Iterator$class.foreach(Iterator.scala:743) [Iterator$class.class:?]
	at scala.collection.AbstractIterator.foreach(Iterator.scala:1174) [AbstractIterator.class:?]
	at scala.collection.IterableLike$class.foreach(IterableLike.scala:72) [IterableLike$class.class:?]
	at scala.collection.AbstractIterable.foreach(Iterable.scala:54) [AbstractIterable.class:?]
	at scala.collection.TraversableLike$class.collect(TraversableLike.scala:282) [TraversableLike$class.class:?]
	at scala.collection.AbstractTraversable.collect(Traversable.scala:104) [AbstractTraversable.class:?]
	at li.cil.oc.common.EventHandler$.onWorldUnload(EventHandler.scala:446) [EventHandler$.class:?]
	at net.minecraftforge.fml.common.eventhandler.ASMEventHandler_1066_EventHandler$_onWorldUnload_Unload.invoke(.dynamic) [?:?]
	at net.minecraftforge.fml.common.eventhandler.ASMEventHandler.invoke(ASMEventHandler.java:90) [ASMEventHandler.class:?]
	at net.minecraftforge.fml.common.eventhandler.EventBus.post(EventBus.java:182) [EventBus.class:?]
	at net.minecraft.server.MinecraftServer.func_71260_j(MinecraftServer.java:452) [MinecraftServer.class:?]
	at net.minecraft.server.integrated.IntegratedServer.func_71260_j(IntegratedServer.java:372) [chd.class:?]
	at net.minecraft.server.MinecraftServer.run(MinecraftServer.java:579) [MinecraftServer.class:?]
	at java.lang.Thread.run(Thread.java:748) [?:1.8.0_242]
[15:14:36] [Server thread/WARN] [opencomputers]: A component of type 'li.cil.oc.server.component.WirelessNetworkCard$Tier2' threw an error while being disconnected from the component network.
java.lang.AssertionError: assertion failed
	at scala.Predef$.assert(Predef.scala:151) ~[Predef$.class:?]
	at li.cil.oc.util.RTree.remove(RTree.scala:37) ~[RTree.class:?]
	at li.cil.oc.server.network.WirelessNetwork$.remove(WirelessNetwork.scala:74) ~[WirelessNetwork$.class:?]
	at li.cil.oc.server.network.Network$.leaveWirelessNetwork(Network.scala:539) ~[Network$.class:?]
	at li.cil.oc.api.Network.leaveWirelessNetwork(Network.java:127) ~[Network.class:?]
	at li.cil.oc.server.component.WirelessNetworkCard.onDisconnect(WirelessNetworkCard.scala:118) ~[WirelessNetworkCard.class:?]
	at li.cil.oc.server.network.Node$class.onDisconnect(Node.scala:66) [Node$class.class:?]
	at li.cil.oc.server.network.Network$ComponentConnectorBuilder$$anon$1.li$cil$oc$server$network$Connector$$super$onDisconnect(Network.scala:636) [Network$ComponentConnectorBuilder$$anon$1.class:?]
	at li.cil.oc.server.network.Connector$class.onDisconnect(Connector.scala:114) [Connector$class.class:?]
	at li.cil.oc.server.network.Network$ComponentConnectorBuilder$$anon$1.onDisconnect(Network.scala:636) [Network$ComponentConnectorBuilder$$anon$1.class:?]
	at li.cil.oc.server.network.Network$$anonfun$remove$1.apply(Network.scala:146) [Network$$anonfun$remove$1.class:?]
	at li.cil.oc.server.network.Network$$anonfun$remove$1.apply(Network.scala:146) [Network$$anonfun$remove$1.class:?]
	at scala.collection.immutable.List.foreach(List.scala:383) [List.class:?]
	at li.cil.oc.server.network.Network.remove(Network.scala:146) [Network.class:?]
	at li.cil.oc.server.network.Network$Wrapper.remove(Network.scala:756) [Network$Wrapper.class:?]
	at li.cil.oc.server.network.Node$class.remove(Node.scala:50) [Node$class.class:?]
	at li.cil.oc.server.network.Network$ComponentConnectorBuilder$$anon$1.remove(Network.scala:636) [Network$ComponentConnectorBuilder$$anon$1.class:?]
	at li.cil.oc.common.inventory.ComponentInventory$$anonfun$disconnectComponents$1.applyOrElse(ComponentInventory.scala:95) [ComponentInventory$$anonfun$disconnectComponents$1.class:?]
	at li.cil.oc.common.inventory.ComponentInventory$$anonfun$disconnectComponents$1.applyOrElse(ComponentInventory.scala:92) [ComponentInventory$$anonfun$disconnectComponents$1.class:?]
	at scala.PartialFunction$$anonfun$runWith$1.apply(PartialFunction.scala:136) [PartialFunction$$anonfun$runWith$1.class:?]
	at scala.PartialFunction$$anonfun$runWith$1.apply(PartialFunction.scala:135) [PartialFunction$$anonfun$runWith$1.class:?]
	at scala.collection.IndexedSeqOptimized$class.foreach(IndexedSeqOptimized.scala:33) [IndexedSeqOptimized$class.class:?]
	at scala.collection.mutable.ArrayOps$ofRef.foreach(ArrayOps.scala:186) [ArrayOps$ofRef.class:?]
	at scala.collection.TraversableLike$class.collect(TraversableLike.scala:282) [TraversableLike$class.class:?]
	at scala.collection.mutable.ArrayOps$ofRef.collect(ArrayOps.scala:186) [ArrayOps$ofRef.class:?]
	at li.cil.oc.common.inventory.ComponentInventory$class.disconnectComponents(ComponentInventory.scala:92) [ComponentInventory$class.class:?]
	at li.cil.oc.common.tileentity.Robot.disconnectComponents(Robot.scala:65) [Robot.class:?]
	at li.cil.oc.common.tileentity.traits.ComponentInventory$class.onDisconnect(ComponentInventory.scala:152) [ComponentInventory$class.class:?]
	at li.cil.oc.common.tileentity.Robot.onMachineDisconnect(Robot.scala:544) [Robot.class:?]
	at li.cil.oc.server.machine.Machine.onDisconnect(Machine.scala:671) [Machine.class:?]
	at li.cil.oc.server.network.Node$class.onDisconnect(Node.scala:66) [Node$class.class:?]
	at li.cil.oc.server.network.Network$ComponentConnectorBuilder$$anon$1.li$cil$oc$server$network$Connector$$super$onDisconnect(Network.scala:636) [Network$ComponentConnectorBuilder$$anon$1.class:?]
	at li.cil.oc.server.network.Connector$class.onDisconnect(Connector.scala:114) [Connector$class.class:?]
	at li.cil.oc.server.network.Network$ComponentConnectorBuilder$$anon$1.onDisconnect(Network.scala:636) [Network$ComponentConnectorBuilder$$anon$1.class:?]
	at li.cil.oc.server.network.Network$$anonfun$remove$1.apply(Network.scala:146) [Network$$anonfun$remove$1.class:?]
	at li.cil.oc.server.network.Network$$anonfun$remove$1.apply(Network.scala:146) [Network$$anonfun$remove$1.class:?]
	at scala.collection.immutable.List.foreach(List.scala:383) [List.class:?]
	at li.cil.oc.server.network.Network.remove(Network.scala:146) [Network.class:?]
	at li.cil.oc.server.network.Network$Wrapper.remove(Network.scala:756) [Network$Wrapper.class:?]
	at li.cil.oc.server.network.Node$class.remove(Node.scala:50) [Node$class.class:?]
	at li.cil.oc.server.network.Network$ComponentConnectorBuilder$$anon$1.remove(Network.scala:636) [Network$ComponentConnectorBuilder$$anon$1.class:?]
	at li.cil.oc.common.tileentity.traits.Environment$$anonfun$dispose$1.apply(Environment.scala:47) [Environment$$anonfun$dispose$1.class:?]
	at li.cil.oc.common.tileentity.traits.Environment$$anonfun$dispose$1.apply(Environment.scala:47) [Environment$$anonfun$dispose$1.class:?]
	at scala.Option.foreach(Option.scala:245) [Option.class:?]
	at li.cil.oc.common.tileentity.traits.Environment$class.dispose(Environment.scala:47) [Environment$class.class:?]
	at li.cil.oc.common.tileentity.Robot.li$cil$oc$common$tileentity$traits$ComponentInventory$$super$dispose(Robot.scala:65) [Robot.class:?]
	at li.cil.oc.common.tileentity.traits.ComponentInventory$class.dispose(ComponentInventory.scala:136) [ComponentInventory$class.class:?]
	at li.cil.oc.common.tileentity.Robot.li$cil$oc$common$tileentity$traits$Computer$$super$dispose(Robot.scala:65) [Robot.class:?]
	at li.cil.oc.common.tileentity.traits.Computer$class.dispose(Computer.scala:130) [Computer$class.class:?]
	at li.cil.oc.common.tileentity.Robot.dispose(Robot.scala:402) [Robot.class:?]
	at li.cil.oc.common.tileentity.RobotProxy.dispose(RobotProxy.scala:172) [RobotProxy.class:?]
	at li.cil.oc.common.EventHandler$$anonfun$onWorldUnload$1.applyOrElse(EventHandler.scala:447) [EventHandler$$anonfun$onWorldUnload$1.class:?]
	at li.cil.oc.common.EventHandler$$anonfun$onWorldUnload$1.applyOrElse(EventHandler.scala:446) [EventHandler$$anonfun$onWorldUnload$1.class:?]
	at scala.PartialFunction$$anonfun$runWith$1.apply(PartialFunction.scala:136) [PartialFunction$$anonfun$runWith$1.class:?]
	at scala.PartialFunction$$anonfun$runWith$1.apply(PartialFunction.scala:135) [PartialFunction$$anonfun$runWith$1.class:?]
	at scala.collection.Iterator$class.foreach(Iterator.scala:743) [Iterator$class.class:?]
	at scala.collection.AbstractIterator.foreach(Iterator.scala:1174) [AbstractIterator.class:?]
	at scala.collection.IterableLike$class.foreach(IterableLike.scala:72) [IterableLike$class.class:?]
	at scala.collection.AbstractIterable.foreach(Iterable.scala:54) [AbstractIterable.class:?]
	at scala.collection.TraversableLike$class.collect(TraversableLike.scala:282) [TraversableLike$class.class:?]
	at scala.collection.AbstractTraversable.collect(Traversable.scala:104) [AbstractTraversable.class:?]
	at li.cil.oc.common.EventHandler$.onWorldUnload(EventHandler.scala:446) [EventHandler$.class:?]
	at net.minecraftforge.fml.common.eventhandler.ASMEventHandler_1066_EventHandler$_onWorldUnload_Unload.invoke(.dynamic) [?:?]
	at net.minecraftforge.fml.common.eventhandler.ASMEventHandler.invoke(ASMEventHandler.java:90) [ASMEventHandler.class:?]
	at net.minecraftforge.fml.common.eventhandler.EventBus.post(EventBus.java:182) [EventBus.class:?]
	at net.minecraft.server.MinecraftServer.func_71260_j(MinecraftServer.java:452) [MinecraftServer.class:?]
	at net.minecraft.server.integrated.IntegratedServer.func_71260_j(IntegratedServer.java:372) [chd.class:?]
	at net.minecraft.server.MinecraftServer.run(MinecraftServer.java:579) [MinecraftServer.class:?]
	at java.lang.Thread.run(Thread.java:748) [?:1.8.0_242]
[15:14:36] [Server thread/WARN] [opencomputers]: A component of type 'li.cil.oc.server.component.WirelessNetworkCard$Tier2' threw an error while being disconnected from the component network.
java.lang.AssertionError: assertion failed
	at scala.Predef$.assert(Predef.scala:151) ~[Predef$.class:?]
	at li.cil.oc.util.RTree.remove(RTree.scala:37) ~[RTree.class:?]
	at li.cil.oc.server.network.WirelessNetwork$.remove(WirelessNetwork.scala:74) ~[WirelessNetwork$.class:?]
	at li.cil.oc.server.network.Network$.leaveWirelessNetwork(Network.scala:539) ~[Network$.class:?]
	at li.cil.oc.api.Network.leaveWirelessNetwork(Network.java:127) ~[Network.class:?]
	at li.cil.oc.server.component.WirelessNetworkCard.onDisconnect(WirelessNetworkCard.scala:118) ~[WirelessNetworkCard.class:?]
	at li.cil.oc.server.network.Node$class.onDisconnect(Node.scala:66) [Node$class.class:?]
	at li.cil.oc.server.network.Network$ComponentConnectorBuilder$$anon$1.li$cil$oc$server$network$Connector$$super$onDisconnect(Network.scala:636) [Network$ComponentConnectorBuilder$$anon$1.class:?]
	at li.cil.oc.server.network.Connector$class.onDisconnect(Connector.scala:114) [Connector$class.class:?]
	at li.cil.oc.server.network.Network$ComponentConnectorBuilder$$anon$1.onDisconnect(Network.scala:636) [Network$ComponentConnectorBuilder$$anon$1.class:?]
	at li.cil.oc.server.network.Network$$anonfun$remove$1.apply(Network.scala:146) [Network$$anonfun$remove$1.class:?]
	at li.cil.oc.server.network.Network$$anonfun$remove$1.apply(Network.scala:146) [Network$$anonfun$remove$1.class:?]
	at scala.collection.immutable.List.foreach(List.scala:383) [List.class:?]
	at li.cil.oc.server.network.Network.remove(Network.scala:146) [Network.class:?]
	at li.cil.oc.server.network.Network$Wrapper.remove(Network.scala:756) [Network$Wrapper.class:?]
	at li.cil.oc.server.network.Node$class.remove(Node.scala:50) [Node$class.class:?]
	at li.cil.oc.server.network.Network$ComponentConnectorBuilder$$anon$1.remove(Network.scala:636) [Network$ComponentConnectorBuilder$$anon$1.class:?]
	at li.cil.oc.common.inventory.ComponentInventory$$anonfun$disconnectComponents$1.applyOrElse(ComponentInventory.scala:95) [ComponentInventory$$anonfun$disconnectComponents$1.class:?]
	at li.cil.oc.common.inventory.ComponentInventory$$anonfun$disconnectComponents$1.applyOrElse(ComponentInventory.scala:92) [ComponentInventory$$anonfun$disconnectComponents$1.class:?]
	at scala.PartialFunction$$anonfun$runWith$1.apply(PartialFunction.scala:136) [PartialFunction$$anonfun$runWith$1.class:?]
	at scala.PartialFunction$$anonfun$runWith$1.apply(PartialFunction.scala:135) [PartialFunction$$anonfun$runWith$1.class:?]
	at scala.collection.IndexedSeqOptimized$class.foreach(IndexedSeqOptimized.scala:33) [IndexedSeqOptimized$class.class:?]
	at scala.collection.mutable.ArrayOps$ofRef.foreach(ArrayOps.scala:186) [ArrayOps$ofRef.class:?]
	at scala.collection.TraversableLike$class.collect(TraversableLike.scala:282) [TraversableLike$class.class:?]
	at scala.collection.mutable.ArrayOps$ofRef.collect(ArrayOps.scala:186) [ArrayOps$ofRef.class:?]
	at li.cil.oc.common.inventory.ComponentInventory$class.disconnectComponents(ComponentInventory.scala:92) [ComponentInventory$class.class:?]
	at li.cil.oc.common.tileentity.Robot.disconnectComponents(Robot.scala:65) [Robot.class:?]
	at li.cil.oc.common.tileentity.traits.ComponentInventory$class.onDisconnect(ComponentInventory.scala:152) [ComponentInventory$class.class:?]
	at li.cil.oc.common.tileentity.Robot.onMachineDisconnect(Robot.scala:544) [Robot.class:?]
	at li.cil.oc.server.machine.Machine.onDisconnect(Machine.scala:671) [Machine.class:?]
	at li.cil.oc.server.network.Node$class.onDisconnect(Node.scala:66) [Node$class.class:?]
	at li.cil.oc.server.network.Network$ComponentConnectorBuilder$$anon$1.li$cil$oc$server$network$Connector$$super$onDisconnect(Network.scala:636) [Network$ComponentConnectorBuilder$$anon$1.class:?]
	at li.cil.oc.server.network.Connector$class.onDisconnect(Connector.scala:114) [Connector$class.class:?]
	at li.cil.oc.server.network.Network$ComponentConnectorBuilder$$anon$1.onDisconnect(Network.scala:636) [Network$ComponentConnectorBuilder$$anon$1.class:?]
	at li.cil.oc.server.network.Network$$anonfun$remove$1.apply(Network.scala:146) [Network$$anonfun$remove$1.class:?]
	at li.cil.oc.server.network.Network$$anonfun$remove$1.apply(Network.scala:146) [Network$$anonfun$remove$1.class:?]
	at scala.collection.immutable.List.foreach(List.scala:383) [List.class:?]
	at li.cil.oc.server.network.Network.remove(Network.scala:146) [Network.class:?]
	at li.cil.oc.server.network.Network$Wrapper.remove(Network.scala:756) [Network$Wrapper.class:?]
	at li.cil.oc.server.network.Node$class.remove(Node.scala:50) [Node$class.class:?]
	at li.cil.oc.server.network.Network$ComponentConnectorBuilder$$anon$1.remove(Network.scala:636) [Network$ComponentConnectorBuilder$$anon$1.class:?]
	at li.cil.oc.common.tileentity.traits.Environment$$anonfun$dispose$1.apply(Environment.scala:47) [Environment$$anonfun$dispose$1.class:?]
	at li.cil.oc.common.tileentity.traits.Environment$$anonfun$dispose$1.apply(Environment.scala:47) [Environment$$anonfun$dispose$1.class:?]
	at scala.Option.foreach(Option.scala:245) [Option.class:?]
	at li.cil.oc.common.tileentity.traits.Environment$class.dispose(Environment.scala:47) [Environment$class.class:?]
	at li.cil.oc.common.tileentity.Robot.li$cil$oc$common$tileentity$traits$ComponentInventory$$super$dispose(Robot.scala:65) [Robot.class:?]
	at li.cil.oc.common.tileentity.traits.ComponentInventory$class.dispose(ComponentInventory.scala:136) [ComponentInventory$class.class:?]
	at li.cil.oc.common.tileentity.Robot.li$cil$oc$common$tileentity$traits$Computer$$super$dispose(Robot.scala:65) [Robot.class:?]
	at li.cil.oc.common.tileentity.traits.Computer$class.dispose(Computer.scala:130) [Computer$class.class:?]
	at li.cil.oc.common.tileentity.Robot.dispose(Robot.scala:402) [Robot.class:?]
	at li.cil.oc.common.tileentity.RobotProxy.dispose(RobotProxy.scala:172) [RobotProxy.class:?]
	at li.cil.oc.common.EventHandler$$anonfun$onWorldUnload$1.applyOrElse(EventHandler.scala:447) [EventHandler$$anonfun$onWorldUnload$1.class:?]
	at li.cil.oc.common.EventHandler$$anonfun$onWorldUnload$1.applyOrElse(EventHandler.scala:446) [EventHandler$$anonfun$onWorldUnload$1.class:?]
	at scala.PartialFunction$$anonfun$runWith$1.apply(PartialFunction.scala:136) [PartialFunction$$anonfun$runWith$1.class:?]
	at scala.PartialFunction$$anonfun$runWith$1.apply(PartialFunction.scala:135) [PartialFunction$$anonfun$runWith$1.class:?]
	at scala.collection.Iterator$class.foreach(Iterator.scala:743) [Iterator$class.class:?]
	at scala.collection.AbstractIterator.foreach(Iterator.scala:1174) [AbstractIterator.class:?]
	at scala.collection.IterableLike$class.foreach(IterableLike.scala:72) [IterableLike$class.class:?]
	at scala.collection.AbstractIterable.foreach(Iterable.scala:54) [AbstractIterable.class:?]
	at scala.collection.TraversableLike$class.collect(TraversableLike.scala:282) [TraversableLike$class.class:?]
	at scala.collection.AbstractTraversable.collect(Traversable.scala:104) [AbstractTraversable.class:?]
	at li.cil.oc.common.EventHandler$.onWorldUnload(EventHandler.scala:446) [EventHandler$.class:?]
	at net.minecraftforge.fml.common.eventhandler.ASMEventHandler_1066_EventHandler$_onWorldUnload_Unload.invoke(.dynamic) [?:?]
	at net.minecraftforge.fml.common.eventhandler.ASMEventHandler.invoke(ASMEventHandler.java:90) [ASMEventHandler.class:?]
	at net.minecraftforge.fml.common.eventhandler.EventBus.post(EventBus.java:182) [EventBus.class:?]
	at net.minecraft.server.MinecraftServer.func_71260_j(MinecraftServer.java:452) [MinecraftServer.class:?]
	at net.minecraft.server.integrated.IntegratedServer.func_71260_j(IntegratedServer.java:372) [chd.class:?]
	at net.minecraft.server.MinecraftServer.run(MinecraftServer.java:579) [MinecraftServer.class:?]
	at java.lang.Thread.run(Thread.java:748) [?:1.8.0_242]
[15:14:36] [Server thread/INFO] [FML]: Unloading dimension 0
[15:14:36] [Server thread/INFO] [FML]: Unloading dimension -9999
[15:14:36] [Server thread/INFO] [FML]: Unloading dimension -2
[15:14:39] [Server thread/INFO] [FML]: Applying holder lookups
[15:14:39] [Server thread/INFO] [FML]: Holder lookups applied
[15:14:39] [Server thread/INFO] [mcjtylib_ng]: Cleaning up all world data: 0 data blobs
[15:14:39] [Server thread/INFO] [STDOUT]: [exterminatorjeff.undergroundbiomes.intermod.OresRegistry:recheckPile:352]: Blocks queued for redo: 0
[15:14:39] [Server thread/INFO] [undergroundbiomes]: [UndergroundBiomes] Server Stopped
[15:14:54] [Client thread/INFO] [net.minecraft.client.Minecraft]: Stopping!
[15:14:54] [Client thread/INFO] [net.minecraft.client.audio.SoundManager]: SoundSystem shutting down...
[15:14:54] [Client thread/WARN] [net.minecraft.client.audio.SoundManager]: Author: Paul Lamb, www.paulscode.com
